<?xml version="1.0" encoding="UTF-8"?>
<testsuites>
  <testsuite name="/app/phpunit.xml" tests="406" assertions="1088" errors="0" failures="0" skipped="0" time="26.751472">
    <testsuite name="Unit" tests="215" assertions="718" errors="0" failures="0" skipped="0" time="5.709749">
      <testsuite name="Tests\Unit\ExampleTest" file="/app/tests/Unit/ExampleTest.php" tests="1" assertions="1" errors="0" failures="0" skipped="0" time="0.116185">
        <testcase name="test_that_true_is_true" file="/app/tests/Unit/ExampleTest.php" line="11" class="Tests\Unit\ExampleTest" classname="Tests.Unit.ExampleTest" assertions="1" time="0.116185"/>
      </testsuite>
      <testsuite name="Tests\Unit\Playground\Models\Model\ModelTest" file="/app/vendor/gammamatrix/playground/tests/Unit/Models/Model/ModelTest.php" tests="5" assertions="5" errors="0" failures="0" skipped="0" time="0.364962">
        <testcase name="test_WithChildren_children_returns_HasMany" file="/app/vendor/gammamatrix/playground/tests/Unit/Models/Model/ModelTest.php" line="19" class="Tests\Unit\Playground\Models\Model\ModelTest" classname="Tests.Unit.Playground.Models.Model.ModelTest" assertions="1" time="0.270183"/>
        <testcase name="test_WithCreator_creator_returns_HasOne" file="/app/vendor/gammamatrix/playground/tests/Unit/Models/Model/ModelTest.php" line="26" class="Tests\Unit\Playground\Models\Model\ModelTest" classname="Tests.Unit.Playground.Models.Model.ModelTest" assertions="1" time="0.029346"/>
        <testcase name="test_WithModifier_modifier_returns_HasOne" file="/app/vendor/gammamatrix/playground/tests/Unit/Models/Model/ModelTest.php" line="33" class="Tests\Unit\Playground\Models\Model\ModelTest" classname="Tests.Unit.Playground.Models.Model.ModelTest" assertions="1" time="0.021298"/>
        <testcase name="test_WithOwner_owner_returns_HasOne" file="/app/vendor/gammamatrix/playground/tests/Unit/Models/Model/ModelTest.php" line="40" class="Tests\Unit\Playground\Models\Model\ModelTest" classname="Tests.Unit.Playground.Models.Model.ModelTest" assertions="1" time="0.021157"/>
        <testcase name="test_WithParent_parent_returns_HasOne" file="/app/vendor/gammamatrix/playground/tests/Unit/Models/Model/ModelTest.php" line="47" class="Tests\Unit\Playground\Models\Model\ModelTest" classname="Tests.Unit.Playground.Models.Model.ModelTest" assertions="1" time="0.022977"/>
      </testsuite>
      <testsuite name="Tests\Unit\Playground\Models\Scopes\ScopeFilterColumns\ModelTest" file="/app/vendor/gammamatrix/playground/tests/Unit/Models/Scopes/ScopeFilterColumns/ModelTest.php" tests="15" assertions="150" errors="0" failures="0" skipped="0" time="0.345011">
        <testcase name="test_scopeFilterColumns_returns_query_without_columns_or_filters" file="/app/vendor/gammamatrix/playground/tests/Unit/Models/Scopes/ScopeFilterColumns/ModelTest.php" line="36" class="Tests\Unit\Playground\Models\Scopes\ScopeFilterColumns\ModelTest" classname="Tests.Unit.Playground.Models.Scopes.ScopeFilterColumns.ModelTest" assertions="2" time="0.028251"/>
        <testcase name="test_scopeFilterColumns_returns_query_without_filters" file="/app/vendor/gammamatrix/playground/tests/Unit/Models/Scopes/ScopeFilterColumns/ModelTest.php" line="52" class="Tests\Unit\Playground\Models\Scopes\ScopeFilterColumns\ModelTest" classname="Tests.Unit.Playground.Models.Scopes.ScopeFilterColumns.ModelTest" assertions="4" time="0.022198"/>
        <testcase name="test_scopeFilterColumns_returns_query_with_invalid_column" file="/app/vendor/gammamatrix/playground/tests/Unit/Models/Scopes/ScopeFilterColumns/ModelTest.php" line="75" class="Tests\Unit\Playground\Models\Scopes\ScopeFilterColumns\ModelTest" classname="Tests.Unit.Playground.Models.Scopes.ScopeFilterColumns.ModelTest" assertions="4" time="0.022772"/>
        <testcase name="test_scopeFilterColumns_returns_query_with_filters_without_meta_for_strings" file="/app/vendor/gammamatrix/playground/tests/Unit/Models/Scopes/ScopeFilterColumns/ModelTest.php" line="105" class="Tests\Unit\Playground\Models\Scopes\ScopeFilterColumns\ModelTest" classname="Tests.Unit.Playground.Models.Scopes.ScopeFilterColumns.ModelTest" assertions="8" time="0.022351"/>
        <testcase name="test_scopeFilterColumns_returns_query_with_null_comparison_and_ignore" file="/app/vendor/gammamatrix/playground/tests/Unit/Models/Scopes/ScopeFilterColumns/ModelTest.php" line="143" class="Tests\Unit\Playground\Models\Scopes\ScopeFilterColumns\ModelTest" classname="Tests.Unit.Playground.Models.Scopes.ScopeFilterColumns.ModelTest" assertions="4" time="0.022174"/>
        <testcase name="test_scopeFilterColumns_returns_query_with_comparison" file="/app/vendor/gammamatrix/playground/tests/Unit/Models/Scopes/ScopeFilterColumns/ModelTest.php" line="174" class="Tests\Unit\Playground\Models\Scopes\ScopeFilterColumns\ModelTest" classname="Tests.Unit.Playground.Models.Scopes.ScopeFilterColumns.ModelTest" assertions="6" time="0.021991"/>
        <testcase name="test_scopeFilterColumns_with_boolean_filter_type_and_null_value" file="/app/vendor/gammamatrix/playground/tests/Unit/Models/Scopes/ScopeFilterColumns/ModelTest.php" line="206" class="Tests\Unit\Playground\Models\Scopes\ScopeFilterColumns\ModelTest" classname="Tests.Unit.Playground.Models.Scopes.ScopeFilterColumns.ModelTest" assertions="6" time="0.022276"/>
        <testcase name="test_scopeFilterColumns_with_boolean_filter_type_and_true_value" file="/app/vendor/gammamatrix/playground/tests/Unit/Models/Scopes/ScopeFilterColumns/ModelTest.php" line="240" class="Tests\Unit\Playground\Models\Scopes\ScopeFilterColumns\ModelTest" classname="Tests.Unit.Playground.Models.Scopes.ScopeFilterColumns.ModelTest" assertions="6" time="0.022111"/>
        <testcase name="test_scopeFilterColumns_with_boolean_filter_type_and_false_value" file="/app/vendor/gammamatrix/playground/tests/Unit/Models/Scopes/ScopeFilterColumns/ModelTest.php" line="274" class="Tests\Unit\Playground\Models\Scopes\ScopeFilterColumns\ModelTest" classname="Tests.Unit.Playground.Models.Scopes.ScopeFilterColumns.ModelTest" assertions="6" time="0.022042"/>
        <testcase name="test_scopeFilterColumns_with_filter_operator_without_operator_and_default_to_like" file="/app/vendor/gammamatrix/playground/tests/Unit/Models/Scopes/ScopeFilterColumns/ModelTest.php" line="308" class="Tests\Unit\Playground\Models\Scopes\ScopeFilterColumns\ModelTest" classname="Tests.Unit.Playground.Models.Scopes.ScopeFilterColumns.ModelTest" assertions="6" time="0.021876"/>
        <testcase name="test_scopeFilterColumns_with_filter_operators" file="/app/vendor/gammamatrix/playground/tests/Unit/Models/Scopes/ScopeFilterColumns/ModelTest.php" line="342" class="Tests\Unit\Playground\Models\Scopes\ScopeFilterColumns\ModelTest" classname="Tests.Unit.Playground.Models.Scopes.ScopeFilterColumns.ModelTest" assertions="74" time="0.029252"/>
        <testcase name="test_scopeFilterColumns_with_between_filter_operator_without_single_parameter_and_ignore_between" file="/app/vendor/gammamatrix/playground/tests/Unit/Models/Scopes/ScopeFilterColumns/ModelTest.php" line="429" class="Tests\Unit\Playground\Models\Scopes\ScopeFilterColumns\ModelTest" classname="Tests.Unit.Playground.Models.Scopes.ScopeFilterColumns.ModelTest" assertions="4" time="0.021946"/>
        <testcase name="test_scopeFilterColumns_with_between_filter_operator" file="/app/vendor/gammamatrix/playground/tests/Unit/Models/Scopes/ScopeFilterColumns/ModelTest.php" line="462" class="Tests\Unit\Playground\Models\Scopes\ScopeFilterColumns\ModelTest" classname="Tests.Unit.Playground.Models.Scopes.ScopeFilterColumns.ModelTest" assertions="8" time="0.022030"/>
        <testcase name="test_scopeFilterColumns_with_not_between_filter_operator_without_single_parameter_and_ignore_between" file="/app/vendor/gammamatrix/playground/tests/Unit/Models/Scopes/ScopeFilterColumns/ModelTest.php" line="499" class="Tests\Unit\Playground\Models\Scopes\ScopeFilterColumns\ModelTest" classname="Tests.Unit.Playground.Models.Scopes.ScopeFilterColumns.ModelTest" assertions="4" time="0.021784"/>
        <testcase name="test_scopeFilterColumns_with_not_between_filter_operator" file="/app/vendor/gammamatrix/playground/tests/Unit/Models/Scopes/ScopeFilterColumns/ModelTest.php" line="532" class="Tests\Unit\Playground\Models\Scopes\ScopeFilterColumns\ModelTest" classname="Tests.Unit.Playground.Models.Scopes.ScopeFilterColumns.ModelTest" assertions="8" time="0.021957"/>
      </testsuite>
      <testsuite name="Tests\Unit\Playground\Models\Scopes\ScopeFilterDates\ModelTest" file="/app/vendor/gammamatrix/playground/tests/Unit/Models/Scopes/ScopeFilterDates/ModelTest.php" tests="18" assertions="160" errors="0" failures="0" skipped="0" time="0.421062">
        <testcase name="test_scopeFilterDates_returns_query_without_dates_or_filters" file="/app/vendor/gammamatrix/playground/tests/Unit/Models/Scopes/ScopeFilterDates/ModelTest.php" line="36" class="Tests\Unit\Playground\Models\Scopes\ScopeFilterDates\ModelTest" classname="Tests.Unit.Playground.Models.Scopes.ScopeFilterDates.ModelTest" assertions="2" time="0.021394"/>
        <testcase name="test_scopeFilterDates_returns_query_without_filters" file="/app/vendor/gammamatrix/playground/tests/Unit/Models/Scopes/ScopeFilterDates/ModelTest.php" line="52" class="Tests\Unit\Playground\Models\Scopes\ScopeFilterDates\ModelTest" classname="Tests.Unit.Playground.Models.Scopes.ScopeFilterDates.ModelTest" assertions="4" time="0.021790"/>
        <testcase name="test_scopeFilterDates_returns_query_with_invalid_column" file="/app/vendor/gammamatrix/playground/tests/Unit/Models/Scopes/ScopeFilterDates/ModelTest.php" line="75" class="Tests\Unit\Playground\Models\Scopes\ScopeFilterDates\ModelTest" classname="Tests.Unit.Playground.Models.Scopes.ScopeFilterDates.ModelTest" assertions="4" time="0.022432"/>
        <testcase name="test_scopeFilterDates_returns_query_with_filters_without_meta_for_strings" file="/app/vendor/gammamatrix/playground/tests/Unit/Models/Scopes/ScopeFilterDates/ModelTest.php" line="105" class="Tests\Unit\Playground\Models\Scopes\ScopeFilterDates\ModelTest" classname="Tests.Unit.Playground.Models.Scopes.ScopeFilterDates.ModelTest" assertions="6" time="0.024379"/>
        <testcase name="test_scopeFilterDates_returns_query_with_null_comparison_and_ignore" file="/app/vendor/gammamatrix/playground/tests/Unit/Models/Scopes/ScopeFilterDates/ModelTest.php" line="140" class="Tests\Unit\Playground\Models\Scopes\ScopeFilterDates\ModelTest" classname="Tests.Unit.Playground.Models.Scopes.ScopeFilterDates.ModelTest" assertions="4" time="0.021988"/>
        <testcase name="test_scopeFilterDates_returns_query_with_null_comparison_and_allow" file="/app/vendor/gammamatrix/playground/tests/Unit/Models/Scopes/ScopeFilterDates/ModelTest.php" line="175" class="Tests\Unit\Playground\Models\Scopes\ScopeFilterDates\ModelTest" classname="Tests.Unit.Playground.Models.Scopes.ScopeFilterDates.ModelTest" assertions="4" time="0.021900"/>
        <testcase name="test_scopeFilterDates_returns_query_with_comparison" file="/app/vendor/gammamatrix/playground/tests/Unit/Models/Scopes/ScopeFilterDates/ModelTest.php" line="210" class="Tests\Unit\Playground\Models\Scopes\ScopeFilterDates\ModelTest" classname="Tests.Unit.Playground.Models.Scopes.ScopeFilterDates.ModelTest" assertions="6" time="0.022653"/>
        <testcase name="test_scopeFilterDates_returns_query_with_wildcard" file="/app/vendor/gammamatrix/playground/tests/Unit/Models/Scopes/ScopeFilterDates/ModelTest.php" line="243" class="Tests\Unit\Playground\Models\Scopes\ScopeFilterDates\ModelTest" classname="Tests.Unit.Playground.Models.Scopes.ScopeFilterDates.ModelTest" assertions="6" time="0.023863"/>
        <testcase name="test_scopeFilterDates_returns_query_with_operator_wildcard" file="/app/vendor/gammamatrix/playground/tests/Unit/Models/Scopes/ScopeFilterDates/ModelTest.php" line="275" class="Tests\Unit\Playground\Models\Scopes\ScopeFilterDates\ModelTest" classname="Tests.Unit.Playground.Models.Scopes.ScopeFilterDates.ModelTest" assertions="6" time="0.022070"/>
        <testcase name="test_scopeFilterDates_returns_query_with_object_value_and_ignore" file="/app/vendor/gammamatrix/playground/tests/Unit/Models/Scopes/ScopeFilterDates/ModelTest.php" line="309" class="Tests\Unit\Playground\Models\Scopes\ScopeFilterDates\ModelTest" classname="Tests.Unit.Playground.Models.Scopes.ScopeFilterDates.ModelTest" assertions="4" time="0.027164"/>
        <testcase name="test_scopeFilterDates_returns_query_with_unnullable_value_and_ignore" file="/app/vendor/gammamatrix/playground/tests/Unit/Models/Scopes/ScopeFilterDates/ModelTest.php" line="342" class="Tests\Unit\Playground\Models\Scopes\ScopeFilterDates\ModelTest" classname="Tests.Unit.Playground.Models.Scopes.ScopeFilterDates.ModelTest" assertions="4" time="0.022025"/>
        <testcase name="test_scopeFilterDates_returns_query_with_invalid_operator_and_use_like" file="/app/vendor/gammamatrix/playground/tests/Unit/Models/Scopes/ScopeFilterDates/ModelTest.php" line="374" class="Tests\Unit\Playground\Models\Scopes\ScopeFilterDates\ModelTest" classname="Tests.Unit.Playground.Models.Scopes.ScopeFilterDates.ModelTest" assertions="6" time="0.022727"/>
        <testcase name="test_scopeFilterDates_returns_query_with_invalid_parsable_value_and_ignore" file="/app/vendor/gammamatrix/playground/tests/Unit/Models/Scopes/ScopeFilterDates/ModelTest.php" line="412" class="Tests\Unit\Playground\Models\Scopes\ScopeFilterDates\ModelTest" classname="Tests.Unit.Playground.Models.Scopes.ScopeFilterDates.ModelTest" assertions="4" time="0.022424"/>
        <testcase name="test_scopeFilterDates_returns_query_with_short_date_and_gte_operator" file="/app/vendor/gammamatrix/playground/tests/Unit/Models/Scopes/ScopeFilterDates/ModelTest.php" line="445" class="Tests\Unit\Playground\Models\Scopes\ScopeFilterDates\ModelTest" classname="Tests.Unit.Playground.Models.Scopes.ScopeFilterDates.ModelTest" assertions="6" time="0.022205"/>
        <testcase name="test_scopeFilterDates_returns_query_with_phrase_date_and_automatically_parse" file="/app/vendor/gammamatrix/playground/tests/Unit/Models/Scopes/ScopeFilterDates/ModelTest.php" line="480" class="Tests\Unit\Playground\Models\Scopes\ScopeFilterDates\ModelTest" classname="Tests.Unit.Playground.Models.Scopes.ScopeFilterDates.ModelTest" assertions="6" time="0.022551"/>
        <testcase name="test_scopeFilterDates_with_between_filter_operator_with_parse" file="/app/vendor/gammamatrix/playground/tests/Unit/Models/Scopes/ScopeFilterDates/ModelTest.php" line="518" class="Tests\Unit\Playground\Models\Scopes\ScopeFilterDates\ModelTest" classname="Tests.Unit.Playground.Models.Scopes.ScopeFilterDates.ModelTest" assertions="7" time="0.022202"/>
        <testcase name="test_scopeFilterDates_with_not_between_filter_operator_with_parse" file="/app/vendor/gammamatrix/playground/tests/Unit/Models/Scopes/ScopeFilterDates/ModelTest.php" line="563" class="Tests\Unit\Playground\Models\Scopes\ScopeFilterDates\ModelTest" classname="Tests.Unit.Playground.Models.Scopes.ScopeFilterDates.ModelTest" assertions="7" time="0.026991"/>
        <testcase name="test_scopeFilterDates_with_filter_operators" file="/app/vendor/gammamatrix/playground/tests/Unit/Models/Scopes/ScopeFilterDates/ModelTest.php" line="608" class="Tests\Unit\Playground\Models\Scopes\ScopeFilterDates\ModelTest" classname="Tests.Unit.Playground.Models.Scopes.ScopeFilterDates.ModelTest" assertions="74" time="0.030303"/>
      </testsuite>
      <testsuite name="Tests\Unit\Playground\Models\Scopes\ScopeFilterFlags\ModelTest" file="/app/vendor/gammamatrix/playground/tests/Unit/Models/Scopes/ScopeFilterFlags/ModelTest.php" tests="3" assertions="14" errors="0" failures="0" skipped="0" time="0.067006">
        <testcase name="test_scopeFilterFlags_returns_query_without_flags_or_filters" file="/app/vendor/gammamatrix/playground/tests/Unit/Models/Scopes/ScopeFilterFlags/ModelTest.php" line="36" class="Tests\Unit\Playground\Models\Scopes\ScopeFilterFlags\ModelTest" classname="Tests.Unit.Playground.Models.Scopes.ScopeFilterFlags.ModelTest" assertions="2" time="0.022261"/>
        <testcase name="test_scopeFilterFlags_returns_query_without_filters" file="/app/vendor/gammamatrix/playground/tests/Unit/Models/Scopes/ScopeFilterFlags/ModelTest.php" line="52" class="Tests\Unit\Playground\Models\Scopes\ScopeFilterFlags\ModelTest" classname="Tests.Unit.Playground.Models.Scopes.ScopeFilterFlags.ModelTest" assertions="4" time="0.022328"/>
        <testcase name="test_scopeFilterFlags_returns_query_with_filters" file="/app/vendor/gammamatrix/playground/tests/Unit/Models/Scopes/ScopeFilterFlags/ModelTest.php" line="75" class="Tests\Unit\Playground\Models\Scopes\ScopeFilterFlags\ModelTest" classname="Tests.Unit.Playground.Models.Scopes.ScopeFilterFlags.ModelTest" assertions="8" time="0.022417"/>
      </testsuite>
      <testsuite name="Tests\Unit\Playground\Models\Scopes\ScopeFilterIds\ModelTest" file="/app/vendor/gammamatrix/playground/tests/Unit/Models/Scopes/ScopeFilterIds/ModelTest.php" tests="11" assertions="70" errors="0" failures="0" skipped="0" time="0.270066">
        <testcase name="test_scopeFilterIds_returns_query_without_ids_or_filters" file="/app/vendor/gammamatrix/playground/tests/Unit/Models/Scopes/ScopeFilterIds/ModelTest.php" line="36" class="Tests\Unit\Playground\Models\Scopes\ScopeFilterIds\ModelTest" classname="Tests.Unit.Playground.Models.Scopes.ScopeFilterIds.ModelTest" assertions="2" time="0.023495"/>
        <testcase name="test_scopeFilterIds_returns_query_without_filters" file="/app/vendor/gammamatrix/playground/tests/Unit/Models/Scopes/ScopeFilterIds/ModelTest.php" line="52" class="Tests\Unit\Playground\Models\Scopes\ScopeFilterIds\ModelTest" classname="Tests.Unit.Playground.Models.Scopes.ScopeFilterIds.ModelTest" assertions="4" time="0.021589"/>
        <testcase name="test_scopeFilterIds_returns_query_with_invalid_column" file="/app/vendor/gammamatrix/playground/tests/Unit/Models/Scopes/ScopeFilterIds/ModelTest.php" line="75" class="Tests\Unit\Playground\Models\Scopes\ScopeFilterIds\ModelTest" classname="Tests.Unit.Playground.Models.Scopes.ScopeFilterIds.ModelTest" assertions="4" time="0.022139"/>
        <testcase name="test_scopeFilterIds_returns_query_with_null_comparison" file="/app/vendor/gammamatrix/playground/tests/Unit/Models/Scopes/ScopeFilterIds/ModelTest.php" line="105" class="Tests\Unit\Playground\Models\Scopes\ScopeFilterIds\ModelTest" classname="Tests.Unit.Playground.Models.Scopes.ScopeFilterIds.ModelTest" assertions="4" time="0.022492"/>
        <testcase name="test_scopeFilterIds_returns_query_with_comparison" file="/app/vendor/gammamatrix/playground/tests/Unit/Models/Scopes/ScopeFilterIds/ModelTest.php" line="136" class="Tests\Unit\Playground\Models\Scopes\ScopeFilterIds\ModelTest" classname="Tests.Unit.Playground.Models.Scopes.ScopeFilterIds.ModelTest" assertions="6" time="0.022222"/>
        <testcase name="test_scopeFilterIds_returns_query_with_filters_array" file="/app/vendor/gammamatrix/playground/tests/Unit/Models/Scopes/ScopeFilterIds/ModelTest.php" line="168" class="Tests\Unit\Playground\Models\Scopes\ScopeFilterIds\ModelTest" classname="Tests.Unit.Playground.Models.Scopes.ScopeFilterIds.ModelTest" assertions="10" time="0.040175"/>
        <testcase name="test_scopeFilterIds_returns_query_with_filters_with_integer" file="/app/vendor/gammamatrix/playground/tests/Unit/Models/Scopes/ScopeFilterIds/ModelTest.php" line="218" class="Tests\Unit\Playground\Models\Scopes\ScopeFilterIds\ModelTest" classname="Tests.Unit.Playground.Models.Scopes.ScopeFilterIds.ModelTest" assertions="6" time="0.023494"/>
        <testcase name="test_scopeFilterIds_returns_query_with_array_of_ids_without_type" file="/app/vendor/gammamatrix/playground/tests/Unit/Models/Scopes/ScopeFilterIds/ModelTest.php" line="259" class="Tests\Unit\Playground\Models\Scopes\ScopeFilterIds\ModelTest" classname="Tests.Unit.Playground.Models.Scopes.ScopeFilterIds.ModelTest" assertions="10" time="0.023929"/>
        <testcase name="test_scopeFilterIds_returns_query_with_array_of_uuids_for_integer_type_ids_and_ignore" file="/app/vendor/gammamatrix/playground/tests/Unit/Models/Scopes/ScopeFilterIds/ModelTest.php" line="307" class="Tests\Unit\Playground\Models\Scopes\ScopeFilterIds\ModelTest" classname="Tests.Unit.Playground.Models.Scopes.ScopeFilterIds.ModelTest" assertions="4" time="0.023550"/>
        <testcase name="test_scopeFilterIds_returns_query_with_array_of_integer_ids_ignore_duplicate_id" file="/app/vendor/gammamatrix/playground/tests/Unit/Models/Scopes/ScopeFilterIds/ModelTest.php" line="348" class="Tests\Unit\Playground\Models\Scopes\ScopeFilterIds\ModelTest" classname="Tests.Unit.Playground.Models.Scopes.ScopeFilterIds.ModelTest" assertions="8" time="0.022229"/>
        <testcase name="test_scopeFilterIds_returns_query_with_filters_with_null_and_string_and_array" file="/app/vendor/gammamatrix/playground/tests/Unit/Models/Scopes/ScopeFilterIds/ModelTest.php" line="394" class="Tests\Unit\Playground\Models\Scopes\ScopeFilterIds\ModelTest" classname="Tests.Unit.Playground.Models.Scopes.ScopeFilterIds.ModelTest" assertions="12" time="0.024752"/>
      </testsuite>
      <testsuite name="Tests\Unit\Playground\Models\Scopes\ScopeFilterTrash\ModelTest" file="/app/vendor/gammamatrix/playground/tests/Unit/Models/Scopes/ScopeFilterTrash/ModelTest.php" tests="3" assertions="6" errors="0" failures="0" skipped="0" time="0.065642">
        <testcase name="test_scopeFilterTrash_returns_query_with_empty_visibility" file="/app/vendor/gammamatrix/playground/tests/Unit/Models/Scopes/ScopeFilterTrash/ModelTest.php" line="36" class="Tests\Unit\Playground\Models\Scopes\ScopeFilterTrash\ModelTest" classname="Tests.Unit.Playground.Models.Scopes.ScopeFilterTrash.ModelTest" assertions="2" time="0.021856"/>
        <testcase name="test_scopeFilterTrash_returns_query_with_trash" file="/app/vendor/gammamatrix/playground/tests/Unit/Models/Scopes/ScopeFilterTrash/ModelTest.php" line="52" class="Tests\Unit\Playground\Models\Scopes\ScopeFilterTrash\ModelTest" classname="Tests.Unit.Playground.Models.Scopes.ScopeFilterTrash.ModelTest" assertions="2" time="0.022080"/>
        <testcase name="test_scopeFilterTrash_returns_query_with_only_trash" file="/app/vendor/gammamatrix/playground/tests/Unit/Models/Scopes/ScopeFilterTrash/ModelTest.php" line="70" class="Tests\Unit\Playground\Models\Scopes\ScopeFilterTrash\ModelTest" classname="Tests.Unit.Playground.Models.Scopes.ScopeFilterTrash.ModelTest" assertions="2" time="0.021706"/>
      </testsuite>
      <testsuite name="Tests\Unit\Playground\Models\Scopes\ScopeSort\ModelTest" file="/app/vendor/gammamatrix/playground/tests/Unit/Models/Scopes/ScopeSort/ModelTest.php" tests="11" assertions="23" errors="0" failures="0" skipped="0" time="0.243871">
        <testcase name="test_scopeSort_returns_query_with_empty_sort" file="/app/vendor/gammamatrix/playground/tests/Unit/Models/Scopes/ScopeSort/ModelTest.php" line="36" class="Tests\Unit\Playground\Models\Scopes\ScopeSort\ModelTest" classname="Tests.Unit.Playground.Models.Scopes.ScopeSort.ModelTest" assertions="3" time="0.022081"/>
        <testcase name="test_scopeSort_returns_query_with_array_boolean_sort_asc" file="/app/vendor/gammamatrix/playground/tests/Unit/Models/Scopes/ScopeSort/ModelTest.php" line="54" class="Tests\Unit\Playground\Models\Scopes\ScopeSort\ModelTest" classname="Tests.Unit.Playground.Models.Scopes.ScopeSort.ModelTest" assertions="2" time="0.024338"/>
        <testcase name="test_scopeSort_returns_query_with_array_boolean_sort_desc" file="/app/vendor/gammamatrix/playground/tests/Unit/Models/Scopes/ScopeSort/ModelTest.php" line="74" class="Tests\Unit\Playground\Models\Scopes\ScopeSort\ModelTest" classname="Tests.Unit.Playground.Models.Scopes.ScopeSort.ModelTest" assertions="2" time="0.021910"/>
        <testcase name="test_scopeSort_returns_query_with_array_boolean_sort_pair" file="/app/vendor/gammamatrix/playground/tests/Unit/Models/Scopes/ScopeSort/ModelTest.php" line="94" class="Tests\Unit\Playground\Models\Scopes\ScopeSort\ModelTest" classname="Tests.Unit.Playground.Models.Scopes.ScopeSort.ModelTest" assertions="2" time="0.021863"/>
        <testcase name="test_scopeSort_returns_query_with_array_boolean_sort_triplet" file="/app/vendor/gammamatrix/playground/tests/Unit/Models/Scopes/ScopeSort/ModelTest.php" line="115" class="Tests\Unit\Playground\Models\Scopes\ScopeSort\ModelTest" classname="Tests.Unit.Playground.Models.Scopes.ScopeSort.ModelTest" assertions="2" time="0.021817"/>
        <testcase name="test_scopeSort_returns_query_with_csv_sort_asc" file="/app/vendor/gammamatrix/playground/tests/Unit/Models/Scopes/ScopeSort/ModelTest.php" line="137" class="Tests\Unit\Playground\Models\Scopes\ScopeSort\ModelTest" classname="Tests.Unit.Playground.Models.Scopes.ScopeSort.ModelTest" assertions="2" time="0.023178"/>
        <testcase name="test_scopeSort_returns_query_with_csv_sort_desc" file="/app/vendor/gammamatrix/playground/tests/Unit/Models/Scopes/ScopeSort/ModelTest.php" line="153" class="Tests\Unit\Playground\Models\Scopes\ScopeSort\ModelTest" classname="Tests.Unit.Playground.Models.Scopes.ScopeSort.ModelTest" assertions="2" time="0.021036"/>
        <testcase name="test_scopeSort_returns_query_with_simple_array_asc" file="/app/vendor/gammamatrix/playground/tests/Unit/Models/Scopes/ScopeSort/ModelTest.php" line="178" class="Tests\Unit\Playground\Models\Scopes\ScopeSort\ModelTest" classname="Tests.Unit.Playground.Models.Scopes.ScopeSort.ModelTest" assertions="2" time="0.021890"/>
        <testcase name="test_scopeSort_returns_query_with_simple_array_desc" file="/app/vendor/gammamatrix/playground/tests/Unit/Models/Scopes/ScopeSort/ModelTest.php" line="196" class="Tests\Unit\Playground\Models\Scopes\ScopeSort\ModelTest" classname="Tests.Unit.Playground.Models.Scopes.ScopeSort.ModelTest" assertions="2" time="0.021947"/>
        <testcase name="test_scopeSort_returns_query_with_hash_array_asc" file="/app/vendor/gammamatrix/playground/tests/Unit/Models/Scopes/ScopeSort/ModelTest.php" line="214" class="Tests\Unit\Playground\Models\Scopes\ScopeSort\ModelTest" classname="Tests.Unit.Playground.Models.Scopes.ScopeSort.ModelTest" assertions="2" time="0.022028"/>
        <testcase name="test_scopeSort_returns_query_with_hash_array_desc" file="/app/vendor/gammamatrix/playground/tests/Unit/Models/Scopes/ScopeSort/ModelTest.php" line="234" class="Tests\Unit\Playground\Models\Scopes\ScopeSort\ModelTest" classname="Tests.Unit.Playground.Models.Scopes.ScopeSort.ModelTest" assertions="2" time="0.021782"/>
      </testsuite>
      <testsuite name="Tests\Unit\Playground\Models\User\ModelTest" file="/app/vendor/gammamatrix/playground/tests/Unit/Models/User/ModelTest.php" tests="4" assertions="39" errors="0" failures="0" skipped="0" time="0.148456">
        <testcase name="test_add_has_and_remove_Abilities" file="/app/vendor/gammamatrix/playground/tests/Unit/Models/User/ModelTest.php" line="17" class="Tests\Unit\Playground\Models\User\ModelTest" classname="Tests.Unit.Playground.Models.User.ModelTest" assertions="9" time="0.084055"/>
        <testcase name="test_add_has_and_remove_Privileges" file="/app/vendor/gammamatrix/playground/tests/Unit/Models/User/ModelTest.php" line="51" class="Tests\Unit\Playground\Models\User\ModelTest" classname="Tests.Unit.Playground.Models.User.ModelTest" assertions="9" time="0.021263"/>
        <testcase name="test_add_has_and_remove_Roles" file="/app/vendor/gammamatrix/playground/tests/Unit/Models/User/ModelTest.php" line="85" class="Tests\Unit\Playground\Models\User\ModelTest" classname="Tests.Unit.Playground.Models.User.ModelTest" assertions="15" time="0.021878"/>
        <testcase name="test_isAdmin_with_admins_and_users" file="/app/vendor/gammamatrix/playground/tests/Unit/Models/User/ModelTest.php" line="146" class="Tests\Unit\Playground\Models\User\ModelTest" classname="Tests.Unit.Playground.Models.User.ModelTest" assertions="6" time="0.021261"/>
      </testsuite>
      <testsuite name="Tests\Unit\Playground\ServiceProvider\InstanceTest" file="/app/vendor/gammamatrix/playground/tests/Unit/ServiceProvider/InstanceTest.php" tests="5" assertions="7" errors="0" failures="0" skipped="0" time="0.105231">
        <testcase name="test_version_matches" file="/app/vendor/gammamatrix/playground/tests/Unit/ServiceProvider/InstanceTest.php" line="20" class="Tests\Unit\Playground\ServiceProvider\InstanceTest" classname="Tests.Unit.Playground.ServiceProvider.InstanceTest" assertions="3" time="0.019950"/>
        <testcase name="test_userPrimaryKeyType_with_empty_model" file="/app/vendor/gammamatrix/playground/tests/Unit/ServiceProvider/InstanceTest.php" line="29" class="Tests\Unit\Playground\ServiceProvider\InstanceTest" classname="Tests.Unit.Playground.ServiceProvider.InstanceTest" assertions="1" time="0.020287"/>
        <testcase name="test_userPrimaryKeyType_with_incrementing_model" file="/app/vendor/gammamatrix/playground/tests/Unit/ServiceProvider/InstanceTest.php" line="43" class="Tests\Unit\Playground\ServiceProvider\InstanceTest" classname="Tests.Unit.Playground.ServiceProvider.InstanceTest" assertions="1" time="0.020835"/>
        <testcase name="test_userPrimaryKeyType_with_uuid_model" file="/app/vendor/gammamatrix/playground/tests/Unit/ServiceProvider/InstanceTest.php" line="57" class="Tests\Unit\Playground\ServiceProvider\InstanceTest" classname="Tests.Unit.Playground.ServiceProvider.InstanceTest" assertions="1" time="0.020767"/>
        <testcase name="test_userPrimaryKeyType_with_exception" file="/app/vendor/gammamatrix/playground/tests/Unit/ServiceProvider/InstanceTest.php" line="71" class="Tests\Unit\Playground\ServiceProvider\InstanceTest" classname="Tests.Unit.Playground.ServiceProvider.InstanceTest" assertions="1" time="0.023392"/>
      </testsuite>
      <testsuite name="Tests\Unit\Playground\Auth\Console\Commands\HashPassword\CommandTest" file="/app/vendor/gammamatrix/playground-auth/tests/Unit/Console/Commands/HashPassword/CommandTest.php" tests="3" assertions="5" errors="0" failures="0" skipped="0" time="0.169707">
        <testcase name="test_command_auth_hash_password_with_json" file="/app/vendor/gammamatrix/playground-auth/tests/Unit/Console/Commands/HashPassword/CommandTest.php" line="17" class="Tests\Unit\Playground\Auth\Console\Commands\HashPassword\CommandTest" classname="Tests.Unit.Playground.Auth.Console.Commands.HashPassword.CommandTest" assertions="2" time="0.117888"/>
        <testcase name="test_command_auth_hash_password" file="/app/vendor/gammamatrix/playground-auth/tests/Unit/Console/Commands/HashPassword/CommandTest.php" line="29" class="Tests\Unit\Playground\Auth\Console\Commands\HashPassword\CommandTest" classname="Tests.Unit.Playground.Auth.Console.Commands.HashPassword.CommandTest" assertions="1" time="0.027022"/>
        <testcase name="test_command_auth_hash_password_without_argument_and_fail" file="/app/vendor/gammamatrix/playground-auth/tests/Unit/Console/Commands/HashPassword/CommandTest.php" line="38" class="Tests\Unit\Playground\Auth\Console\Commands\HashPassword\CommandTest" classname="Tests.Unit.Playground.Auth.Console.Commands.HashPassword.CommandTest" assertions="2" time="0.024797"/>
      </testsuite>
      <testsuite name="Tests\Unit\Playground\Auth\Policies\ModelPolicy\AbstractRoleTest" file="/app/vendor/gammamatrix/playground-auth/tests/Unit/Policies/ModelPolicy/AbstractRoleTest.php" tests="24" assertions="30" errors="0" failures="0" skipped="0" time="0.657789">
        <testcase name="test_create_without_role" file="/app/vendor/gammamatrix/playground-auth/tests/Unit/Policies/ModelPolicy/AbstractRoleTest.php" line="32" class="Tests\Unit\Playground\Auth\Policies\ModelPolicy\AbstractRoleTest" classname="Tests.Unit.Playground.Auth.Policies.ModelPolicy.AbstractRoleTest" assertions="1" time="0.109168"/>
        <testcase name="test_create_with_admin" file="/app/vendor/gammamatrix/playground-auth/tests/Unit/Policies/ModelPolicy/AbstractRoleTest.php" line="44" class="Tests\Unit\Playground\Auth\Policies\ModelPolicy\AbstractRoleTest" classname="Tests.Unit.Playground.Auth.Policies.ModelPolicy.AbstractRoleTest" assertions="1" time="0.022938"/>
        <testcase name="test_delete_without_role" file="/app/vendor/gammamatrix/playground-auth/tests/Unit/Policies/ModelPolicy/AbstractRoleTest.php" line="63" class="Tests\Unit\Playground\Auth\Policies\ModelPolicy\AbstractRoleTest" classname="Tests.Unit.Playground.Auth.Policies.ModelPolicy.AbstractRoleTest" assertions="1" time="0.023763"/>
        <testcase name="test_delete_with_admin" file="/app/vendor/gammamatrix/playground-auth/tests/Unit/Policies/ModelPolicy/AbstractRoleTest.php" line="77" class="Tests\Unit\Playground\Auth\Policies\ModelPolicy\AbstractRoleTest" classname="Tests.Unit.Playground.Auth.Policies.ModelPolicy.AbstractRoleTest" assertions="1" time="0.023104"/>
        <testcase name="test_delete_locked_with_admin" file="/app/vendor/gammamatrix/playground-auth/tests/Unit/Policies/ModelPolicy/AbstractRoleTest.php" line="99" class="Tests\Unit\Playground\Auth\Policies\ModelPolicy\AbstractRoleTest" classname="Tests.Unit.Playground.Auth.Policies.ModelPolicy.AbstractRoleTest" assertions="4" time="0.024548"/>
        <testcase name="test_detail_without_role" file="/app/vendor/gammamatrix/playground-auth/tests/Unit/Policies/ModelPolicy/AbstractRoleTest.php" line="136" class="Tests\Unit\Playground\Auth\Policies\ModelPolicy\AbstractRoleTest" classname="Tests.Unit.Playground.Auth.Policies.ModelPolicy.AbstractRoleTest" assertions="1" time="0.023156"/>
        <testcase name="test_detail_with_admin" file="/app/vendor/gammamatrix/playground-auth/tests/Unit/Policies/ModelPolicy/AbstractRoleTest.php" line="150" class="Tests\Unit\Playground\Auth\Policies\ModelPolicy\AbstractRoleTest" classname="Tests.Unit.Playground.Auth.Policies.ModelPolicy.AbstractRoleTest" assertions="1" time="0.023050"/>
        <testcase name="test_edit_without_role" file="/app/vendor/gammamatrix/playground-auth/tests/Unit/Policies/ModelPolicy/AbstractRoleTest.php" line="172" class="Tests\Unit\Playground\Auth\Policies\ModelPolicy\AbstractRoleTest" classname="Tests.Unit.Playground.Auth.Policies.ModelPolicy.AbstractRoleTest" assertions="1" time="0.023891"/>
        <testcase name="test_edit_with_admin" file="/app/vendor/gammamatrix/playground-auth/tests/Unit/Policies/ModelPolicy/AbstractRoleTest.php" line="186" class="Tests\Unit\Playground\Auth\Policies\ModelPolicy\AbstractRoleTest" classname="Tests.Unit.Playground.Auth.Policies.ModelPolicy.AbstractRoleTest" assertions="1" time="0.022840"/>
        <testcase name="test_forceDelete_without_role" file="/app/vendor/gammamatrix/playground-auth/tests/Unit/Policies/ModelPolicy/AbstractRoleTest.php" line="208" class="Tests\Unit\Playground\Auth\Policies\ModelPolicy\AbstractRoleTest" classname="Tests.Unit.Playground.Auth.Policies.ModelPolicy.AbstractRoleTest" assertions="1" time="0.023138"/>
        <testcase name="test_forceDelete_with_admin" file="/app/vendor/gammamatrix/playground-auth/tests/Unit/Policies/ModelPolicy/AbstractRoleTest.php" line="222" class="Tests\Unit\Playground\Auth\Policies\ModelPolicy\AbstractRoleTest" classname="Tests.Unit.Playground.Auth.Policies.ModelPolicy.AbstractRoleTest" assertions="1" time="0.022675"/>
        <testcase name="test_lock_without_role" file="/app/vendor/gammamatrix/playground-auth/tests/Unit/Policies/ModelPolicy/AbstractRoleTest.php" line="244" class="Tests\Unit\Playground\Auth\Policies\ModelPolicy\AbstractRoleTest" classname="Tests.Unit.Playground.Auth.Policies.ModelPolicy.AbstractRoleTest" assertions="1" time="0.023884"/>
        <testcase name="test_lock_with_admin" file="/app/vendor/gammamatrix/playground-auth/tests/Unit/Policies/ModelPolicy/AbstractRoleTest.php" line="258" class="Tests\Unit\Playground\Auth\Policies\ModelPolicy\AbstractRoleTest" classname="Tests.Unit.Playground.Auth.Policies.ModelPolicy.AbstractRoleTest" assertions="1" time="0.023329"/>
        <testcase name="test_manage_without_role" file="/app/vendor/gammamatrix/playground-auth/tests/Unit/Policies/ModelPolicy/AbstractRoleTest.php" line="280" class="Tests\Unit\Playground\Auth\Policies\ModelPolicy\AbstractRoleTest" classname="Tests.Unit.Playground.Auth.Policies.ModelPolicy.AbstractRoleTest" assertions="1" time="0.023771"/>
        <testcase name="test_manage_with_admin" file="/app/vendor/gammamatrix/playground-auth/tests/Unit/Policies/ModelPolicy/AbstractRoleTest.php" line="294" class="Tests\Unit\Playground\Auth\Policies\ModelPolicy\AbstractRoleTest" classname="Tests.Unit.Playground.Auth.Policies.ModelPolicy.AbstractRoleTest" assertions="1" time="0.022276"/>
        <testcase name="test_restore_without_role" file="/app/vendor/gammamatrix/playground-auth/tests/Unit/Policies/ModelPolicy/AbstractRoleTest.php" line="316" class="Tests\Unit\Playground\Auth\Policies\ModelPolicy\AbstractRoleTest" classname="Tests.Unit.Playground.Auth.Policies.ModelPolicy.AbstractRoleTest" assertions="1" time="0.023629"/>
        <testcase name="test_restore_with_admin" file="/app/vendor/gammamatrix/playground-auth/tests/Unit/Policies/ModelPolicy/AbstractRoleTest.php" line="330" class="Tests\Unit\Playground\Auth\Policies\ModelPolicy\AbstractRoleTest" classname="Tests.Unit.Playground.Auth.Policies.ModelPolicy.AbstractRoleTest" assertions="1" time="0.023104"/>
        <testcase name="test_store_without_role" file="/app/vendor/gammamatrix/playground-auth/tests/Unit/Policies/ModelPolicy/AbstractRoleTest.php" line="352" class="Tests\Unit\Playground\Auth\Policies\ModelPolicy\AbstractRoleTest" classname="Tests.Unit.Playground.Auth.Policies.ModelPolicy.AbstractRoleTest" assertions="1" time="0.022777"/>
        <testcase name="test_store_with_admin" file="/app/vendor/gammamatrix/playground-auth/tests/Unit/Policies/ModelPolicy/AbstractRoleTest.php" line="364" class="Tests\Unit\Playground\Auth\Policies\ModelPolicy\AbstractRoleTest" classname="Tests.Unit.Playground.Auth.Policies.ModelPolicy.AbstractRoleTest" assertions="1" time="0.021922"/>
        <testcase name="test_update_without_role" file="/app/vendor/gammamatrix/playground-auth/tests/Unit/Policies/ModelPolicy/AbstractRoleTest.php" line="384" class="Tests\Unit\Playground\Auth\Policies\ModelPolicy\AbstractRoleTest" classname="Tests.Unit.Playground.Auth.Policies.ModelPolicy.AbstractRoleTest" assertions="1" time="0.035944"/>
        <testcase name="test_update_with_admin" file="/app/vendor/gammamatrix/playground-auth/tests/Unit/Policies/ModelPolicy/AbstractRoleTest.php" line="398" class="Tests\Unit\Playground\Auth\Policies\ModelPolicy\AbstractRoleTest" classname="Tests.Unit.Playground.Auth.Policies.ModelPolicy.AbstractRoleTest" assertions="1" time="0.025728"/>
        <testcase name="test_update_locked_with_admin" file="/app/vendor/gammamatrix/playground-auth/tests/Unit/Policies/ModelPolicy/AbstractRoleTest.php" line="420" class="Tests\Unit\Playground\Auth\Policies\ModelPolicy\AbstractRoleTest" classname="Tests.Unit.Playground.Auth.Policies.ModelPolicy.AbstractRoleTest" assertions="4" time="0.023337"/>
        <testcase name="test_unlock_without_role" file="/app/vendor/gammamatrix/playground-auth/tests/Unit/Policies/ModelPolicy/AbstractRoleTest.php" line="457" class="Tests\Unit\Playground\Auth\Policies\ModelPolicy\AbstractRoleTest" classname="Tests.Unit.Playground.Auth.Policies.ModelPolicy.AbstractRoleTest" assertions="1" time="0.023576"/>
        <testcase name="test_unlock_with_admin" file="/app/vendor/gammamatrix/playground-auth/tests/Unit/Policies/ModelPolicy/AbstractRoleTest.php" line="471" class="Tests\Unit\Playground\Auth\Policies\ModelPolicy\AbstractRoleTest" classname="Tests.Unit.Playground.Auth.Policies.ModelPolicy.AbstractRoleTest" assertions="1" time="0.022240"/>
      </testsuite>
      <testsuite name="Tests\Unit\Playground\Auth\Policies\Policy\AbstractTest" file="/app/vendor/gammamatrix/playground-auth/tests/Unit/Policies/Policy/AbstractTest.php" tests="7" assertions="7" errors="0" failures="0" skipped="0" time="0.158501">
        <testcase name="test_before_with_root" file="/app/vendor/gammamatrix/playground-auth/tests/Unit/Policies/Policy/AbstractTest.php" line="32" class="Tests\Unit\Playground\Auth\Policies\Policy\AbstractTest" classname="Tests.Unit.Playground.Auth.Policies.Policy.AbstractTest" assertions="1" time="0.022059"/>
        <testcase name="test_before_with_root_as_secondary_fails" file="/app/vendor/gammamatrix/playground-auth/tests/Unit/Policies/Policy/AbstractTest.php" line="53" class="Tests\Unit\Playground\Auth\Policies\Policy\AbstractTest" classname="Tests.Unit.Playground.Auth.Policies.Policy.AbstractTest" assertions="1" time="0.021777"/>
        <testcase name="test_index_without_role" file="/app/vendor/gammamatrix/playground-auth/tests/Unit/Policies/Policy/AbstractTest.php" line="77" class="Tests\Unit\Playground\Auth\Policies\Policy\AbstractTest" classname="Tests.Unit.Playground.Auth.Policies.Policy.AbstractTest" assertions="1" time="0.022570"/>
        <testcase name="test_index_with_admin" file="/app/vendor/gammamatrix/playground-auth/tests/Unit/Policies/Policy/AbstractTest.php" line="89" class="Tests\Unit\Playground\Auth\Policies\Policy\AbstractTest" classname="Tests.Unit.Playground.Auth.Policies.Policy.AbstractTest" assertions="1" time="0.022116"/>
        <testcase name="test_view_without_role" file="/app/vendor/gammamatrix/playground-auth/tests/Unit/Policies/Policy/AbstractTest.php" line="108" class="Tests\Unit\Playground\Auth\Policies\Policy\AbstractTest" classname="Tests.Unit.Playground.Auth.Policies.Policy.AbstractTest" assertions="1" time="0.023152"/>
        <testcase name="test_view_with_admin" file="/app/vendor/gammamatrix/playground-auth/tests/Unit/Policies/Policy/AbstractTest.php" line="120" class="Tests\Unit\Playground\Auth\Policies\Policy\AbstractTest" classname="Tests.Unit.Playground.Auth.Policies.Policy.AbstractTest" assertions="1" time="0.022968"/>
        <testcase name="test_view_with_admin_in_roles" file="/app/vendor/gammamatrix/playground-auth/tests/Unit/Policies/Policy/AbstractTest.php" line="141" class="Tests\Unit\Playground\Auth\Policies\Policy\AbstractTest" classname="Tests.Unit.Playground.Auth.Policies.Policy.AbstractTest" assertions="1" time="0.023859"/>
      </testsuite>
      <testsuite name="Tests\Unit\Playground\Auth\Policies\PolicyTrait\TraitTest" file="/app/vendor/gammamatrix/playground-auth/tests/Unit/Policies/PolicyTrait/TraitTest.php" tests="11" assertions="11" errors="0" failures="0" skipped="0" time="0.248040">
        <testcase name="test_getEntity" file="/app/vendor/gammamatrix/playground-auth/tests/Unit/Policies/PolicyTrait/TraitTest.php" line="21" class="Tests\Unit\Playground\Auth\Policies\PolicyTrait\TraitTest" classname="Tests.Unit.Playground.Auth.Policies.PolicyTrait.TraitTest" assertions="1" time="0.021035"/>
        <testcase name="test_getPackage" file="/app/vendor/gammamatrix/playground-auth/tests/Unit/Policies/PolicyTrait/TraitTest.php" line="27" class="Tests\Unit\Playground\Auth\Policies\PolicyTrait\TraitTest" classname="Tests.Unit.Playground.Auth.Policies.PolicyTrait.TraitTest" assertions="1" time="0.020389"/>
        <testcase name="test_hasToken" file="/app/vendor/gammamatrix/playground-auth/tests/Unit/Policies/PolicyTrait/TraitTest.php" line="33" class="Tests\Unit\Playground\Auth\Policies\PolicyTrait\TraitTest" classname="Tests.Unit.Playground.Auth.Policies.PolicyTrait.TraitTest" assertions="1" time="0.022561"/>
        <testcase name="test_getToken" file="/app/vendor/gammamatrix/playground-auth/tests/Unit/Policies/PolicyTrait/TraitTest.php" line="39" class="Tests\Unit\Playground\Auth\Policies\PolicyTrait\TraitTest" classname="Tests.Unit.Playground.Auth.Policies.PolicyTrait.TraitTest" assertions="1" time="0.020399"/>
        <testcase name="test_setToken" file="/app/vendor/gammamatrix/playground-auth/tests/Unit/Policies/PolicyTrait/TraitTest.php" line="45" class="Tests\Unit\Playground\Auth\Policies\PolicyTrait\TraitTest" classname="Tests.Unit.Playground.Auth.Policies.PolicyTrait.TraitTest" assertions="1" time="0.020290"/>
        <testcase name="test_verify_does_not_log_when_app_debugging_is_disabled" file="/app/vendor/gammamatrix/playground-auth/tests/Unit/Policies/PolicyTrait/TraitTest.php" line="51" class="Tests\Unit\Playground\Auth\Policies\PolicyTrait\TraitTest" classname="Tests.Unit.Playground.Auth.Policies.PolicyTrait.TraitTest" assertions="1" time="0.024271"/>
        <testcase name="test_verify_does_not_log_when_auth_debugging_is_disabled" file="/app/vendor/gammamatrix/playground-auth/tests/Unit/Policies/PolicyTrait/TraitTest.php" line="78" class="Tests\Unit\Playground\Auth\Policies\PolicyTrait\TraitTest" classname="Tests.Unit.Playground.Auth.Policies.PolicyTrait.TraitTest" assertions="1" time="0.025429"/>
        <testcase name="test_verify_logs_with_debugging_enabled" file="/app/vendor/gammamatrix/playground-auth/tests/Unit/Policies/PolicyTrait/TraitTest.php" line="105" class="Tests\Unit\Playground\Auth\Policies\PolicyTrait\TraitTest" classname="Tests.Unit.Playground.Auth.Policies.PolicyTrait.TraitTest" assertions="1" time="0.025079"/>
        <testcase name="test_verify_privileges" file="/app/vendor/gammamatrix/playground-auth/tests/Unit/Policies/PolicyTrait/TraitTest.php" line="141" class="Tests\Unit\Playground\Auth\Policies\PolicyTrait\TraitTest" classname="Tests.Unit.Playground.Auth.Policies.PolicyTrait.TraitTest" assertions="1" time="0.023285"/>
        <testcase name="test_verify_roles" file="/app/vendor/gammamatrix/playground-auth/tests/Unit/Policies/PolicyTrait/TraitTest.php" line="162" class="Tests\Unit\Playground\Auth\Policies\PolicyTrait\TraitTest" classname="Tests.Unit.Playground.Auth.Policies.PolicyTrait.TraitTest" assertions="1" time="0.023442"/>
        <testcase name="test_verify_user" file="/app/vendor/gammamatrix/playground-auth/tests/Unit/Policies/PolicyTrait/TraitTest.php" line="183" class="Tests\Unit\Playground\Auth\Policies\PolicyTrait\TraitTest" classname="Tests.Unit.Playground.Auth.Policies.PolicyTrait.TraitTest" assertions="1" time="0.021860"/>
      </testsuite>
      <testsuite name="Tests\Unit\Playground\Auth\Policies\PrivilegeTrait\TraitTest" file="/app/vendor/gammamatrix/playground-auth/tests/Unit/Policies/PrivilegeTrait/TraitTest.php" tests="9" assertions="9" errors="0" failures="0" skipped="0" time="0.197172">
        <testcase name="test_privilege_PrivilegePolicy_without_parameter" file="/app/vendor/gammamatrix/playground-auth/tests/Unit/Policies/PrivilegeTrait/TraitTest.php" line="23" class="Tests\Unit\Playground\Auth\Policies\PrivilegeTrait\TraitTest" classname="Tests.Unit.Playground.Auth.Policies.PrivilegeTrait.TraitTest" assertions="1" time="0.019367"/>
        <testcase name="test_privilege_PrivilegeModelPolicy_without_parameter" file="/app/vendor/gammamatrix/playground-auth/tests/Unit/Policies/PrivilegeTrait/TraitTest.php" line="32" class="Tests\Unit\Playground\Auth\Policies\PrivilegeTrait\TraitTest" classname="Tests.Unit.Playground.Auth.Policies.PrivilegeTrait.TraitTest" assertions="1" time="0.020592"/>
        <testcase name="test_privilege_UserPolicy_without_parameter" file="/app/vendor/gammamatrix/playground-auth/tests/Unit/Policies/PrivilegeTrait/TraitTest.php" line="41" class="Tests\Unit\Playground\Auth\Policies\PrivilegeTrait\TraitTest" classname="Tests.Unit.Playground.Auth.Policies.PrivilegeTrait.TraitTest" assertions="1" time="0.019453"/>
        <testcase name="test_privilege_with_package_and_without_parameter" file="/app/vendor/gammamatrix/playground-auth/tests/Unit/Policies/PrivilegeTrait/TraitTest.php" line="50" class="Tests\Unit\Playground\Auth\Policies\PrivilegeTrait\TraitTest" classname="Tests.Unit.Playground.Auth.Policies.PrivilegeTrait.TraitTest" assertions="1" time="0.019355"/>
        <testcase name="test_privilege_with_package_and_entity_and_without_parameter" file="/app/vendor/gammamatrix/playground-auth/tests/Unit/Policies/PrivilegeTrait/TraitTest.php" line="59" class="Tests\Unit\Playground\Auth\Policies\PrivilegeTrait\TraitTest" classname="Tests.Unit.Playground.Auth.Policies.PrivilegeTrait.TraitTest" assertions="1" time="0.019076"/>
        <testcase name="test_hasPrivilege" file="/app/vendor/gammamatrix/playground-auth/tests/Unit/Policies/PrivilegeTrait/TraitTest.php" line="68" class="Tests\Unit\Playground\Auth\Policies\PrivilegeTrait\TraitTest" classname="Tests.Unit.Playground.Auth.Policies.PrivilegeTrait.TraitTest" assertions="1" time="0.026143"/>
        <testcase name="test_hasPrivilege_with_user_hasPrivilege" file="/app/vendor/gammamatrix/playground-auth/tests/Unit/Policies/PrivilegeTrait/TraitTest.php" line="87" class="Tests\Unit\Playground\Auth\Policies\PrivilegeTrait\TraitTest" classname="Tests.Unit.Playground.Auth.Policies.PrivilegeTrait.TraitTest" assertions="1" time="0.026531"/>
        <testcase name="test_hasPrivilege_with_user_privileges" file="/app/vendor/gammamatrix/playground-auth/tests/Unit/Policies/PrivilegeTrait/TraitTest.php" line="110" class="Tests\Unit\Playground\Auth\Policies\PrivilegeTrait\TraitTest" classname="Tests.Unit.Playground.Auth.Policies.PrivilegeTrait.TraitTest" assertions="1" time="0.023213"/>
        <testcase name="test_hasPrivilege_without_privileges_enabled" file="/app/vendor/gammamatrix/playground-auth/tests/Unit/Policies/PrivilegeTrait/TraitTest.php" line="133" class="Tests\Unit\Playground\Auth\Policies\PrivilegeTrait\TraitTest" classname="Tests.Unit.Playground.Auth.Policies.PrivilegeTrait.TraitTest" assertions="1" time="0.023442"/>
      </testsuite>
      <testsuite name="Tests\Unit\Playground\Auth\Policies\RoleTrait\TraitTest" file="/app/vendor/gammamatrix/playground-auth/tests/Unit/Policies/RoleTrait/TraitTest.php" tests="5" assertions="5" errors="0" failures="0" skipped="0" time="0.106601">
        <testcase name="test_getRolesForAdmin" file="/app/vendor/gammamatrix/playground-auth/tests/Unit/Policies/RoleTrait/TraitTest.php" line="20" class="Tests\Unit\Playground\Auth\Policies\RoleTrait\TraitTest" classname="Tests.Unit.Playground.Auth.Policies.RoleTrait.TraitTest" assertions="1" time="0.019605"/>
        <testcase name="test_getRolesForAction" file="/app/vendor/gammamatrix/playground-auth/tests/Unit/Policies/RoleTrait/TraitTest.php" line="33" class="Tests\Unit\Playground\Auth\Policies\RoleTrait\TraitTest" classname="Tests.Unit.Playground.Auth.Policies.RoleTrait.TraitTest" assertions="1" time="0.019113"/>
        <testcase name="test_getRolesToView" file="/app/vendor/gammamatrix/playground-auth/tests/Unit/Policies/RoleTrait/TraitTest.php" line="46" class="Tests\Unit\Playground\Auth\Policies\RoleTrait\TraitTest" classname="Tests.Unit.Playground.Auth.Policies.RoleTrait.TraitTest" assertions="1" time="0.019345"/>
        <testcase name="test_hasRole" file="/app/vendor/gammamatrix/playground-auth/tests/Unit/Policies/RoleTrait/TraitTest.php" line="59" class="Tests\Unit\Playground\Auth\Policies\RoleTrait\TraitTest" classname="Tests.Unit.Playground.Auth.Policies.RoleTrait.TraitTest" assertions="1" time="0.021996"/>
        <testcase name="test_hasRole_advanced_role" file="/app/vendor/gammamatrix/playground-auth/tests/Unit/Policies/RoleTrait/TraitTest.php" line="75" class="Tests\Unit\Playground\Auth\Policies\RoleTrait\TraitTest" classname="Tests.Unit.Playground.Auth.Policies.RoleTrait.TraitTest" assertions="1" time="0.026542"/>
      </testsuite>
      <testsuite name="Tests\Unit\Playground\Blade\Assets\Comment\InstanceTest" file="/app/vendor/gammamatrix/playground-blade/tests/Unit/Assets/Comment/InstanceTest.php" tests="1" assertions="2" errors="0" failures="0" skipped="0" time="0.056548">
        <testcase name="test_instance_with_docs" file="/app/vendor/gammamatrix/playground-blade/tests/Unit/Assets/Comment/InstanceTest.php" line="17" class="Tests\Unit\Playground\Blade\Assets\Comment\InstanceTest" classname="Tests.Unit.Playground.Blade.Assets.Comment.InstanceTest" assertions="2" time="0.056548"/>
      </testsuite>
      <testsuite name="Tests\Unit\Playground\Blade\Assets\Font\InstanceTest" file="/app/vendor/gammamatrix/playground-blade/tests/Unit/Assets/Font/InstanceTest.php" tests="1" assertions="3" errors="0" failures="0" skipped="0" time="0.054532">
        <testcase name="test_instance_with_docs" file="/app/vendor/gammamatrix/playground-blade/tests/Unit/Assets/Font/InstanceTest.php" line="17" class="Tests\Unit\Playground\Blade\Assets\Font\InstanceTest" classname="Tests.Unit.Playground.Blade.Assets.Font.InstanceTest" assertions="3" time="0.054532"/>
      </testsuite>
      <testsuite name="Tests\Unit\Playground\Blade\Assets\Icon\InstanceTest" file="/app/vendor/gammamatrix/playground-blade/tests/Unit/Assets/Icon/InstanceTest.php" tests="1" assertions="3" errors="0" failures="0" skipped="0" time="0.030315">
        <testcase name="test_instance_with_docs" file="/app/vendor/gammamatrix/playground-blade/tests/Unit/Assets/Icon/InstanceTest.php" line="17" class="Tests\Unit\Playground\Blade\Assets\Icon\InstanceTest" classname="Tests.Unit.Playground.Blade.Assets.Icon.InstanceTest" assertions="3" time="0.030315"/>
      </testsuite>
      <testsuite name="Tests\Unit\Playground\Blade\Assets\Link\InstanceTest" file="/app/vendor/gammamatrix/playground-blade/tests/Unit/Assets/Link/InstanceTest.php" tests="1" assertions="3" errors="0" failures="0" skipped="0" time="0.022092">
        <testcase name="test_instance_with_docs" file="/app/vendor/gammamatrix/playground-blade/tests/Unit/Assets/Link/InstanceTest.php" line="17" class="Tests\Unit\Playground\Blade\Assets\Link\InstanceTest" classname="Tests.Unit.Playground.Blade.Assets.Link.InstanceTest" assertions="3" time="0.022092"/>
      </testsuite>
      <testsuite name="Tests\Unit\Playground\Blade\Assets\Script\InstanceTest" file="/app/vendor/gammamatrix/playground-blade/tests/Unit/Assets/Script/InstanceTest.php" tests="1" assertions="3" errors="0" failures="0" skipped="0" time="0.046164">
        <testcase name="test_instance_with_docs" file="/app/vendor/gammamatrix/playground-blade/tests/Unit/Assets/Script/InstanceTest.php" line="17" class="Tests\Unit\Playground\Blade\Assets\Script\InstanceTest" classname="Tests.Unit.Playground.Blade.Assets.Script.InstanceTest" assertions="3" time="0.046164"/>
      </testsuite>
      <testsuite name="Tests\Unit\Playground\Blade\Assets\Style\InstanceTest" file="/app/vendor/gammamatrix/playground-blade/tests/Unit/Assets/Style/InstanceTest.php" tests="1" assertions="3" errors="0" failures="0" skipped="0" time="0.027453">
        <testcase name="test_instance_with_docs" file="/app/vendor/gammamatrix/playground-blade/tests/Unit/Assets/Style/InstanceTest.php" line="17" class="Tests\Unit\Playground\Blade\Assets\Style\InstanceTest" classname="Tests.Unit.Playground.Blade.Assets.Style.InstanceTest" assertions="3" time="0.027453"/>
      </testsuite>
      <testsuite name="Tests\Unit\Playground\Blade\Assets\Stylesheet\InstanceTest" file="/app/vendor/gammamatrix/playground-blade/tests/Unit/Assets/Stylesheet/InstanceTest.php" tests="1" assertions="3" errors="0" failures="0" skipped="0" time="0.022827">
        <testcase name="test_instance_with_docs" file="/app/vendor/gammamatrix/playground-blade/tests/Unit/Assets/Stylesheet/InstanceTest.php" line="17" class="Tests\Unit\Playground\Blade\Assets\Stylesheet\InstanceTest" classname="Tests.Unit.Playground.Blade.Assets.Stylesheet.InstanceTest" assertions="3" time="0.022827"/>
      </testsuite>
      <testsuite name="Tests\Unit\Playground\Blade\View\Components\Forms\Column\ComponentTest" file="/app/vendor/gammamatrix/playground-blade/tests/Unit/View/Components/Forms/Column/ComponentTest.php" tests="5" assertions="23" errors="0" failures="0" skipped="0" time="0.158833">
        <testcase name="test_component_instance" file="/app/vendor/gammamatrix/playground-blade/tests/Unit/View/Components/Forms/Column/ComponentTest.php" line="30" class="Tests\Unit\Playground\Blade\View\Components\Forms\Column\ComponentTest" classname="Tests.Unit.Playground.Blade.View.Components.Forms.Column.ComponentTest" assertions="2" time="0.031122"/>
        <testcase name="test_component_can_render_view_without_parameters" file="/app/vendor/gammamatrix/playground-blade/tests/Unit/View/Components/Forms/Column/ComponentTest.php" line="38" class="Tests\Unit\Playground\Blade\View\Components\Forms\Column\ComponentTest" classname="Tests.Unit.Playground.Blade.View.Components.Forms.Column.ComponentTest" assertions="2" time="0.046016"/>
        <testcase name="test_component_can_render_view_without_label_on_title_column" file="/app/vendor/gammamatrix/playground-blade/tests/Unit/View/Components/Forms/Column/ComponentTest.php" line="49" class="Tests\Unit\Playground\Blade\View\Components\Forms\Column\ComponentTest" classname="Tests.Unit.Playground.Blade.View.Components.Forms.Column.ComponentTest" assertions="5" time="0.028563"/>
        <testcase name="test_component_can_render_view_with_label_on_title_column" file="/app/vendor/gammamatrix/playground-blade/tests/Unit/View/Components/Forms/Column/ComponentTest.php" line="66" class="Tests\Unit\Playground\Blade\View\Components\Forms\Column\ComponentTest" classname="Tests.Unit.Playground.Blade.View.Components.Forms.Column.ComponentTest" assertions="6" time="0.027241"/>
        <testcase name="test_component_can_render_view_with_label_on_title_column_with_error" file="/app/vendor/gammamatrix/playground-blade/tests/Unit/View/Components/Forms/Column/ComponentTest.php" line="86" class="Tests\Unit\Playground\Blade\View\Components\Forms\Column\ComponentTest" classname="Tests.Unit.Playground.Blade.View.Components.Forms.Column.ComponentTest" assertions="8" time="0.025891"/>
      </testsuite>
      <testsuite name="Tests\Unit\Playground\Blade\View\Components\Forms\ColumnEditor\ComponentTest" file="/app/vendor/gammamatrix/playground-blade/tests/Unit/View/Components/Forms/ColumnEditor/ComponentTest.php" tests="4" assertions="19" errors="0" failures="0" skipped="0" time="0.105951">
        <testcase name="test_component_instance" file="/app/vendor/gammamatrix/playground-blade/tests/Unit/View/Components/Forms/ColumnEditor/ComponentTest.php" line="30" class="Tests\Unit\Playground\Blade\View\Components\Forms\ColumnEditor\ComponentTest" classname="Tests.Unit.Playground.Blade.View.Components.Forms.ColumnEditor.ComponentTest" assertions="2" time="0.026808"/>
        <testcase name="test_component_can_render_view_without_parameters" file="/app/vendor/gammamatrix/playground-blade/tests/Unit/View/Components/Forms/ColumnEditor/ComponentTest.php" line="38" class="Tests\Unit\Playground\Blade\View\Components\Forms\ColumnEditor\ComponentTest" classname="Tests.Unit.Playground.Blade.View.Components.Forms.ColumnEditor.ComponentTest" assertions="3" time="0.028608"/>
        <testcase name="test_component_can_render_view_with_content_textarea" file="/app/vendor/gammamatrix/playground-blade/tests/Unit/View/Components/Forms/ColumnEditor/ComponentTest.php" line="46" class="Tests\Unit\Playground\Blade\View\Components\Forms\ColumnEditor\ComponentTest" classname="Tests.Unit.Playground.Blade.View.Components.Forms.ColumnEditor.ComponentTest" assertions="7" time="0.025086"/>
        <testcase name="test_component_can_render_view_with_content_textarea_and_described" file="/app/vendor/gammamatrix/playground-blade/tests/Unit/View/Components/Forms/ColumnEditor/ComponentTest.php" line="65" class="Tests\Unit\Playground\Blade\View\Components\Forms\ColumnEditor\ComponentTest" classname="Tests.Unit.Playground.Blade.View.Components.Forms.ColumnEditor.ComponentTest" assertions="7" time="0.025448"/>
      </testsuite>
      <testsuite name="Tests\Unit\Playground\Blade\View\Components\Forms\ColumnSelect\ComponentTest" file="/app/vendor/gammamatrix/playground-blade/tests/Unit/View/Components/Forms/ColumnSelect/ComponentTest.php" tests="3" assertions="9" errors="0" failures="0" skipped="0" time="0.091130">
        <testcase name="test_component_instance" file="/app/vendor/gammamatrix/playground-blade/tests/Unit/View/Components/Forms/ColumnSelect/ComponentTest.php" line="30" class="Tests\Unit\Playground\Blade\View\Components\Forms\ColumnSelect\ComponentTest" classname="Tests.Unit.Playground.Blade.View.Components.Forms.ColumnSelect.ComponentTest" assertions="2" time="0.028969"/>
        <testcase name="test_component_can_render_view_without_parameters" file="/app/vendor/gammamatrix/playground-blade/tests/Unit/View/Components/Forms/ColumnSelect/ComponentTest.php" line="38" class="Tests\Unit\Playground\Blade\View\Components\Forms\ColumnSelect\ComponentTest" classname="Tests.Unit.Playground.Blade.View.Components.Forms.ColumnSelect.ComponentTest" assertions="3" time="0.033021"/>
        <testcase name="test_component_can_render_view_with_select" file="/app/vendor/gammamatrix/playground-blade/tests/Unit/View/Components/Forms/ColumnSelect/ComponentTest.php" line="46" class="Tests\Unit\Playground\Blade\View\Components\Forms\ColumnSelect\ComponentTest" classname="Tests.Unit.Playground.Blade.View.Components.Forms.ColumnSelect.ComponentTest" assertions="4" time="0.029140"/>
      </testsuite>
      <testsuite name="Tests\Unit\Playground\Blade\View\Components\ModelFlag\ComponentTest" file="/app/vendor/gammamatrix/playground-blade/tests/Unit/View/Components/ModelFlag/ComponentTest.php" tests="5" assertions="15" errors="0" failures="0" skipped="0" time="0.129306">
        <testcase name="test_component_instance" file="/app/vendor/gammamatrix/playground-blade/tests/Unit/View/Components/ModelFlag/ComponentTest.php" line="30" class="Tests\Unit\Playground\Blade\View\Components\ModelFlag\ComponentTest" classname="Tests.Unit.Playground.Blade.View.Components.ModelFlag.ComponentTest" assertions="2" time="0.026230"/>
        <testcase name="test_component_renders_empty_view_without_labels_or_classes" file="/app/vendor/gammamatrix/playground-blade/tests/Unit/View/Components/ModelFlag/ComponentTest.php" line="40" class="Tests\Unit\Playground\Blade\View\Components\ModelFlag\ComponentTest" classname="Tests.Unit.Playground.Blade.View.Components.ModelFlag.ComponentTest" assertions="1" time="0.028132"/>
        <testcase name="test_component_can_render_view_with_true_value" file="/app/vendor/gammamatrix/playground-blade/tests/Unit/View/Components/ModelFlag/ComponentTest.php" line="56" class="Tests\Unit\Playground\Blade\View\Components\ModelFlag\ComponentTest" classname="Tests.Unit.Playground.Blade.View.Components.ModelFlag.ComponentTest" assertions="4" time="0.025536"/>
        <testcase name="test_component_can_render_view_with_false_value" file="/app/vendor/gammamatrix/playground-blade/tests/Unit/View/Components/ModelFlag/ComponentTest.php" line="75" class="Tests\Unit\Playground\Blade\View\Components\ModelFlag\ComponentTest" classname="Tests.Unit.Playground.Blade.View.Components.ModelFlag.ComponentTest" assertions="4" time="0.024950"/>
        <testcase name="test_component_can_render_view_with_null_value" file="/app/vendor/gammamatrix/playground-blade/tests/Unit/View/Components/ModelFlag/ComponentTest.php" line="94" class="Tests\Unit\Playground\Blade\View\Components\ModelFlag\ComponentTest" classname="Tests.Unit.Playground.Blade.View.Components.ModelFlag.ComponentTest" assertions="4" time="0.024457"/>
      </testsuite>
      <testsuite name="Tests\Unit\Playground\Blade\View\Components\Table\Data\ComponentTest" file="/app/vendor/gammamatrix/playground-blade/tests/Unit/View/Components/Table/Data/ComponentTest.php" tests="2" assertions="3" errors="0" failures="0" skipped="0" time="0.120998">
        <testcase name="test_component_instance" file="/app/vendor/gammamatrix/playground-blade/tests/Unit/View/Components/Table/Data/ComponentTest.php" line="30" class="Tests\Unit\Playground\Blade\View\Components\Table\Data\ComponentTest" classname="Tests.Unit.Playground.Blade.View.Components.Table.Data.ComponentTest" assertions="2" time="0.030463"/>
        <testcase name="test_component_can_render_view" file="/app/vendor/gammamatrix/playground-blade/tests/Unit/View/Components/Table/Data/ComponentTest.php" line="38" class="Tests\Unit\Playground\Blade\View\Components\Table\Data\ComponentTest" classname="Tests.Unit.Playground.Blade.View.Components.Table.Data.ComponentTest" assertions="1" time="0.090535"/>
      </testsuite>
      <testsuite name="Tests\Unit\Playground\Test\Models\AppPlaygroundUser\InstanceTest" file="/app/vendor/gammamatrix/playground-test/tests/Unit/Models/AppPlaygroundUser/InstanceTest.php" tests="11" assertions="15" errors="0" failures="0" skipped="0" time="0.241326">
        <testcase name="test_getAttributes" file="/app/vendor/gammamatrix/playground-test/tests/Unit/Models/AppPlaygroundUser/InstanceTest.php" line="24" class="Tests\Unit\Playground\Test\Models\AppPlaygroundUser\InstanceTest" classname="Tests.Unit.Playground.Test.Models.AppPlaygroundUser.InstanceTest" assertions="2" time="0.033715"/>
        <testcase name="test_hasRole_is_false_without_role" file="/app/vendor/gammamatrix/playground-test/tests/Unit/Models/AppPlaygroundUser/InstanceTest.php" line="110" class="Tests\Unit\Playground\Test\Models\AppPlaygroundUser\InstanceTest" classname="Tests.Unit.Playground.Test.Models.AppPlaygroundUser.InstanceTest" assertions="1" time="0.020633"/>
        <testcase name="test_hasRole_is_true_with_matching_role" file="/app/vendor/gammamatrix/playground-test/tests/Unit/Models/AppPlaygroundUser/InstanceTest.php" line="124" class="Tests\Unit\Playground\Test\Models\AppPlaygroundUser\InstanceTest" classname="Tests.Unit.Playground.Test.Models.AppPlaygroundUser.InstanceTest" assertions="1" time="0.020126"/>
        <testcase name="test_hasRole_is_true_with_matching_secondary_role" file="/app/vendor/gammamatrix/playground-test/tests/Unit/Models/AppPlaygroundUser/InstanceTest.php" line="140" class="Tests\Unit\Playground\Test\Models\AppPlaygroundUser\InstanceTest" classname="Tests.Unit.Playground.Test.Models.AppPlaygroundUser.InstanceTest" assertions="4" time="0.020936"/>
        <testcase name="test_isAdmin_is_true_with_admin_role" file="/app/vendor/gammamatrix/playground-test/tests/Unit/Models/AppPlaygroundUser/InstanceTest.php" line="163" class="Tests\Unit\Playground\Test\Models\AppPlaygroundUser\InstanceTest" classname="Tests.Unit.Playground.Test.Models.AppPlaygroundUser.InstanceTest" assertions="1" time="0.020019"/>
        <testcase name="test_isAdmin_is_true_with_admin_secondary_role" file="/app/vendor/gammamatrix/playground-test/tests/Unit/Models/AppPlaygroundUser/InstanceTest.php" line="183" class="Tests\Unit\Playground\Test\Models\AppPlaygroundUser\InstanceTest" classname="Tests.Unit.Playground.Test.Models.AppPlaygroundUser.InstanceTest" assertions="1" time="0.020147"/>
        <testcase name="test_isAdmin_is_true_with_wheel_role" file="/app/vendor/gammamatrix/playground-test/tests/Unit/Models/AppPlaygroundUser/InstanceTest.php" line="203" class="Tests\Unit\Playground\Test\Models\AppPlaygroundUser\InstanceTest" classname="Tests.Unit.Playground.Test.Models.AppPlaygroundUser.InstanceTest" assertions="1" time="0.020375"/>
        <testcase name="test_isAdmin_is_true_with_wheel_secondary_role" file="/app/vendor/gammamatrix/playground-test/tests/Unit/Models/AppPlaygroundUser/InstanceTest.php" line="223" class="Tests\Unit\Playground\Test\Models\AppPlaygroundUser\InstanceTest" classname="Tests.Unit.Playground.Test.Models.AppPlaygroundUser.InstanceTest" assertions="1" time="0.020596"/>
        <testcase name="test_isAdmin_is_true_with_root_role" file="/app/vendor/gammamatrix/playground-test/tests/Unit/Models/AppPlaygroundUser/InstanceTest.php" line="243" class="Tests\Unit\Playground\Test\Models\AppPlaygroundUser\InstanceTest" classname="Tests.Unit.Playground.Test.Models.AppPlaygroundUser.InstanceTest" assertions="1" time="0.021457"/>
        <testcase name="test_isAdmin_is_false_with_root_secondary_role" file="/app/vendor/gammamatrix/playground-test/tests/Unit/Models/AppPlaygroundUser/InstanceTest.php" line="263" class="Tests\Unit\Playground\Test\Models\AppPlaygroundUser\InstanceTest" classname="Tests.Unit.Playground.Test.Models.AppPlaygroundUser.InstanceTest" assertions="1" time="0.020360"/>
        <testcase name="test_factory_with_make" file="/app/vendor/gammamatrix/playground-test/tests/Unit/Models/AppPlaygroundUser/InstanceTest.php" line="283" class="Tests\Unit\Playground\Test\Models\AppPlaygroundUser\InstanceTest" classname="Tests.Unit.Playground.Test.Models.AppPlaygroundUser.InstanceTest" assertions="1" time="0.022961"/>
      </testsuite>
      <testsuite name="Tests\Unit\Playground\Test\Models\AppPlaygroundUser\ModelTest" file="/app/vendor/gammamatrix/playground-test/tests/Unit/Models/AppPlaygroundUser/ModelTest.php" tests="3" assertions="6" errors="0" failures="0" skipped="0" time="0.060350">
        <testcase name="test_model_instance" file="/app/vendor/gammamatrix/playground-test/src/Unit/Models/ModelCase.php" line="114" class="Tests\Unit\Playground\Test\Models\AppPlaygroundUser\ModelTest" classname="Tests.Unit.Playground.Test.Models.AppPlaygroundUser.ModelTest" assertions="1" time="0.019415"/>
        <testcase name="test_verify_model_relationships" file="/app/vendor/gammamatrix/playground-test/src/Unit/Models/ModelCase.php" line="275" class="Tests\Unit\Playground\Test\Models\AppPlaygroundUser\ModelTest" classname="Tests.Unit.Playground.Test.Models.AppPlaygroundUser.ModelTest" assertions="2" time="0.019982"/>
        <testcase name="test_model_factory_make" file="/app/vendor/gammamatrix/playground-test/src/Unit/Models/ModelCase.php" line="291" class="Tests\Unit\Playground\Test\Models\AppPlaygroundUser\ModelTest" classname="Tests.Unit.Playground.Test.Models.AppPlaygroundUser.ModelTest" assertions="3" time="0.020952"/>
      </testsuite>
      <testsuite name="Tests\Unit\Playground\Test\Models\ModelCase\ModelTest" file="/app/vendor/gammamatrix/playground-test/tests/Unit/Models/ModelCase/ModelTest.php" tests="3" assertions="9" errors="0" failures="0" skipped="0" time="0.060569">
        <testcase name="test_model_instance" file="/app/vendor/gammamatrix/playground-test/src/Unit/Models/ModelCase.php" line="114" class="Tests\Unit\Playground\Test\Models\ModelCase\ModelTest" classname="Tests.Unit.Playground.Test.Models.ModelCase.ModelTest" assertions="1" time="0.018662"/>
        <testcase name="test_verify_model_relationships" file="/app/vendor/gammamatrix/playground-test/src/Unit/Models/ModelCase.php" line="275" class="Tests\Unit\Playground\Test\Models\ModelCase\ModelTest" classname="Tests.Unit.Playground.Test.Models.ModelCase.ModelTest" assertions="5" time="0.018433"/>
        <testcase name="test_model_factory_make" file="/app/vendor/gammamatrix/playground-test/src/Unit/Models/ModelCase.php" line="291" class="Tests\Unit\Playground\Test\Models\ModelCase\ModelTest" classname="Tests.Unit.Playground.Test.Models.ModelCase.ModelTest" assertions="3" time="0.023474"/>
      </testsuite>
      <testsuite name="Tests\Unit\Playground\Test\Models\PlaygroundUser\InstanceTest" file="/app/vendor/gammamatrix/playground-test/tests/Unit/Models/PlaygroundUser/InstanceTest.php" tests="11" assertions="15" errors="0" failures="0" skipped="0" time="0.240178">
        <testcase name="test_getAttributes" file="/app/vendor/gammamatrix/playground-test/tests/Unit/Models/PlaygroundUser/InstanceTest.php" line="24" class="Tests\Unit\Playground\Test\Models\PlaygroundUser\InstanceTest" classname="Tests.Unit.Playground.Test.Models.PlaygroundUser.InstanceTest" assertions="2" time="0.024596"/>
        <testcase name="test_hasRole_is_false_without_role" file="/app/vendor/gammamatrix/playground-test/tests/Unit/Models/PlaygroundUser/InstanceTest.php" line="110" class="Tests\Unit\Playground\Test\Models\PlaygroundUser\InstanceTest" classname="Tests.Unit.Playground.Test.Models.PlaygroundUser.InstanceTest" assertions="1" time="0.021186"/>
        <testcase name="test_hasRole_is_true_with_matching_role" file="/app/vendor/gammamatrix/playground-test/tests/Unit/Models/PlaygroundUser/InstanceTest.php" line="124" class="Tests\Unit\Playground\Test\Models\PlaygroundUser\InstanceTest" classname="Tests.Unit.Playground.Test.Models.PlaygroundUser.InstanceTest" assertions="1" time="0.021056"/>
        <testcase name="test_hasRole_is_true_with_matching_secondary_role" file="/app/vendor/gammamatrix/playground-test/tests/Unit/Models/PlaygroundUser/InstanceTest.php" line="140" class="Tests\Unit\Playground\Test\Models\PlaygroundUser\InstanceTest" classname="Tests.Unit.Playground.Test.Models.PlaygroundUser.InstanceTest" assertions="4" time="0.022155"/>
        <testcase name="test_isAdmin_is_true_with_admin_role" file="/app/vendor/gammamatrix/playground-test/tests/Unit/Models/PlaygroundUser/InstanceTest.php" line="163" class="Tests\Unit\Playground\Test\Models\PlaygroundUser\InstanceTest" classname="Tests.Unit.Playground.Test.Models.PlaygroundUser.InstanceTest" assertions="1" time="0.021127"/>
        <testcase name="test_isAdmin_is_true_with_admin_secondary_role" file="/app/vendor/gammamatrix/playground-test/tests/Unit/Models/PlaygroundUser/InstanceTest.php" line="183" class="Tests\Unit\Playground\Test\Models\PlaygroundUser\InstanceTest" classname="Tests.Unit.Playground.Test.Models.PlaygroundUser.InstanceTest" assertions="1" time="0.021078"/>
        <testcase name="test_isAdmin_is_true_with_wheel_role" file="/app/vendor/gammamatrix/playground-test/tests/Unit/Models/PlaygroundUser/InstanceTest.php" line="203" class="Tests\Unit\Playground\Test\Models\PlaygroundUser\InstanceTest" classname="Tests.Unit.Playground.Test.Models.PlaygroundUser.InstanceTest" assertions="1" time="0.021177"/>
        <testcase name="test_isAdmin_is_true_with_wheel_secondary_role" file="/app/vendor/gammamatrix/playground-test/tests/Unit/Models/PlaygroundUser/InstanceTest.php" line="223" class="Tests\Unit\Playground\Test\Models\PlaygroundUser\InstanceTest" classname="Tests.Unit.Playground.Test.Models.PlaygroundUser.InstanceTest" assertions="1" time="0.021931"/>
        <testcase name="test_isAdmin_is_true_with_root_role" file="/app/vendor/gammamatrix/playground-test/tests/Unit/Models/PlaygroundUser/InstanceTest.php" line="243" class="Tests\Unit\Playground\Test\Models\PlaygroundUser\InstanceTest" classname="Tests.Unit.Playground.Test.Models.PlaygroundUser.InstanceTest" assertions="1" time="0.021321"/>
        <testcase name="test_isAdmin_is_false_with_root_secondary_role" file="/app/vendor/gammamatrix/playground-test/tests/Unit/Models/PlaygroundUser/InstanceTest.php" line="263" class="Tests\Unit\Playground\Test\Models\PlaygroundUser\InstanceTest" classname="Tests.Unit.Playground.Test.Models.PlaygroundUser.InstanceTest" assertions="1" time="0.021265"/>
        <testcase name="test_factory_with_make" file="/app/vendor/gammamatrix/playground-test/tests/Unit/Models/PlaygroundUser/InstanceTest.php" line="283" class="Tests\Unit\Playground\Test\Models\PlaygroundUser\InstanceTest" classname="Tests.Unit.Playground.Test.Models.PlaygroundUser.InstanceTest" assertions="1" time="0.023286"/>
      </testsuite>
      <testsuite name="Tests\Unit\Playground\Test\Models\PlaygroundUser\ModelTest" file="/app/vendor/gammamatrix/playground-test/tests/Unit/Models/PlaygroundUser/ModelTest.php" tests="3" assertions="9" errors="0" failures="0" skipped="0" time="0.062444">
        <testcase name="test_model_instance" file="/app/vendor/gammamatrix/playground-test/src/Unit/Models/ModelCase.php" line="114" class="Tests\Unit\Playground\Test\Models\PlaygroundUser\ModelTest" classname="Tests.Unit.Playground.Test.Models.PlaygroundUser.ModelTest" assertions="1" time="0.020504"/>
        <testcase name="test_verify_model_relationships" file="/app/vendor/gammamatrix/playground-test/src/Unit/Models/ModelCase.php" line="275" class="Tests\Unit\Playground\Test\Models\PlaygroundUser\ModelTest" classname="Tests.Unit.Playground.Test.Models.PlaygroundUser.ModelTest" assertions="5" time="0.019815"/>
        <testcase name="test_model_factory_make" file="/app/vendor/gammamatrix/playground-test/src/Unit/Models/ModelCase.php" line="291" class="Tests\Unit\Playground\Test\Models\PlaygroundUser\ModelTest" classname="Tests.Unit.Playground.Test.Models.PlaygroundUser.ModelTest" assertions="3" time="0.022125"/>
      </testsuite>
      <testsuite name="Tests\Unit\Playground\Test\Models\User\ModelTest" file="/app/vendor/gammamatrix/playground-test/tests/Unit/Models/User/ModelTest.php" tests="3" assertions="5" errors="0" failures="0" skipped="0" time="0.064826">
        <testcase name="test_getAttributes" file="/app/vendor/gammamatrix/playground-test/tests/Unit/Models/User/ModelTest.php" line="24" class="Tests\Unit\Playground\Test\Models\User\ModelTest" classname="Tests.Unit.Playground.Test.Models.User.ModelTest" assertions="2" time="0.021518"/>
        <testcase name="test_getAttributes_filled" file="/app/vendor/gammamatrix/playground-test/tests/Unit/Models/User/ModelTest.php" line="45" class="Tests\Unit\Playground\Test\Models\User\ModelTest" classname="Tests.Unit.Playground.Test.Models.User.ModelTest" assertions="2" time="0.021080"/>
        <testcase name="test_factory_with_make" file="/app/vendor/gammamatrix/playground-test/tests/Unit/Models/User/ModelTest.php" line="69" class="Tests\Unit\Playground\Test\Models\User\ModelTest" classname="Tests.Unit.Playground.Test.Models.User.ModelTest" assertions="1" time="0.022227"/>
      </testsuite>
      <testsuite name="Tests\Unit\Playground\Test\Models\UserWithRoleAndPrivileges\ModelTest" file="/app/vendor/gammamatrix/playground-test/tests/Unit/Models/UserWithRoleAndPrivileges/ModelTest.php" tests="5" assertions="7" errors="0" failures="0" skipped="0" time="0.104865">
        <testcase name="test_getAttributes" file="/app/vendor/gammamatrix/playground-test/tests/Unit/Models/UserWithRoleAndPrivileges/ModelTest.php" line="24" class="Tests\Unit\Playground\Test\Models\UserWithRoleAndPrivileges\ModelTest" classname="Tests.Unit.Playground.Test.Models.UserWithRoleAndPrivileges.ModelTest" assertions="2" time="0.022950"/>
        <testcase name="test_hasPrivilege_is_false_without_privilege" file="/app/vendor/gammamatrix/playground-test/tests/Unit/Models/UserWithRoleAndPrivileges/ModelTest.php" line="48" class="Tests\Unit\Playground\Test\Models\UserWithRoleAndPrivileges\ModelTest" classname="Tests.Unit.Playground.Test.Models.UserWithRoleAndPrivileges.ModelTest" assertions="1" time="0.019896"/>
        <testcase name="test_hasPrivilege_is_false_with_wrong_privilege" file="/app/vendor/gammamatrix/playground-test/tests/Unit/Models/UserWithRoleAndPrivileges/ModelTest.php" line="62" class="Tests\Unit\Playground\Test\Models\UserWithRoleAndPrivileges\ModelTest" classname="Tests.Unit.Playground.Test.Models.UserWithRoleAndPrivileges.ModelTest" assertions="1" time="0.019556"/>
        <testcase name="test_hasPrivilege_is_true_with_correct_privilege" file="/app/vendor/gammamatrix/playground-test/tests/Unit/Models/UserWithRoleAndPrivileges/ModelTest.php" line="80" class="Tests\Unit\Playground\Test\Models\UserWithRoleAndPrivileges\ModelTest" classname="Tests.Unit.Playground.Test.Models.UserWithRoleAndPrivileges.ModelTest" assertions="2" time="0.019736"/>
        <testcase name="test_factory_with_make" file="/app/vendor/gammamatrix/playground-test/tests/Unit/Models/UserWithRoleAndPrivileges/ModelTest.php" line="101" class="Tests\Unit\Playground\Test\Models\UserWithRoleAndPrivileges\ModelTest" classname="Tests.Unit.Playground.Test.Models.UserWithRoleAndPrivileges.ModelTest" assertions="1" time="0.022728"/>
      </testsuite>
      <testsuite name="Tests\Unit\Playground\Test\Models\UserWithRoleAndRoles\ModelTest" file="/app/vendor/gammamatrix/playground-test/tests/Unit/Models/UserWithRoleAndRoles/ModelTest.php" tests="11" assertions="15" errors="0" failures="0" skipped="0" time="0.237283">
        <testcase name="test_getAttributes" file="/app/vendor/gammamatrix/playground-test/tests/Unit/Models/UserWithRoleAndRoles/ModelTest.php" line="26" class="Tests\Unit\Playground\Test\Models\UserWithRoleAndRoles\ModelTest" classname="Tests.Unit.Playground.Test.Models.UserWithRoleAndRoles.ModelTest" assertions="2" time="0.020961"/>
        <testcase name="test_hasRole_is_false_without_role" file="/app/vendor/gammamatrix/playground-test/tests/Unit/Models/UserWithRoleAndRoles/ModelTest.php" line="49" class="Tests\Unit\Playground\Test\Models\UserWithRoleAndRoles\ModelTest" classname="Tests.Unit.Playground.Test.Models.UserWithRoleAndRoles.ModelTest" assertions="1" time="0.020840"/>
        <testcase name="test_hasRole_is_true_with_matching_role" file="/app/vendor/gammamatrix/playground-test/tests/Unit/Models/UserWithRoleAndRoles/ModelTest.php" line="63" class="Tests\Unit\Playground\Test\Models\UserWithRoleAndRoles\ModelTest" classname="Tests.Unit.Playground.Test.Models.UserWithRoleAndRoles.ModelTest" assertions="1" time="0.021315"/>
        <testcase name="test_hasRole_is_true_with_matching_secondary_role" file="/app/vendor/gammamatrix/playground-test/tests/Unit/Models/UserWithRoleAndRoles/ModelTest.php" line="79" class="Tests\Unit\Playground\Test\Models\UserWithRoleAndRoles\ModelTest" classname="Tests.Unit.Playground.Test.Models.UserWithRoleAndRoles.ModelTest" assertions="4" time="0.021576"/>
        <testcase name="test_isAdmin_is_true_with_admin_role" file="/app/vendor/gammamatrix/playground-test/tests/Unit/Models/UserWithRoleAndRoles/ModelTest.php" line="102" class="Tests\Unit\Playground\Test\Models\UserWithRoleAndRoles\ModelTest" classname="Tests.Unit.Playground.Test.Models.UserWithRoleAndRoles.ModelTest" assertions="1" time="0.021157"/>
        <testcase name="test_isAdmin_is_true_with_admin_secondary_role" file="/app/vendor/gammamatrix/playground-test/tests/Unit/Models/UserWithRoleAndRoles/ModelTest.php" line="122" class="Tests\Unit\Playground\Test\Models\UserWithRoleAndRoles\ModelTest" classname="Tests.Unit.Playground.Test.Models.UserWithRoleAndRoles.ModelTest" assertions="1" time="0.021218"/>
        <testcase name="test_isAdmin_is_true_with_wheel_role" file="/app/vendor/gammamatrix/playground-test/tests/Unit/Models/UserWithRoleAndRoles/ModelTest.php" line="142" class="Tests\Unit\Playground\Test\Models\UserWithRoleAndRoles\ModelTest" classname="Tests.Unit.Playground.Test.Models.UserWithRoleAndRoles.ModelTest" assertions="1" time="0.022445"/>
        <testcase name="test_isAdmin_is_true_with_wheel_secondary_role" file="/app/vendor/gammamatrix/playground-test/tests/Unit/Models/UserWithRoleAndRoles/ModelTest.php" line="162" class="Tests\Unit\Playground\Test\Models\UserWithRoleAndRoles\ModelTest" classname="Tests.Unit.Playground.Test.Models.UserWithRoleAndRoles.ModelTest" assertions="1" time="0.021137"/>
        <testcase name="test_isAdmin_is_true_with_root_role" file="/app/vendor/gammamatrix/playground-test/tests/Unit/Models/UserWithRoleAndRoles/ModelTest.php" line="182" class="Tests\Unit\Playground\Test\Models\UserWithRoleAndRoles\ModelTest" classname="Tests.Unit.Playground.Test.Models.UserWithRoleAndRoles.ModelTest" assertions="1" time="0.021234"/>
        <testcase name="test_isAdmin_is_false_with_root_secondary_role" file="/app/vendor/gammamatrix/playground-test/tests/Unit/Models/UserWithRoleAndRoles/ModelTest.php" line="202" class="Tests\Unit\Playground\Test\Models\UserWithRoleAndRoles\ModelTest" classname="Tests.Unit.Playground.Test.Models.UserWithRoleAndRoles.ModelTest" assertions="1" time="0.021098"/>
        <testcase name="test_factory_with_make" file="/app/vendor/gammamatrix/playground-test/tests/Unit/Models/UserWithRoleAndRoles/ModelTest.php" line="222" class="Tests\Unit\Playground\Test\Models\UserWithRoleAndRoles\ModelTest" classname="Tests.Unit.Playground.Test.Models.UserWithRoleAndRoles.ModelTest" assertions="1" time="0.024301"/>
      </testsuite>
      <testsuite name="Tests\Unit\Playground\Test\Models\UserWithRoleAndRolesAndPrivileges\ModelTest" file="/app/vendor/gammamatrix/playground-test/tests/Unit/Models/UserWithRoleAndRolesAndPrivileges/ModelTest.php" tests="2" assertions="3" errors="0" failures="0" skipped="0" time="0.043277">
        <testcase name="test_getAttributes" file="/app/vendor/gammamatrix/playground-test/tests/Unit/Models/UserWithRoleAndRolesAndPrivileges/ModelTest.php" line="26" class="Tests\Unit\Playground\Test\Models\UserWithRoleAndRolesAndPrivileges\ModelTest" classname="Tests.Unit.Playground.Test.Models.UserWithRoleAndRolesAndPrivileges.ModelTest" assertions="2" time="0.020767"/>
        <testcase name="test_factory_with_make" file="/app/vendor/gammamatrix/playground-test/tests/Unit/Models/UserWithRoleAndRolesAndPrivileges/ModelTest.php" line="50" class="Tests\Unit\Playground\Test\Models\UserWithRoleAndRolesAndPrivileges\ModelTest" classname="Tests.Unit.Playground.Test.Models.UserWithRoleAndRolesAndPrivileges.ModelTest" assertions="1" time="0.022510"/>
      </testsuite>
      <testsuite name="Tests\Unit\Playground\Test\Models\UserWithSanctum\ModelTest" file="/app/vendor/gammamatrix/playground-test/tests/Unit/Models/UserWithSanctum/ModelTest.php" tests="2" assertions="3" errors="0" failures="0" skipped="0" time="0.043182">
        <testcase name="test_getAttributes" file="/app/vendor/gammamatrix/playground-test/tests/Unit/Models/UserWithSanctum/ModelTest.php" line="24" class="Tests\Unit\Playground\Test\Models\UserWithSanctum\ModelTest" classname="Tests.Unit.Playground.Test.Models.UserWithSanctum.ModelTest" assertions="2" time="0.020951"/>
        <testcase name="test_factory_with_make" file="/app/vendor/gammamatrix/playground-test/tests/Unit/Models/UserWithSanctum/ModelTest.php" line="46" class="Tests\Unit\Playground\Test\Models\UserWithSanctum\ModelTest" classname="Tests.Unit.Playground.Test.Models.UserWithSanctum.ModelTest" assertions="1" time="0.022231"/>
      </testsuite>
    </testsuite>
    <testsuite name="Feature" tests="191" assertions="370" errors="0" failures="0" skipped="0" time="21.041724">
      <testsuite name="Tests\Feature\ExampleTest" file="/app/tests/Feature/ExampleTest.php" tests="1" assertions="1" errors="0" failures="0" skipped="0" time="0.137097">
        <testcase name="test_the_application_returns_a_successful_response" file="/app/tests/Feature/ExampleTest.php" line="12" class="Tests\Feature\ExampleTest" classname="Tests.Feature.ExampleTest" assertions="1" time="0.137097"/>
      </testsuite>
      <testsuite name="Tests\Feature\Playground\Console\Commands\About\CommandTest" file="/app/vendor/gammamatrix/playground/tests/Feature/Console/Commands/About/CommandTest.php" tests="1" assertions="2" errors="0" failures="0" skipped="0" time="0.104764">
        <testcase name="test_command_about_displays_package_information_and_succeed_with_code_0" file="/app/vendor/gammamatrix/playground/tests/Feature/Console/Commands/About/CommandTest.php" line="19" class="Tests\Feature\Playground\Console\Commands\About\CommandTest" classname="Tests.Feature.Playground.Console.Commands.About.CommandTest" assertions="2" time="0.104764"/>
      </testsuite>
      <testsuite name="Tests\Feature\Playground\Models\User\ModelTest" file="/app/vendor/gammamatrix/playground/tests/Feature/Models/User/ModelTest.php" tests="1" assertions="9" errors="0" failures="0" skipped="0" time="0.096177">
        <testcase name="test_save_model_in_database" file="/app/vendor/gammamatrix/playground/tests/Feature/Models/User/ModelTest.php" line="19" class="Tests\Feature\Playground\Models\User\ModelTest" classname="Tests.Feature.Playground.Models.User.ModelTest" assertions="9" time="0.096177"/>
      </testsuite>
      <testsuite name="Tests\Feature\Playground\Auth\Console\Commands\About\CommandTest" file="/app/vendor/gammamatrix/playground-auth/tests/Feature/Console/Commands/About/CommandTest.php" tests="1" assertions="2" errors="0" failures="0" skipped="0" time="0.125006">
        <testcase name="test_command_about_displays_package_information_and_succeed_with_code_0" file="/app/vendor/gammamatrix/playground-auth/tests/Feature/Console/Commands/About/CommandTest.php" line="28" class="Tests\Feature\Playground\Auth\Console\Commands\About\CommandTest" classname="Tests.Feature.Playground.Auth.Console.Commands.About.CommandTest" assertions="2" time="0.125006"/>
      </testsuite>
      <testsuite name="Tests\Feature\Playground\Blade\Console\Commands\About\CommandTest" file="/app/vendor/gammamatrix/playground-blade/tests/Feature/Console/Commands/About/CommandTest.php" tests="1" assertions="2" errors="0" failures="0" skipped="0" time="0.132838">
        <testcase name="test_command_about_displays_package_information_and_succeed_with_code_0" file="/app/vendor/gammamatrix/playground-blade/tests/Feature/Console/Commands/About/CommandTest.php" line="19" class="Tests\Feature\Playground\Blade\Console\Commands\About\CommandTest" classname="Tests.Feature.Playground.Blade.Console.Commands.About.CommandTest" assertions="2" time="0.132838"/>
      </testsuite>
      <testsuite name="Tests\Feature\Playground\Login\Blade\Console\Commands\About\CommandTest" file="/app/vendor/gammamatrix/playground-login-blade/tests/Feature/Console/Commands/About/CommandTest.php" tests="1" assertions="2" errors="0" failures="0" skipped="0" time="0.169542">
        <testcase name="test_command_about_displays_package_information_and_succeed_with_code_0" file="/app/vendor/gammamatrix/playground-login-blade/tests/Feature/Console/Commands/About/CommandTest.php" line="19" class="Tests\Feature\Playground\Login\Blade\Console\Commands\About\CommandTest" classname="Tests.Feature.Playground.Login.Blade.Console.Commands.About.CommandTest" assertions="2" time="0.169542"/>
      </testsuite>
      <testsuite name="Tests\Feature\Playground\Login\Blade\Http\Controllers\Laravel\AuthenticationRouteTest" file="/app/vendor/gammamatrix/playground-login-blade/tests/Feature/Http/Controllers/Laravel/AuthenticationRouteTest.php" tests="11" assertions="38" errors="0" failures="0" skipped="0" time="2.724798">
        <testcase name="test_login_screen_can_be_rendered" file="/app/vendor/gammamatrix/playground-login-blade/tests/Feature/Http/Controllers/Laravel/AuthenticationRouteTest.php" line="34" class="Tests\Feature\Playground\Login\Blade\Http\Controllers\Laravel\AuthenticationRouteTest" classname="Tests.Feature.Playground.Login.Blade.Http.Controllers.Laravel.AuthenticationRouteTest" assertions="1" time="0.227925"/>
        <testcase name="test_users_can_authenticate_using_the_login_screen_laravel" file="/app/vendor/gammamatrix/playground-login-blade/tests/Feature/Http/Controllers/Laravel/AuthenticationRouteTest.php" line="41" class="Tests\Feature\Playground\Login\Blade\Http\Controllers\Laravel\AuthenticationRouteTest" classname="Tests.Feature.Playground.Login.Blade.Http.Controllers.Laravel.AuthenticationRouteTest" assertions="4" time="0.149908"/>
        <testcase name="test_users_can_authenticate_using_json" file="/app/vendor/gammamatrix/playground-login-blade/tests/Feature/Http/Controllers/Laravel/AuthenticationRouteTest.php" line="66" class="Tests\Feature\Playground\Login\Blade\Http\Controllers\Laravel\AuthenticationRouteTest" classname="Tests.Feature.Playground.Login.Blade.Http.Controllers.Laravel.AuthenticationRouteTest" assertions="4" time="0.081481"/>
        <testcase name="test_users_cannot_authenticate_with_invalid_password" file="/app/vendor/gammamatrix/playground-login-blade/tests/Feature/Http/Controllers/Laravel/AuthenticationRouteTest.php" line="86" class="Tests\Feature\Playground\Login\Blade\Http\Controllers\Laravel\AuthenticationRouteTest" classname="Tests.Feature.Playground.Login.Blade.Http.Controllers.Laravel.AuthenticationRouteTest" assertions="2" time="0.279736"/>
        <testcase name="test_users_can_logout_on_get_request" file="/app/vendor/gammamatrix/playground-login-blade/tests/Feature/Http/Controllers/Laravel/AuthenticationRouteTest.php" line="103" class="Tests\Feature\Playground\Login\Blade\Http\Controllers\Laravel\AuthenticationRouteTest" classname="Tests.Feature.Playground.Login.Blade.Http.Controllers.Laravel.AuthenticationRouteTest" assertions="2" time="0.073824"/>
        <testcase name="test_users_can_logout_on_get_request_using_json" file="/app/vendor/gammamatrix/playground-login-blade/tests/Feature/Http/Controllers/Laravel/AuthenticationRouteTest.php" line="120" class="Tests\Feature\Playground\Login\Blade\Http\Controllers\Laravel\AuthenticationRouteTest" classname="Tests.Feature.Playground.Login.Blade.Http.Controllers.Laravel.AuthenticationRouteTest" assertions="4" time="0.075243"/>
        <testcase name="test_users_can_logout_on_post_request" file="/app/vendor/gammamatrix/playground-login-blade/tests/Feature/Http/Controllers/Laravel/AuthenticationRouteTest.php" line="142" class="Tests\Feature\Playground\Login\Blade\Http\Controllers\Laravel\AuthenticationRouteTest" classname="Tests.Feature.Playground.Login.Blade.Http.Controllers.Laravel.AuthenticationRouteTest" assertions="2" time="0.076843"/>
        <testcase name="test_guests_can_logout_on_get_request" file="/app/vendor/gammamatrix/playground-login-blade/tests/Feature/Http/Controllers/Laravel/AuthenticationRouteTest.php" line="156" class="Tests\Feature\Playground\Login\Blade\Http\Controllers\Laravel\AuthenticationRouteTest" classname="Tests.Feature.Playground.Login.Blade.Http.Controllers.Laravel.AuthenticationRouteTest" assertions="2" time="0.073121"/>
        <testcase name="test_csfr_token_request" file="/app/vendor/gammamatrix/playground-login-blade/tests/Feature/Http/Controllers/Laravel/AuthenticationRouteTest.php" line="174" class="Tests\Feature\Playground\Login\Blade\Http\Controllers\Laravel\AuthenticationRouteTest" classname="Tests.Feature.Playground.Login.Blade.Http.Controllers.Laravel.AuthenticationRouteTest" assertions="3" time="0.074082"/>
        <testcase name="test_login_repeat_under_rate_limit_and_clear" file="/app/vendor/gammamatrix/playground-login-blade/tests/Feature/Http/Controllers/Laravel/AuthenticationRouteTest.php" line="187" class="Tests\Feature\Playground\Login\Blade\Http\Controllers\Laravel\AuthenticationRouteTest" classname="Tests.Feature.Playground.Login.Blade.Http.Controllers.Laravel.AuthenticationRouteTest" assertions="6" time="0.494284"/>
        <testcase name="test_login_repeat_and_hit_rate_limit" file="/app/vendor/gammamatrix/playground-login-blade/tests/Feature/Http/Controllers/Laravel/AuthenticationRouteTest.php" line="215" class="Tests\Feature\Playground\Login\Blade\Http\Controllers\Laravel\AuthenticationRouteTest" classname="Tests.Feature.Playground.Login.Blade.Http.Controllers.Laravel.AuthenticationRouteTest" assertions="8" time="1.118351"/>
      </testsuite>
      <testsuite name="Tests\Feature\Playground\Login\Blade\Http\Controllers\Laravel\EmailVerificationRouteTest" file="/app/vendor/gammamatrix/playground-login-blade/tests/Feature/Http/Controllers/Laravel/EmailVerificationRouteTest.php" tests="10" assertions="25" errors="0" failures="0" skipped="0" time="0.826387">
        <testcase name="test_email_verification_screen_can_be_rendered" file="/app/vendor/gammamatrix/playground-login-blade/tests/Feature/Http/Controllers/Laravel/EmailVerificationRouteTest.php" line="27" class="Tests\Feature\Playground\Login\Blade\Http\Controllers\Laravel\EmailVerificationRouteTest" classname="Tests.Feature.Playground.Login.Blade.Http.Controllers.Laravel.EmailVerificationRouteTest" assertions="1" time="0.097731"/>
        <testcase name="test_email_verification_screen_is_not_rendered_if_already_verified" file="/app/vendor/gammamatrix/playground-login-blade/tests/Feature/Http/Controllers/Laravel/EmailVerificationRouteTest.php" line="41" class="Tests\Feature\Playground\Login\Blade\Http\Controllers\Laravel\EmailVerificationRouteTest" classname="Tests.Feature.Playground.Login.Blade.Http.Controllers.Laravel.EmailVerificationRouteTest" assertions="1" time="0.086223"/>
        <testcase name="test_json_send_email_verification_notification_as_guest" file="/app/vendor/gammamatrix/playground-login-blade/tests/Feature/Http/Controllers/Laravel/EmailVerificationRouteTest.php" line="55" class="Tests\Feature\Playground\Login\Blade\Http\Controllers\Laravel\EmailVerificationRouteTest" classname="Tests.Feature.Playground.Login.Blade.Http.Controllers.Laravel.EmailVerificationRouteTest" assertions="4" time="0.078764"/>
        <testcase name="test_send_email_verification_notification_as_guest_and_redirect" file="/app/vendor/gammamatrix/playground-login-blade/tests/Feature/Http/Controllers/Laravel/EmailVerificationRouteTest.php" line="75" class="Tests\Feature\Playground\Login\Blade\Http\Controllers\Laravel\EmailVerificationRouteTest" classname="Tests.Feature.Playground.Login.Blade.Http.Controllers.Laravel.EmailVerificationRouteTest" assertions="4" time="0.074232"/>
        <testcase name="test_send_email_verification_notification_as_user" file="/app/vendor/gammamatrix/playground-login-blade/tests/Feature/Http/Controllers/Laravel/EmailVerificationRouteTest.php" line="88" class="Tests\Feature\Playground\Login\Blade\Http\Controllers\Laravel\EmailVerificationRouteTest" classname="Tests.Feature.Playground.Login.Blade.Http.Controllers.Laravel.EmailVerificationRouteTest" assertions="3" time="0.076070"/>
        <testcase name="test_send_email_verification_notification_when_already_verified" file="/app/vendor/gammamatrix/playground-login-blade/tests/Feature/Http/Controllers/Laravel/EmailVerificationRouteTest.php" line="117" class="Tests\Feature\Playground\Login\Blade\Http\Controllers\Laravel\EmailVerificationRouteTest" classname="Tests.Feature.Playground.Login.Blade.Http.Controllers.Laravel.EmailVerificationRouteTest" assertions="2" time="0.076865"/>
        <testcase name="test_email_can_be_verified" file="/app/vendor/gammamatrix/playground-login-blade/tests/Feature/Http/Controllers/Laravel/EmailVerificationRouteTest.php" line="137" class="Tests\Feature\Playground\Login\Blade\Http\Controllers\Laravel\EmailVerificationRouteTest" classname="Tests.Feature.Playground.Login.Blade.Http.Controllers.Laravel.EmailVerificationRouteTest" assertions="4" time="0.089342"/>
        <testcase name="test_email_is_not_verified_with_invalid_hash" file="/app/vendor/gammamatrix/playground-login-blade/tests/Feature/Http/Controllers/Laravel/EmailVerificationRouteTest.php" line="175" class="Tests\Feature\Playground\Login\Blade\Http\Controllers\Laravel\EmailVerificationRouteTest" classname="Tests.Feature.Playground.Login.Blade.Http.Controllers.Laravel.EmailVerificationRouteTest" assertions="1" time="0.082673"/>
        <testcase name="test_email_is_not_verified_with_invalid_user_id" file="/app/vendor/gammamatrix/playground-login-blade/tests/Feature/Http/Controllers/Laravel/EmailVerificationRouteTest.php" line="208" class="Tests\Feature\Playground\Login\Blade\Http\Controllers\Laravel\EmailVerificationRouteTest" classname="Tests.Feature.Playground.Login.Blade.Http.Controllers.Laravel.EmailVerificationRouteTest" assertions="1" time="0.079821"/>
        <testcase name="test_email_verified_with_already_verified" file="/app/vendor/gammamatrix/playground-login-blade/tests/Feature/Http/Controllers/Laravel/EmailVerificationRouteTest.php" line="241" class="Tests\Feature\Playground\Login\Blade\Http\Controllers\Laravel\EmailVerificationRouteTest" classname="Tests.Feature.Playground.Login.Blade.Http.Controllers.Laravel.EmailVerificationRouteTest" assertions="4" time="0.084666"/>
      </testsuite>
      <testsuite name="Tests\Feature\Playground\Login\Blade\Http\Controllers\Laravel\PasswordConfirmationRouteTest" file="/app/vendor/gammamatrix/playground-login-blade/tests/Feature/Http/Controllers/Laravel/PasswordConfirmationRouteTest.php" tests="3" assertions="4" errors="0" failures="0" skipped="0" time="0.457748">
        <testcase name="test_confirm_password_screen_can_be_rendered" file="/app/vendor/gammamatrix/playground-login-blade/tests/Feature/Http/Controllers/Laravel/PasswordConfirmationRouteTest.php" line="21" class="Tests\Feature\Playground\Login\Blade\Http\Controllers\Laravel\PasswordConfirmationRouteTest" classname="Tests.Feature.Playground.Login.Blade.Http.Controllers.Laravel.PasswordConfirmationRouteTest" assertions="1" time="0.098328"/>
        <testcase name="test_password_can_be_confirmed" file="/app/vendor/gammamatrix/playground-login-blade/tests/Feature/Http/Controllers/Laravel/PasswordConfirmationRouteTest.php" line="33" class="Tests\Feature\Playground\Login\Blade\Http\Controllers\Laravel\PasswordConfirmationRouteTest" classname="Tests.Feature.Playground.Login.Blade.Http.Controllers.Laravel.PasswordConfirmationRouteTest" assertions="2" time="0.080119"/>
        <testcase name="test_password_is_not_confirmed_with_invalid_password" file="/app/vendor/gammamatrix/playground-login-blade/tests/Feature/Http/Controllers/Laravel/PasswordConfirmationRouteTest.php" line="52" class="Tests\Feature\Playground\Login\Blade\Http\Controllers\Laravel\PasswordConfirmationRouteTest" classname="Tests.Feature.Playground.Login.Blade.Http.Controllers.Laravel.PasswordConfirmationRouteTest" assertions="1" time="0.279301"/>
      </testsuite>
      <testsuite name="Tests\Feature\Playground\Login\Blade\Http\Controllers\Laravel\PasswordResetRouteTest" file="/app/vendor/gammamatrix/playground-login-blade/tests/Feature/Http/Controllers/Laravel/PasswordResetRouteTest.php" tests="6" assertions="11" errors="0" failures="0" skipped="0" time="0.550181">
        <testcase name="test_reset_password_link_screen_can_be_rendered" file="/app/vendor/gammamatrix/playground-login-blade/tests/Feature/Http/Controllers/Laravel/PasswordResetRouteTest.php" line="23" class="Tests\Feature\Playground\Login\Blade\Http\Controllers\Laravel\PasswordResetRouteTest" classname="Tests.Feature.Playground.Login.Blade.Http.Controllers.Laravel.PasswordResetRouteTest" assertions="1" time="0.089884"/>
        <testcase name="test_reset_password_link_can_be_requested" file="/app/vendor/gammamatrix/playground-login-blade/tests/Feature/Http/Controllers/Laravel/PasswordResetRouteTest.php" line="30" class="Tests\Feature\Playground\Login\Blade\Http\Controllers\Laravel\PasswordResetRouteTest" classname="Tests.Feature.Playground.Login.Blade.Http.Controllers.Laravel.PasswordResetRouteTest" assertions="1" time="0.081281"/>
        <testcase name="test_reset_password_screen_can_be_rendered" file="/app/vendor/gammamatrix/playground-login-blade/tests/Feature/Http/Controllers/Laravel/PasswordResetRouteTest.php" line="44" class="Tests\Feature\Playground\Login\Blade\Http\Controllers\Laravel\PasswordResetRouteTest" classname="Tests.Feature.Playground.Login.Blade.Http.Controllers.Laravel.PasswordResetRouteTest" assertions="3" time="0.114652"/>
        <testcase name="test_password_can_be_reset_with_valid_token" file="/app/vendor/gammamatrix/playground-login-blade/tests/Feature/Http/Controllers/Laravel/PasswordResetRouteTest.php" line="66" class="Tests\Feature\Playground\Login\Blade\Http\Controllers\Laravel\PasswordResetRouteTest" classname="Tests.Feature.Playground.Login.Blade.Http.Controllers.Laravel.PasswordResetRouteTest" assertions="3" time="0.096206"/>
        <testcase name="test_password_reset_with_invalid_token" file="/app/vendor/gammamatrix/playground-login-blade/tests/Feature/Http/Controllers/Laravel/PasswordResetRouteTest.php" line="92" class="Tests\Feature\Playground\Login\Blade\Http\Controllers\Laravel\PasswordResetRouteTest" classname="Tests.Feature.Playground.Login.Blade.Http.Controllers.Laravel.PasswordResetRouteTest" assertions="2" time="0.093487"/>
        <testcase name="test_password_reset_with_invalid_user" file="/app/vendor/gammamatrix/playground-login-blade/tests/Feature/Http/Controllers/Laravel/PasswordResetRouteTest.php" line="117" class="Tests\Feature\Playground\Login\Blade\Http\Controllers\Laravel\PasswordResetRouteTest" classname="Tests.Feature.Playground.Login.Blade.Http.Controllers.Laravel.PasswordResetRouteTest" assertions="1" time="0.074671"/>
      </testsuite>
      <testsuite name="Tests\Feature\Playground\Login\Blade\Http\Controllers\Laravel\RegistrationRouteTest" file="/app/vendor/gammamatrix/playground-login-blade/tests/Feature/Http/Controllers/Laravel/RegistrationRouteTest.php" tests="2" assertions="4" errors="0" failures="0" skipped="0" time="0.177821">
        <testcase name="test_registration_screen_can_be_rendered" file="/app/vendor/gammamatrix/playground-login-blade/tests/Feature/Http/Controllers/Laravel/RegistrationRouteTest.php" line="20" class="Tests\Feature\Playground\Login\Blade\Http\Controllers\Laravel\RegistrationRouteTest" classname="Tests.Feature.Playground.Login.Blade.Http.Controllers.Laravel.RegistrationRouteTest" assertions="1" time="0.093474"/>
        <testcase name="test_new_users_can_register" file="/app/vendor/gammamatrix/playground-login-blade/tests/Feature/Http/Controllers/Laravel/RegistrationRouteTest.php" line="27" class="Tests\Feature\Playground\Login\Blade\Http\Controllers\Laravel\RegistrationRouteTest" classname="Tests.Feature.Playground.Login.Blade.Http.Controllers.Laravel.RegistrationRouteTest" assertions="3" time="0.084347"/>
      </testsuite>
      <testsuite name="Tests\Feature\Playground\Login\Blade\Http\Controllers\Playground\AuthenticationRouteTest" file="/app/vendor/gammamatrix/playground-login-blade/tests/Feature/Http/Controllers/Playground/AuthenticationRouteTest.php" tests="11" assertions="38" errors="0" failures="0" skipped="0" time="2.650216">
        <testcase name="test_login_screen_can_be_rendered" file="/app/vendor/gammamatrix/playground-login-blade/tests/Feature/Http/Controllers/Playground/AuthenticationRouteTest.php" line="34" class="Tests\Feature\Playground\Login\Blade\Http\Controllers\Playground\AuthenticationRouteTest" classname="Tests.Feature.Playground.Login.Blade.Http.Controllers.Playground.AuthenticationRouteTest" assertions="1" time="0.090728"/>
        <testcase name="test_users_can_authenticate_using_the_login_screen_playground" file="/app/vendor/gammamatrix/playground-login-blade/tests/Feature/Http/Controllers/Playground/AuthenticationRouteTest.php" line="41" class="Tests\Feature\Playground\Login\Blade\Http\Controllers\Playground\AuthenticationRouteTest" classname="Tests.Feature.Playground.Login.Blade.Http.Controllers.Playground.AuthenticationRouteTest" assertions="4" time="0.098581"/>
        <testcase name="test_users_can_authenticate_using_json" file="/app/vendor/gammamatrix/playground-login-blade/tests/Feature/Http/Controllers/Playground/AuthenticationRouteTest.php" line="66" class="Tests\Feature\Playground\Login\Blade\Http\Controllers\Playground\AuthenticationRouteTest" classname="Tests.Feature.Playground.Login.Blade.Http.Controllers.Playground.AuthenticationRouteTest" assertions="4" time="0.092037"/>
        <testcase name="test_users_cannot_authenticate_with_invalid_password" file="/app/vendor/gammamatrix/playground-login-blade/tests/Feature/Http/Controllers/Playground/AuthenticationRouteTest.php" line="86" class="Tests\Feature\Playground\Login\Blade\Http\Controllers\Playground\AuthenticationRouteTest" classname="Tests.Feature.Playground.Login.Blade.Http.Controllers.Playground.AuthenticationRouteTest" assertions="2" time="0.291217"/>
        <testcase name="test_users_can_logout_on_get_request" file="/app/vendor/gammamatrix/playground-login-blade/tests/Feature/Http/Controllers/Playground/AuthenticationRouteTest.php" line="103" class="Tests\Feature\Playground\Login\Blade\Http\Controllers\Playground\AuthenticationRouteTest" classname="Tests.Feature.Playground.Login.Blade.Http.Controllers.Playground.AuthenticationRouteTest" assertions="2" time="0.089654"/>
        <testcase name="test_users_can_logout_on_get_request_using_json" file="/app/vendor/gammamatrix/playground-login-blade/tests/Feature/Http/Controllers/Playground/AuthenticationRouteTest.php" line="120" class="Tests\Feature\Playground\Login\Blade\Http\Controllers\Playground\AuthenticationRouteTest" classname="Tests.Feature.Playground.Login.Blade.Http.Controllers.Playground.AuthenticationRouteTest" assertions="4" time="0.097479"/>
        <testcase name="test_users_can_logout_on_post_request" file="/app/vendor/gammamatrix/playground-login-blade/tests/Feature/Http/Controllers/Playground/AuthenticationRouteTest.php" line="142" class="Tests\Feature\Playground\Login\Blade\Http\Controllers\Playground\AuthenticationRouteTest" classname="Tests.Feature.Playground.Login.Blade.Http.Controllers.Playground.AuthenticationRouteTest" assertions="2" time="0.091545"/>
        <testcase name="test_guests_can_logout_on_get_request" file="/app/vendor/gammamatrix/playground-login-blade/tests/Feature/Http/Controllers/Playground/AuthenticationRouteTest.php" line="156" class="Tests\Feature\Playground\Login\Blade\Http\Controllers\Playground\AuthenticationRouteTest" classname="Tests.Feature.Playground.Login.Blade.Http.Controllers.Playground.AuthenticationRouteTest" assertions="2" time="0.079624"/>
        <testcase name="test_csfr_token_request" file="/app/vendor/gammamatrix/playground-login-blade/tests/Feature/Http/Controllers/Playground/AuthenticationRouteTest.php" line="174" class="Tests\Feature\Playground\Login\Blade\Http\Controllers\Playground\AuthenticationRouteTest" classname="Tests.Feature.Playground.Login.Blade.Http.Controllers.Playground.AuthenticationRouteTest" assertions="3" time="0.080747"/>
        <testcase name="test_login_repeat_under_rate_limit_and_clear" file="/app/vendor/gammamatrix/playground-login-blade/tests/Feature/Http/Controllers/Playground/AuthenticationRouteTest.php" line="187" class="Tests\Feature\Playground\Login\Blade\Http\Controllers\Playground\AuthenticationRouteTest" classname="Tests.Feature.Playground.Login.Blade.Http.Controllers.Playground.AuthenticationRouteTest" assertions="6" time="0.509810"/>
        <testcase name="test_login_repeat_and_hit_rate_limit" file="/app/vendor/gammamatrix/playground-login-blade/tests/Feature/Http/Controllers/Playground/AuthenticationRouteTest.php" line="215" class="Tests\Feature\Playground\Login\Blade\Http\Controllers\Playground\AuthenticationRouteTest" classname="Tests.Feature.Playground.Login.Blade.Http.Controllers.Playground.AuthenticationRouteTest" assertions="8" time="1.128793"/>
      </testsuite>
      <testsuite name="Tests\Feature\Playground\Login\Blade\Http\Controllers\Playground\EmailVerificationRouteTest" file="/app/vendor/gammamatrix/playground-login-blade/tests/Feature/Http/Controllers/Playground/EmailVerificationRouteTest.php" tests="10" assertions="25" errors="0" failures="0" skipped="0" time="0.901215">
        <testcase name="test_email_verification_screen_can_be_rendered" file="/app/vendor/gammamatrix/playground-login-blade/tests/Feature/Http/Controllers/Playground/EmailVerificationRouteTest.php" line="27" class="Tests\Feature\Playground\Login\Blade\Http\Controllers\Playground\EmailVerificationRouteTest" classname="Tests.Feature.Playground.Login.Blade.Http.Controllers.Playground.EmailVerificationRouteTest" assertions="1" time="0.098408"/>
        <testcase name="test_email_verification_screen_is_not_rendered_if_already_verified" file="/app/vendor/gammamatrix/playground-login-blade/tests/Feature/Http/Controllers/Playground/EmailVerificationRouteTest.php" line="41" class="Tests\Feature\Playground\Login\Blade\Http\Controllers\Playground\EmailVerificationRouteTest" classname="Tests.Feature.Playground.Login.Blade.Http.Controllers.Playground.EmailVerificationRouteTest" assertions="1" time="0.090096"/>
        <testcase name="test_json_send_email_verification_notification_as_guest" file="/app/vendor/gammamatrix/playground-login-blade/tests/Feature/Http/Controllers/Playground/EmailVerificationRouteTest.php" line="55" class="Tests\Feature\Playground\Login\Blade\Http\Controllers\Playground\EmailVerificationRouteTest" classname="Tests.Feature.Playground.Login.Blade.Http.Controllers.Playground.EmailVerificationRouteTest" assertions="4" time="0.080174"/>
        <testcase name="test_send_email_verification_notification_as_guest_and_redirect" file="/app/vendor/gammamatrix/playground-login-blade/tests/Feature/Http/Controllers/Playground/EmailVerificationRouteTest.php" line="75" class="Tests\Feature\Playground\Login\Blade\Http\Controllers\Playground\EmailVerificationRouteTest" classname="Tests.Feature.Playground.Login.Blade.Http.Controllers.Playground.EmailVerificationRouteTest" assertions="4" time="0.077726"/>
        <testcase name="test_send_email_verification_notification_as_user" file="/app/vendor/gammamatrix/playground-login-blade/tests/Feature/Http/Controllers/Playground/EmailVerificationRouteTest.php" line="88" class="Tests\Feature\Playground\Login\Blade\Http\Controllers\Playground\EmailVerificationRouteTest" classname="Tests.Feature.Playground.Login.Blade.Http.Controllers.Playground.EmailVerificationRouteTest" assertions="3" time="0.087959"/>
        <testcase name="test_send_email_verification_notification_when_already_verified" file="/app/vendor/gammamatrix/playground-login-blade/tests/Feature/Http/Controllers/Playground/EmailVerificationRouteTest.php" line="117" class="Tests\Feature\Playground\Login\Blade\Http\Controllers\Playground\EmailVerificationRouteTest" classname="Tests.Feature.Playground.Login.Blade.Http.Controllers.Playground.EmailVerificationRouteTest" assertions="2" time="0.101902"/>
        <testcase name="test_email_can_be_verified" file="/app/vendor/gammamatrix/playground-login-blade/tests/Feature/Http/Controllers/Playground/EmailVerificationRouteTest.php" line="137" class="Tests\Feature\Playground\Login\Blade\Http\Controllers\Playground\EmailVerificationRouteTest" classname="Tests.Feature.Playground.Login.Blade.Http.Controllers.Playground.EmailVerificationRouteTest" assertions="4" time="0.094242"/>
        <testcase name="test_email_is_not_verified_with_invalid_hash" file="/app/vendor/gammamatrix/playground-login-blade/tests/Feature/Http/Controllers/Playground/EmailVerificationRouteTest.php" line="175" class="Tests\Feature\Playground\Login\Blade\Http\Controllers\Playground\EmailVerificationRouteTest" classname="Tests.Feature.Playground.Login.Blade.Http.Controllers.Playground.EmailVerificationRouteTest" assertions="1" time="0.089114"/>
        <testcase name="test_email_is_not_verified_with_invalid_user_id" file="/app/vendor/gammamatrix/playground-login-blade/tests/Feature/Http/Controllers/Playground/EmailVerificationRouteTest.php" line="208" class="Tests\Feature\Playground\Login\Blade\Http\Controllers\Playground\EmailVerificationRouteTest" classname="Tests.Feature.Playground.Login.Blade.Http.Controllers.Playground.EmailVerificationRouteTest" assertions="1" time="0.090702"/>
        <testcase name="test_email_verified_with_already_verified" file="/app/vendor/gammamatrix/playground-login-blade/tests/Feature/Http/Controllers/Playground/EmailVerificationRouteTest.php" line="241" class="Tests\Feature\Playground\Login\Blade\Http\Controllers\Playground\EmailVerificationRouteTest" classname="Tests.Feature.Playground.Login.Blade.Http.Controllers.Playground.EmailVerificationRouteTest" assertions="4" time="0.090892"/>
      </testsuite>
      <testsuite name="Tests\Feature\Playground\Login\Blade\Http\Controllers\Playground\PasswordConfirmationRouteTest" file="/app/vendor/gammamatrix/playground-login-blade/tests/Feature/Http/Controllers/Playground/PasswordConfirmationRouteTest.php" tests="3" assertions="4" errors="0" failures="0" skipped="0" time="0.471107">
        <testcase name="test_confirm_password_screen_can_be_rendered" file="/app/vendor/gammamatrix/playground-login-blade/tests/Feature/Http/Controllers/Playground/PasswordConfirmationRouteTest.php" line="21" class="Tests\Feature\Playground\Login\Blade\Http\Controllers\Playground\PasswordConfirmationRouteTest" classname="Tests.Feature.Playground.Login.Blade.Http.Controllers.Playground.PasswordConfirmationRouteTest" assertions="1" time="0.093498"/>
        <testcase name="test_password_can_be_confirmed" file="/app/vendor/gammamatrix/playground-login-blade/tests/Feature/Http/Controllers/Playground/PasswordConfirmationRouteTest.php" line="33" class="Tests\Feature\Playground\Login\Blade\Http\Controllers\Playground\PasswordConfirmationRouteTest" classname="Tests.Feature.Playground.Login.Blade.Http.Controllers.Playground.PasswordConfirmationRouteTest" assertions="2" time="0.088972"/>
        <testcase name="test_password_is_not_confirmed_with_invalid_password" file="/app/vendor/gammamatrix/playground-login-blade/tests/Feature/Http/Controllers/Playground/PasswordConfirmationRouteTest.php" line="48" class="Tests\Feature\Playground\Login\Blade\Http\Controllers\Playground\PasswordConfirmationRouteTest" classname="Tests.Feature.Playground.Login.Blade.Http.Controllers.Playground.PasswordConfirmationRouteTest" assertions="1" time="0.288637"/>
      </testsuite>
      <testsuite name="Tests\Feature\Playground\Login\Blade\Http\Controllers\Playground\PasswordResetRouteTest" file="/app/vendor/gammamatrix/playground-login-blade/tests/Feature/Http/Controllers/Playground/PasswordResetRouteTest.php" tests="6" assertions="11" errors="0" failures="0" skipped="0" time="0.588620">
        <testcase name="test_reset_password_link_screen_can_be_rendered" file="/app/vendor/gammamatrix/playground-login-blade/tests/Feature/Http/Controllers/Playground/PasswordResetRouteTest.php" line="23" class="Tests\Feature\Playground\Login\Blade\Http\Controllers\Playground\PasswordResetRouteTest" classname="Tests.Feature.Playground.Login.Blade.Http.Controllers.Playground.PasswordResetRouteTest" assertions="1" time="0.089863"/>
        <testcase name="test_reset_password_link_can_be_requested" file="/app/vendor/gammamatrix/playground-login-blade/tests/Feature/Http/Controllers/Playground/PasswordResetRouteTest.php" line="30" class="Tests\Feature\Playground\Login\Blade\Http\Controllers\Playground\PasswordResetRouteTest" classname="Tests.Feature.Playground.Login.Blade.Http.Controllers.Playground.PasswordResetRouteTest" assertions="1" time="0.093989"/>
        <testcase name="test_reset_password_screen_can_be_rendered" file="/app/vendor/gammamatrix/playground-login-blade/tests/Feature/Http/Controllers/Playground/PasswordResetRouteTest.php" line="44" class="Tests\Feature\Playground\Login\Blade\Http\Controllers\Playground\PasswordResetRouteTest" classname="Tests.Feature.Playground.Login.Blade.Http.Controllers.Playground.PasswordResetRouteTest" assertions="3" time="0.110785"/>
        <testcase name="test_password_can_be_reset_with_valid_token" file="/app/vendor/gammamatrix/playground-login-blade/tests/Feature/Http/Controllers/Playground/PasswordResetRouteTest.php" line="66" class="Tests\Feature\Playground\Login\Blade\Http\Controllers\Playground\PasswordResetRouteTest" classname="Tests.Feature.Playground.Login.Blade.Http.Controllers.Playground.PasswordResetRouteTest" assertions="3" time="0.108115"/>
        <testcase name="test_password_reset_with_invalid_token" file="/app/vendor/gammamatrix/playground-login-blade/tests/Feature/Http/Controllers/Playground/PasswordResetRouteTest.php" line="92" class="Tests\Feature\Playground\Login\Blade\Http\Controllers\Playground\PasswordResetRouteTest" classname="Tests.Feature.Playground.Login.Blade.Http.Controllers.Playground.PasswordResetRouteTest" assertions="2" time="0.100684"/>
        <testcase name="test_password_reset_with_invalid_user" file="/app/vendor/gammamatrix/playground-login-blade/tests/Feature/Http/Controllers/Playground/PasswordResetRouteTest.php" line="117" class="Tests\Feature\Playground\Login\Blade\Http\Controllers\Playground\PasswordResetRouteTest" classname="Tests.Feature.Playground.Login.Blade.Http.Controllers.Playground.PasswordResetRouteTest" assertions="1" time="0.085185"/>
      </testsuite>
      <testsuite name="Tests\Feature\Playground\Login\Blade\Http\Controllers\Playground\RegistrationRouteTest" file="/app/vendor/gammamatrix/playground-login-blade/tests/Feature/Http/Controllers/Playground/RegistrationRouteTest.php" tests="2" assertions="4" errors="0" failures="0" skipped="0" time="0.186401">
        <testcase name="test_registration_screen_can_be_rendered" file="/app/vendor/gammamatrix/playground-login-blade/tests/Feature/Http/Controllers/Playground/RegistrationRouteTest.php" line="20" class="Tests\Feature\Playground\Login\Blade\Http\Controllers\Playground\RegistrationRouteTest" classname="Tests.Feature.Playground.Login.Blade.Http.Controllers.Playground.RegistrationRouteTest" assertions="1" time="0.091723"/>
        <testcase name="test_new_users_can_register" file="/app/vendor/gammamatrix/playground-login-blade/tests/Feature/Http/Controllers/Playground/RegistrationRouteTest.php" line="27" class="Tests\Feature\Playground\Login\Blade\Http\Controllers\Playground\RegistrationRouteTest" classname="Tests.Feature.Playground.Login.Blade.Http.Controllers.Playground.RegistrationRouteTest" assertions="3" time="0.094678"/>
      </testsuite>
      <testsuite name="Tests\Feature\Playground\Login\Blade\Http\Controllers\Sanctum\LogoutRouteTest" file="/app/vendor/gammamatrix/playground-login-blade/tests/Feature/Http/Controllers/Sanctum/LogoutRouteTest.php" tests="5" assertions="20" errors="0" failures="0" skipped="0" time="0.416922">
        <testcase name="test_sanctum_users_can_authenticate_and_logout_and_delete_token" file="/app/vendor/gammamatrix/playground-login-blade/tests/Feature/Http/Controllers/Sanctum/LogoutRouteTest.php" line="34" class="Tests\Feature\Playground\Login\Blade\Http\Controllers\Sanctum\LogoutRouteTest" classname="Tests.Feature.Playground.Login.Blade.Http.Controllers.Sanctum.LogoutRouteTest" assertions="5" time="0.087419"/>
        <testcase name="test_sanctum_users_can_logout_without_token_using_json" file="/app/vendor/gammamatrix/playground-login-blade/tests/Feature/Http/Controllers/Sanctum/LogoutRouteTest.php" line="61" class="Tests\Feature\Playground\Login\Blade\Http\Controllers\Sanctum\LogoutRouteTest" classname="Tests.Feature.Playground.Login.Blade.Http.Controllers.Sanctum.LogoutRouteTest" assertions="4" time="0.074290"/>
        <testcase name="test_sanctum_users_can_logout_all_tokens_without_token_using_json" file="/app/vendor/gammamatrix/playground-login-blade/tests/Feature/Http/Controllers/Sanctum/LogoutRouteTest.php" line="84" class="Tests\Feature\Playground\Login\Blade\Http\Controllers\Sanctum\LogoutRouteTest" classname="Tests.Feature.Playground.Login.Blade.Http.Controllers.Sanctum.LogoutRouteTest" assertions="4" time="0.077127"/>
        <testcase name="test_sanctum_users_can_logout_everywhere_tokens_without_token" file="/app/vendor/gammamatrix/playground-login-blade/tests/Feature/Http/Controllers/Sanctum/LogoutRouteTest.php" line="107" class="Tests\Feature\Playground\Login\Blade\Http\Controllers\Sanctum\LogoutRouteTest" classname="Tests.Feature.Playground.Login.Blade.Http.Controllers.Sanctum.LogoutRouteTest" assertions="2" time="0.083939"/>
        <testcase name="test_sanctum_users_can_authenticate_and_logout_and_delete_token_with_sessions" file="/app/vendor/gammamatrix/playground-login-blade/tests/Feature/Http/Controllers/Sanctum/LogoutRouteTest.php" line="125" class="Tests\Feature\Playground\Login\Blade\Http\Controllers\Sanctum\LogoutRouteTest" classname="Tests.Feature.Playground.Login.Blade.Http.Controllers.Sanctum.LogoutRouteTest" assertions="5" time="0.094147"/>
      </testsuite>
      <testsuite name="Tests\Feature\Playground\Site\Blade\Console\Commands\About\CommandTest" file="/app/vendor/gammamatrix/playground-site-blade/tests/Feature/Console/Commands/About/CommandTest.php" tests="1" assertions="2" errors="0" failures="0" skipped="0" time="0.205377">
        <testcase name="test_command_about_displays_package_information_and_succeed_with_code_0" file="/app/vendor/gammamatrix/playground-site-blade/tests/Feature/Console/Commands/About/CommandTest.php" line="19" class="Tests\Feature\Playground\Site\Blade\Console\Commands\About\CommandTest" classname="Tests.Feature.Playground.Site.Blade.Console.Commands.About.CommandTest" assertions="2" time="0.205377"/>
      </testsuite>
      <testsuite name="Tests\Feature\Playground\Site\Blade\Http\Controllers\Laravel\AboutRouteTest" file="/app/vendor/gammamatrix/playground-site-blade/tests/Feature/Http/Controllers/Laravel/AboutRouteTest.php" tests="4" assertions="4" errors="0" failures="0" skipped="0" time="0.340669">
        <testcase name="test_as_guest_and_succeed" file="/app/vendor/gammamatrix/playground-site-blade/tests/Feature/Http/Controllers/Laravel/AboutRouteTest.php" line="21" class="Tests\Feature\Playground\Site\Blade\Http\Controllers\Laravel\AboutRouteTest" classname="Tests.Feature.Playground.Site.Blade.Http.Controllers.Laravel.AboutRouteTest" assertions="1" time="0.101771"/>
        <testcase name="test_json_as_guest_and_succeed" file="/app/vendor/gammamatrix/playground-site-blade/tests/Feature/Http/Controllers/Laravel/AboutRouteTest.php" line="27" class="Tests\Feature\Playground\Site\Blade\Http\Controllers\Laravel\AboutRouteTest" classname="Tests.Feature.Playground.Site.Blade.Http.Controllers.Laravel.AboutRouteTest" assertions="1" time="0.075973"/>
        <testcase name="test_as_user_and_succeed" file="/app/vendor/gammamatrix/playground-site-blade/tests/Feature/Http/Controllers/Laravel/AboutRouteTest.php" line="33" class="Tests\Feature\Playground\Site\Blade\Http\Controllers\Laravel\AboutRouteTest" classname="Tests.Feature.Playground.Site.Blade.Http.Controllers.Laravel.AboutRouteTest" assertions="1" time="0.086202"/>
        <testcase name="test_json_as_user_and_succeed" file="/app/vendor/gammamatrix/playground-site-blade/tests/Feature/Http/Controllers/Laravel/AboutRouteTest.php" line="43" class="Tests\Feature\Playground\Site\Blade\Http\Controllers\Laravel\AboutRouteTest" classname="Tests.Feature.Playground.Site.Blade.Http.Controllers.Laravel.AboutRouteTest" assertions="1" time="0.076724"/>
      </testsuite>
      <testsuite name="Tests\Feature\Playground\Site\Blade\Http\Controllers\Laravel\BootstrapRouteTest" file="/app/vendor/gammamatrix/playground-site-blade/tests/Feature/Http/Controllers/Laravel/BootstrapRouteTest.php" tests="4" assertions="4" errors="0" failures="0" skipped="0" time="0.367295">
        <testcase name="test_as_guest_and_succeed" file="/app/vendor/gammamatrix/playground-site-blade/tests/Feature/Http/Controllers/Laravel/BootstrapRouteTest.php" line="21" class="Tests\Feature\Playground\Site\Blade\Http\Controllers\Laravel\BootstrapRouteTest" classname="Tests.Feature.Playground.Site.Blade.Http.Controllers.Laravel.BootstrapRouteTest" assertions="1" time="0.104181"/>
        <testcase name="test_json_as_guest_and_succeed" file="/app/vendor/gammamatrix/playground-site-blade/tests/Feature/Http/Controllers/Laravel/BootstrapRouteTest.php" line="27" class="Tests\Feature\Playground\Site\Blade\Http\Controllers\Laravel\BootstrapRouteTest" classname="Tests.Feature.Playground.Site.Blade.Http.Controllers.Laravel.BootstrapRouteTest" assertions="1" time="0.083902"/>
        <testcase name="test_as_wheel_and_succeed" file="/app/vendor/gammamatrix/playground-site-blade/tests/Feature/Http/Controllers/Laravel/BootstrapRouteTest.php" line="33" class="Tests\Feature\Playground\Site\Blade\Http\Controllers\Laravel\BootstrapRouteTest" classname="Tests.Feature.Playground.Site.Blade.Http.Controllers.Laravel.BootstrapRouteTest" assertions="1" time="0.085624"/>
        <testcase name="test_json_as_wheel_and_succeed" file="/app/vendor/gammamatrix/playground-site-blade/tests/Feature/Http/Controllers/Laravel/BootstrapRouteTest.php" line="43" class="Tests\Feature\Playground\Site\Blade\Http\Controllers\Laravel\BootstrapRouteTest" classname="Tests.Feature.Playground.Site.Blade.Http.Controllers.Laravel.BootstrapRouteTest" assertions="1" time="0.093588"/>
      </testsuite>
      <testsuite name="Tests\Feature\Playground\Site\Blade\Http\Controllers\Laravel\PublicDashboardRouteTest" file="/app/vendor/gammamatrix/playground-site-blade/tests/Feature/Http/Controllers/Laravel/PublicDashboardRouteTest.php" tests="4" assertions="6" errors="0" failures="0" skipped="0" time="0.306650">
        <testcase name="test_as_guest_and_fail_when_disabled_for_guest_and_no_redirect" file="/app/vendor/gammamatrix/playground-site-blade/tests/Feature/Http/Controllers/Laravel/PublicDashboardRouteTest.php" line="32" class="Tests\Feature\Playground\Site\Blade\Http\Controllers\Laravel\PublicDashboardRouteTest" classname="Tests.Feature.Playground.Site.Blade.Http.Controllers.Laravel.PublicDashboardRouteTest" assertions="1" time="0.083565"/>
        <testcase name="test_as_guest_and_redirect_when_disabled_for_all" file="/app/vendor/gammamatrix/playground-site-blade/tests/Feature/Http/Controllers/Laravel/PublicDashboardRouteTest.php" line="45" class="Tests\Feature\Playground\Site\Blade\Http\Controllers\Laravel\PublicDashboardRouteTest" classname="Tests.Feature.Playground.Site.Blade.Http.Controllers.Laravel.PublicDashboardRouteTest" assertions="2" time="0.072208"/>
        <testcase name="test_as_guest_and_redirect_when_disabled_for_guest" file="/app/vendor/gammamatrix/playground-site-blade/tests/Feature/Http/Controllers/Laravel/PublicDashboardRouteTest.php" line="54" class="Tests\Feature\Playground\Site\Blade\Http\Controllers\Laravel\PublicDashboardRouteTest" classname="Tests.Feature.Playground.Site.Blade.Http.Controllers.Laravel.PublicDashboardRouteTest" assertions="2" time="0.074684"/>
        <testcase name="test_as_guest_and_succeed" file="/app/vendor/gammamatrix/playground-site-blade/tests/Feature/Http/Controllers/Laravel/PublicDashboardRouteTest.php" line="64" class="Tests\Feature\Playground\Site\Blade\Http\Controllers\Laravel\PublicDashboardRouteTest" classname="Tests.Feature.Playground.Site.Blade.Http.Controllers.Laravel.PublicDashboardRouteTest" assertions="1" time="0.076193"/>
      </testsuite>
      <testsuite name="Tests\Feature\Playground\Site\Blade\Http\Controllers\Laravel\PublicHomeRouteTest" file="/app/vendor/gammamatrix/playground-site-blade/tests/Feature/Http/Controllers/Laravel/PublicHomeRouteTest.php" tests="4" assertions="4" errors="0" failures="0" skipped="0" time="0.335859">
        <testcase name="test_as_guest_and_succeed" file="/app/vendor/gammamatrix/playground-site-blade/tests/Feature/Http/Controllers/Laravel/PublicHomeRouteTest.php" line="32" class="Tests\Feature\Playground\Site\Blade\Http\Controllers\Laravel\PublicHomeRouteTest" classname="Tests.Feature.Playground.Site.Blade.Http.Controllers.Laravel.PublicHomeRouteTest" assertions="1" time="0.093369"/>
        <testcase name="test_json_as_guest_and_succeed" file="/app/vendor/gammamatrix/playground-site-blade/tests/Feature/Http/Controllers/Laravel/PublicHomeRouteTest.php" line="38" class="Tests\Feature\Playground\Site\Blade\Http\Controllers\Laravel\PublicHomeRouteTest" classname="Tests.Feature.Playground.Site.Blade.Http.Controllers.Laravel.PublicHomeRouteTest" assertions="1" time="0.073471"/>
        <testcase name="test_as_admin_and_succeed" file="/app/vendor/gammamatrix/playground-site-blade/tests/Feature/Http/Controllers/Laravel/PublicHomeRouteTest.php" line="44" class="Tests\Feature\Playground\Site\Blade\Http\Controllers\Laravel\PublicHomeRouteTest" classname="Tests.Feature.Playground.Site.Blade.Http.Controllers.Laravel.PublicHomeRouteTest" assertions="1" time="0.088510"/>
        <testcase name="test_json_as_admin_and_succeed" file="/app/vendor/gammamatrix/playground-site-blade/tests/Feature/Http/Controllers/Laravel/PublicHomeRouteTest.php" line="54" class="Tests\Feature\Playground\Site\Blade\Http\Controllers\Laravel\PublicHomeRouteTest" classname="Tests.Feature.Playground.Site.Blade.Http.Controllers.Laravel.PublicHomeRouteTest" assertions="1" time="0.080510"/>
      </testsuite>
      <testsuite name="Tests\Feature\Playground\Site\Blade\Http\Controllers\Laravel\PublicSitemapRouteTest" file="/app/vendor/gammamatrix/playground-site-blade/tests/Feature/Http/Controllers/Laravel/PublicSitemapRouteTest.php" tests="9" assertions="12" errors="0" failures="0" skipped="0" time="0.766564">
        <testcase name="test_as_guest_and_fail_when_disabled_for_guest_and_no_redirect" file="/app/vendor/gammamatrix/playground-site-blade/tests/Feature/Http/Controllers/Laravel/PublicSitemapRouteTest.php" line="21" class="Tests\Feature\Playground\Site\Blade\Http\Controllers\Laravel\PublicSitemapRouteTest" classname="Tests.Feature.Playground.Site.Blade.Http.Controllers.Laravel.PublicSitemapRouteTest" assertions="1" time="0.094606"/>
        <testcase name="test_as_guest_and_redirect_when_disabled_for_all" file="/app/vendor/gammamatrix/playground-site-blade/tests/Feature/Http/Controllers/Laravel/PublicSitemapRouteTest.php" line="31" class="Tests\Feature\Playground\Site\Blade\Http\Controllers\Laravel\PublicSitemapRouteTest" classname="Tests.Feature.Playground.Site.Blade.Http.Controllers.Laravel.PublicSitemapRouteTest" assertions="2" time="0.075376"/>
        <testcase name="test_as_guest_and_redirect_when_disabled_for_guest" file="/app/vendor/gammamatrix/playground-site-blade/tests/Feature/Http/Controllers/Laravel/PublicSitemapRouteTest.php" line="40" class="Tests\Feature\Playground\Site\Blade\Http\Controllers\Laravel\PublicSitemapRouteTest" classname="Tests.Feature.Playground.Site.Blade.Http.Controllers.Laravel.PublicSitemapRouteTest" assertions="2" time="0.074876"/>
        <testcase name="test_as_guest_and_succeed" file="/app/vendor/gammamatrix/playground-site-blade/tests/Feature/Http/Controllers/Laravel/PublicSitemapRouteTest.php" line="50" class="Tests\Feature\Playground\Site\Blade\Http\Controllers\Laravel\PublicSitemapRouteTest" classname="Tests.Feature.Playground.Site.Blade.Http.Controllers.Laravel.PublicSitemapRouteTest" assertions="1" time="0.089304"/>
        <testcase name="test_as_user_and_succeed" file="/app/vendor/gammamatrix/playground-site-blade/tests/Feature/Http/Controllers/Laravel/PublicSitemapRouteTest.php" line="60" class="Tests\Feature\Playground\Site\Blade\Http\Controllers\Laravel\PublicSitemapRouteTest" classname="Tests.Feature.Playground.Site.Blade.Http.Controllers.Laravel.PublicSitemapRouteTest" assertions="1" time="0.093890"/>
        <testcase name="test_as_support_and_fail_when_disabled_for_all" file="/app/vendor/gammamatrix/playground-site-blade/tests/Feature/Http/Controllers/Laravel/PublicSitemapRouteTest.php" line="74" class="Tests\Feature\Playground\Site\Blade\Http\Controllers\Laravel\PublicSitemapRouteTest" classname="Tests.Feature.Playground.Site.Blade.Http.Controllers.Laravel.PublicSitemapRouteTest" assertions="2" time="0.077460"/>
        <testcase name="test_as_user_and_fail_when_disabled_for_all_and_no_redirect" file="/app/vendor/gammamatrix/playground-site-blade/tests/Feature/Http/Controllers/Laravel/PublicSitemapRouteTest.php" line="87" class="Tests\Feature\Playground\Site\Blade\Http\Controllers\Laravel\PublicSitemapRouteTest" classname="Tests.Feature.Playground.Site.Blade.Http.Controllers.Laravel.PublicSitemapRouteTest" assertions="1" time="0.082467"/>
        <testcase name="test_as_admin_and_succeed" file="/app/vendor/gammamatrix/playground-site-blade/tests/Feature/Http/Controllers/Laravel/PublicSitemapRouteTest.php" line="100" class="Tests\Feature\Playground\Site\Blade\Http\Controllers\Laravel\PublicSitemapRouteTest" classname="Tests.Feature.Playground.Site.Blade.Http.Controllers.Laravel.PublicSitemapRouteTest" assertions="1" time="0.089667"/>
        <testcase name="test_as_user_and_succeed_with_package_sitemaps" file="/app/vendor/gammamatrix/playground-site-blade/tests/Feature/Http/Controllers/Laravel/PublicSitemapRouteTest.php" line="113" class="Tests\Feature\Playground\Site\Blade\Http\Controllers\Laravel\PublicSitemapRouteTest" classname="Tests.Feature.Playground.Site.Blade.Http.Controllers.Laravel.PublicSitemapRouteTest" assertions="1" time="0.088918"/>
      </testsuite>
      <testsuite name="Tests\Feature\Playground\Site\Blade\Http\Controllers\Laravel\ThemeRouteTest" file="/app/vendor/gammamatrix/playground-site-blade/tests/Feature/Http/Controllers/Laravel/ThemeRouteTest.php" tests="4" assertions="7" errors="0" failures="0" skipped="0" time="0.328506">
        <testcase name="test_as_guest_and_succeed" file="/app/vendor/gammamatrix/playground-site-blade/tests/Feature/Http/Controllers/Laravel/ThemeRouteTest.php" line="21" class="Tests\Feature\Playground\Site\Blade\Http\Controllers\Laravel\ThemeRouteTest" classname="Tests.Feature.Playground.Site.Blade.Http.Controllers.Laravel.ThemeRouteTest" assertions="2" time="0.079283"/>
        <testcase name="test_as_guest_with_preview_and_succeed" file="/app/vendor/gammamatrix/playground-site-blade/tests/Feature/Http/Controllers/Laravel/ThemeRouteTest.php" line="27" class="Tests\Feature\Playground\Site\Blade\Http\Controllers\Laravel\ThemeRouteTest" classname="Tests.Feature.Playground.Site.Blade.Http.Controllers.Laravel.ThemeRouteTest" assertions="1" time="0.087244"/>
        <testcase name="test_as_user_and_succeed" file="/app/vendor/gammamatrix/playground-site-blade/tests/Feature/Http/Controllers/Laravel/ThemeRouteTest.php" line="33" class="Tests\Feature\Playground\Site\Blade\Http\Controllers\Laravel\ThemeRouteTest" classname="Tests.Feature.Playground.Site.Blade.Http.Controllers.Laravel.ThemeRouteTest" assertions="2" time="0.083372"/>
        <testcase name="test_as_admin_and_succeed_with_theme_and_redirect" file="/app/vendor/gammamatrix/playground-site-blade/tests/Feature/Http/Controllers/Laravel/ThemeRouteTest.php" line="45" class="Tests\Feature\Playground\Site\Blade\Http\Controllers\Laravel\ThemeRouteTest" classname="Tests.Feature.Playground.Site.Blade.Http.Controllers.Laravel.ThemeRouteTest" assertions="2" time="0.078606"/>
      </testsuite>
      <testsuite name="Tests\Feature\Playground\Site\Blade\Http\Controllers\Laravel\UserDashboardRouteTest" file="/app/vendor/gammamatrix/playground-site-blade/tests/Feature/Http/Controllers/Laravel/UserDashboardRouteTest.php" tests="8" assertions="16" errors="0" failures="0" skipped="0" time="0.646606">
        <testcase name="test_as_guest_and_fail_when_disabled_for_guest_and_no_redirect_with_auth_middleware" file="/app/vendor/gammamatrix/playground-site-blade/tests/Feature/Http/Controllers/Laravel/UserDashboardRouteTest.php" line="20" class="Tests\Feature\Playground\Site\Blade\Http\Controllers\Laravel\UserDashboardRouteTest" classname="Tests.Feature.Playground.Site.Blade.Http.Controllers.Laravel.UserDashboardRouteTest" assertions="3" time="0.075959"/>
        <testcase name="test_as_guest_and_redirect" file="/app/vendor/gammamatrix/playground-site-blade/tests/Feature/Http/Controllers/Laravel/UserDashboardRouteTest.php" line="33" class="Tests\Feature\Playground\Site\Blade\Http\Controllers\Laravel\UserDashboardRouteTest" classname="Tests.Feature.Playground.Site.Blade.Http.Controllers.Laravel.UserDashboardRouteTest" assertions="3" time="0.086915"/>
        <testcase name="test_as_guest_and_redirect_when_disabled_for_guest" file="/app/vendor/gammamatrix/playground-site-blade/tests/Feature/Http/Controllers/Laravel/UserDashboardRouteTest.php" line="41" class="Tests\Feature\Playground\Site\Blade\Http\Controllers\Laravel\UserDashboardRouteTest" classname="Tests.Feature.Playground.Site.Blade.Http.Controllers.Laravel.UserDashboardRouteTest" assertions="3" time="0.076977"/>
        <testcase name="test_as_guest_and_fail" file="/app/vendor/gammamatrix/playground-site-blade/tests/Feature/Http/Controllers/Laravel/UserDashboardRouteTest.php" line="53" class="Tests\Feature\Playground\Site\Blade\Http\Controllers\Laravel\UserDashboardRouteTest" classname="Tests.Feature.Playground.Site.Blade.Http.Controllers.Laravel.UserDashboardRouteTest" assertions="2" time="0.075895"/>
        <testcase name="test_as_user_and_succeed" file="/app/vendor/gammamatrix/playground-site-blade/tests/Feature/Http/Controllers/Laravel/UserDashboardRouteTest.php" line="66" class="Tests\Feature\Playground\Site\Blade\Http\Controllers\Laravel\UserDashboardRouteTest" classname="Tests.Feature.Playground.Site.Blade.Http.Controllers.Laravel.UserDashboardRouteTest" assertions="1" time="0.087717"/>
        <testcase name="test_as_user_and_fail_when_disabled_for_all" file="/app/vendor/gammamatrix/playground-site-blade/tests/Feature/Http/Controllers/Laravel/UserDashboardRouteTest.php" line="80" class="Tests\Feature\Playground\Site\Blade\Http\Controllers\Laravel\UserDashboardRouteTest" classname="Tests.Feature.Playground.Site.Blade.Http.Controllers.Laravel.UserDashboardRouteTest" assertions="2" time="0.082395"/>
        <testcase name="test_as_user_and_fail_when_disabled_for_all_and_no_redirect" file="/app/vendor/gammamatrix/playground-site-blade/tests/Feature/Http/Controllers/Laravel/UserDashboardRouteTest.php" line="93" class="Tests\Feature\Playground\Site\Blade\Http\Controllers\Laravel\UserDashboardRouteTest" classname="Tests.Feature.Playground.Site.Blade.Http.Controllers.Laravel.UserDashboardRouteTest" assertions="1" time="0.081179"/>
        <testcase name="test_json_as_admin_and_succeed" file="/app/vendor/gammamatrix/playground-site-blade/tests/Feature/Http/Controllers/Laravel/UserDashboardRouteTest.php" line="106" class="Tests\Feature\Playground\Site\Blade\Http\Controllers\Laravel\UserDashboardRouteTest" classname="Tests.Feature.Playground.Site.Blade.Http.Controllers.Laravel.UserDashboardRouteTest" assertions="1" time="0.079569"/>
      </testsuite>
      <testsuite name="Tests\Feature\Playground\Site\Blade\Http\Controllers\Laravel\UserHomeRouteTest" file="/app/vendor/gammamatrix/playground-site-blade/tests/Feature/Http/Controllers/Laravel/UserHomeRouteTest.php" tests="4" assertions="7" errors="0" failures="0" skipped="0" time="0.315571">
        <testcase name="test_route_home_as_guest_and_fail" file="/app/vendor/gammamatrix/playground-site-blade/tests/Feature/Http/Controllers/Laravel/UserHomeRouteTest.php" line="20" class="Tests\Feature\Playground\Site\Blade\Http\Controllers\Laravel\UserHomeRouteTest" classname="Tests.Feature.Playground.Site.Blade.Http.Controllers.Laravel.UserHomeRouteTest" assertions="3" time="0.072750"/>
        <testcase name="test_route_json_home_as_guest_and_fail" file="/app/vendor/gammamatrix/playground-site-blade/tests/Feature/Http/Controllers/Laravel/UserHomeRouteTest.php" line="28" class="Tests\Feature\Playground\Site\Blade\Http\Controllers\Laravel\UserHomeRouteTest" classname="Tests.Feature.Playground.Site.Blade.Http.Controllers.Laravel.UserHomeRouteTest" assertions="2" time="0.073268"/>
        <testcase name="test_route_home_as_user_admin_and_succeed" file="/app/vendor/gammamatrix/playground-site-blade/tests/Feature/Http/Controllers/Laravel/UserHomeRouteTest.php" line="38" class="Tests\Feature\Playground\Site\Blade\Http\Controllers\Laravel\UserHomeRouteTest" classname="Tests.Feature.Playground.Site.Blade.Http.Controllers.Laravel.UserHomeRouteTest" assertions="1" time="0.085257"/>
        <testcase name="test_route_json_home_as_admin_and_succeed" file="/app/vendor/gammamatrix/playground-site-blade/tests/Feature/Http/Controllers/Laravel/UserHomeRouteTest.php" line="48" class="Tests\Feature\Playground\Site\Blade\Http\Controllers\Laravel\UserHomeRouteTest" classname="Tests.Feature.Playground.Site.Blade.Http.Controllers.Laravel.UserHomeRouteTest" assertions="1" time="0.084296"/>
      </testsuite>
      <testsuite name="Tests\Feature\Playground\Site\Blade\Http\Controllers\Laravel\UserSitemapRouteTest" file="/app/vendor/gammamatrix/playground-site-blade/tests/Feature/Http/Controllers/Laravel/UserSitemapRouteTest.php" tests="9" assertions="12" errors="0" failures="0" skipped="0" time="0.735169">
        <testcase name="test_route_sitemap_as_guest_and_fail_when_disabled_for_guest_and_no_redirect" file="/app/vendor/gammamatrix/playground-site-blade/tests/Feature/Http/Controllers/Laravel/UserSitemapRouteTest.php" line="32" class="Tests\Feature\Playground\Site\Blade\Http\Controllers\Laravel\UserSitemapRouteTest" classname="Tests.Feature.Playground.Site.Blade.Http.Controllers.Laravel.UserSitemapRouteTest" assertions="1" time="0.077301"/>
        <testcase name="test_route_sitemap_as_guest_and_redirect_when_disabled_for_all" file="/app/vendor/gammamatrix/playground-site-blade/tests/Feature/Http/Controllers/Laravel/UserSitemapRouteTest.php" line="42" class="Tests\Feature\Playground\Site\Blade\Http\Controllers\Laravel\UserSitemapRouteTest" classname="Tests.Feature.Playground.Site.Blade.Http.Controllers.Laravel.UserSitemapRouteTest" assertions="2" time="0.073833"/>
        <testcase name="test_route_sitemap_as_guest_and_redirect_when_disabled_for_guest" file="/app/vendor/gammamatrix/playground-site-blade/tests/Feature/Http/Controllers/Laravel/UserSitemapRouteTest.php" line="51" class="Tests\Feature\Playground\Site\Blade\Http\Controllers\Laravel\UserSitemapRouteTest" classname="Tests.Feature.Playground.Site.Blade.Http.Controllers.Laravel.UserSitemapRouteTest" assertions="2" time="0.078652"/>
        <testcase name="test_route_json_sitemap_as_guest_and_fail" file="/app/vendor/gammamatrix/playground-site-blade/tests/Feature/Http/Controllers/Laravel/UserSitemapRouteTest.php" line="61" class="Tests\Feature\Playground\Site\Blade\Http\Controllers\Laravel\UserSitemapRouteTest" classname="Tests.Feature.Playground.Site.Blade.Http.Controllers.Laravel.UserSitemapRouteTest" assertions="1" time="0.083350"/>
        <testcase name="test_route_sitemap_as_user_and_succeed" file="/app/vendor/gammamatrix/playground-site-blade/tests/Feature/Http/Controllers/Laravel/UserSitemapRouteTest.php" line="71" class="Tests\Feature\Playground\Site\Blade\Http\Controllers\Laravel\UserSitemapRouteTest" classname="Tests.Feature.Playground.Site.Blade.Http.Controllers.Laravel.UserSitemapRouteTest" assertions="1" time="0.085390"/>
        <testcase name="test_route_sitemap_as_support_and_fail_when_disabled_for_all" file="/app/vendor/gammamatrix/playground-site-blade/tests/Feature/Http/Controllers/Laravel/UserSitemapRouteTest.php" line="85" class="Tests\Feature\Playground\Site\Blade\Http\Controllers\Laravel\UserSitemapRouteTest" classname="Tests.Feature.Playground.Site.Blade.Http.Controllers.Laravel.UserSitemapRouteTest" assertions="2" time="0.078123"/>
        <testcase name="test_route_sitemap_as_user_and_fail_when_disabled_for_all_and_no_redirect" file="/app/vendor/gammamatrix/playground-site-blade/tests/Feature/Http/Controllers/Laravel/UserSitemapRouteTest.php" line="98" class="Tests\Feature\Playground\Site\Blade\Http\Controllers\Laravel\UserSitemapRouteTest" classname="Tests.Feature.Playground.Site.Blade.Http.Controllers.Laravel.UserSitemapRouteTest" assertions="1" time="0.079278"/>
        <testcase name="test_route_json_sitemap_as_admin_and_succeed" file="/app/vendor/gammamatrix/playground-site-blade/tests/Feature/Http/Controllers/Laravel/UserSitemapRouteTest.php" line="111" class="Tests\Feature\Playground\Site\Blade\Http\Controllers\Laravel\UserSitemapRouteTest" classname="Tests.Feature.Playground.Site.Blade.Http.Controllers.Laravel.UserSitemapRouteTest" assertions="1" time="0.090134"/>
        <testcase name="test_route_sitemap_as_user_and_succeed_with_package_sitemaps" file="/app/vendor/gammamatrix/playground-site-blade/tests/Feature/Http/Controllers/Laravel/UserSitemapRouteTest.php" line="126" class="Tests\Feature\Playground\Site\Blade\Http\Controllers\Laravel\UserSitemapRouteTest" classname="Tests.Feature.Playground.Site.Blade.Http.Controllers.Laravel.UserSitemapRouteTest" assertions="1" time="0.089108"/>
      </testsuite>
      <testsuite name="Tests\Feature\Playground\Site\Blade\Http\Controllers\Laravel\WelcomeRouteTest" file="/app/vendor/gammamatrix/playground-site-blade/tests/Feature/Http/Controllers/Laravel/WelcomeRouteTest.php" tests="4" assertions="4" errors="0" failures="0" skipped="0" time="0.327824">
        <testcase name="test_as_guest_and_succeed" file="/app/vendor/gammamatrix/playground-site-blade/tests/Feature/Http/Controllers/Laravel/WelcomeRouteTest.php" line="20" class="Tests\Feature\Playground\Site\Blade\Http\Controllers\Laravel\WelcomeRouteTest" classname="Tests.Feature.Playground.Site.Blade.Http.Controllers.Laravel.WelcomeRouteTest" assertions="1" time="0.097248"/>
        <testcase name="test_json_as_guest_and_succeed" file="/app/vendor/gammamatrix/playground-site-blade/tests/Feature/Http/Controllers/Laravel/WelcomeRouteTest.php" line="26" class="Tests\Feature\Playground\Site\Blade\Http\Controllers\Laravel\WelcomeRouteTest" classname="Tests.Feature.Playground.Site.Blade.Http.Controllers.Laravel.WelcomeRouteTest" assertions="1" time="0.076196"/>
        <testcase name="test_as_user_and_succeed" file="/app/vendor/gammamatrix/playground-site-blade/tests/Feature/Http/Controllers/Laravel/WelcomeRouteTest.php" line="32" class="Tests\Feature\Playground\Site\Blade\Http\Controllers\Laravel\WelcomeRouteTest" classname="Tests.Feature.Playground.Site.Blade.Http.Controllers.Laravel.WelcomeRouteTest" assertions="1" time="0.078560"/>
        <testcase name="test_json_as_manager_admin_and_succeed" file="/app/vendor/gammamatrix/playground-site-blade/tests/Feature/Http/Controllers/Laravel/WelcomeRouteTest.php" line="42" class="Tests\Feature\Playground\Site\Blade\Http\Controllers\Laravel\WelcomeRouteTest" classname="Tests.Feature.Playground.Site.Blade.Http.Controllers.Laravel.WelcomeRouteTest" assertions="1" time="0.075821"/>
      </testsuite>
      <testsuite name="Tests\Feature\Playground\Site\Blade\Http\Controllers\Playground\AboutRouteTest" file="/app/vendor/gammamatrix/playground-site-blade/tests/Feature/Http/Controllers/Playground/AboutRouteTest.php" tests="10" assertions="16" errors="0" failures="0" skipped="0" time="0.957714">
        <testcase name="test_as_guest_and_succeed" file="/app/vendor/gammamatrix/playground-site-blade/tests/Feature/Http/Controllers/Playground/AboutRouteTest.php" line="21" class="Tests\Feature\Playground\Site\Blade\Http\Controllers\Playground\AboutRouteTest" classname="Tests.Feature.Playground.Site.Blade.Http.Controllers.Playground.AboutRouteTest" assertions="1" time="0.097001"/>
        <testcase name="test_json_as_guest_and_succeed" file="/app/vendor/gammamatrix/playground-site-blade/tests/Feature/Http/Controllers/Playground/AboutRouteTest.php" line="27" class="Tests\Feature\Playground\Site\Blade\Http\Controllers\Playground\AboutRouteTest" classname="Tests.Feature.Playground.Site.Blade.Http.Controllers.Playground.AboutRouteTest" assertions="1" time="0.086964"/>
        <testcase name="test_as_user_and_succeed" file="/app/vendor/gammamatrix/playground-site-blade/tests/Feature/Http/Controllers/Playground/AboutRouteTest.php" line="33" class="Tests\Feature\Playground\Site\Blade\Http\Controllers\Playground\AboutRouteTest" classname="Tests.Feature.Playground.Site.Blade.Http.Controllers.Playground.AboutRouteTest" assertions="1" time="0.097424"/>
        <testcase name="test_json_as_user_and_succeed" file="/app/vendor/gammamatrix/playground-site-blade/tests/Feature/Http/Controllers/Playground/AboutRouteTest.php" line="43" class="Tests\Feature\Playground\Site\Blade\Http\Controllers\Playground\AboutRouteTest" classname="Tests.Feature.Playground.Site.Blade.Http.Controllers.Playground.AboutRouteTest" assertions="1" time="0.092147"/>
        <testcase name="test_as_client_and_succeed" file="/app/vendor/gammamatrix/playground-site-blade/tests/Feature/Http/Controllers/Playground/AboutRouteTest.php" line="53" class="Tests\Feature\Playground\Site\Blade\Http\Controllers\Playground\AboutRouteTest" classname="Tests.Feature.Playground.Site.Blade.Http.Controllers.Playground.AboutRouteTest" assertions="2" time="0.101195"/>
        <testcase name="test_json_as_client_and_succeed" file="/app/vendor/gammamatrix/playground-site-blade/tests/Feature/Http/Controllers/Playground/AboutRouteTest.php" line="64" class="Tests\Feature\Playground\Site\Blade\Http\Controllers\Playground\AboutRouteTest" classname="Tests.Feature.Playground.Site.Blade.Http.Controllers.Playground.AboutRouteTest" assertions="2" time="0.099335"/>
        <testcase name="test_as_manager_and_succeed" file="/app/vendor/gammamatrix/playground-site-blade/tests/Feature/Http/Controllers/Playground/AboutRouteTest.php" line="75" class="Tests\Feature\Playground\Site\Blade\Http\Controllers\Playground\AboutRouteTest" classname="Tests.Feature.Playground.Site.Blade.Http.Controllers.Playground.AboutRouteTest" assertions="2" time="0.100756"/>
        <testcase name="test_json_as_manager_and_succeed" file="/app/vendor/gammamatrix/playground-site-blade/tests/Feature/Http/Controllers/Playground/AboutRouteTest.php" line="86" class="Tests\Feature\Playground\Site\Blade\Http\Controllers\Playground\AboutRouteTest" classname="Tests.Feature.Playground.Site.Blade.Http.Controllers.Playground.AboutRouteTest" assertions="2" time="0.093527"/>
        <testcase name="test_as_admin_and_succeed" file="/app/vendor/gammamatrix/playground-site-blade/tests/Feature/Http/Controllers/Playground/AboutRouteTest.php" line="97" class="Tests\Feature\Playground\Site\Blade\Http\Controllers\Playground\AboutRouteTest" classname="Tests.Feature.Playground.Site.Blade.Http.Controllers.Playground.AboutRouteTest" assertions="2" time="0.100433"/>
        <testcase name="test_json_as_admin_and_succeed" file="/app/vendor/gammamatrix/playground-site-blade/tests/Feature/Http/Controllers/Playground/AboutRouteTest.php" line="108" class="Tests\Feature\Playground\Site\Blade\Http\Controllers\Playground\AboutRouteTest" classname="Tests.Feature.Playground.Site.Blade.Http.Controllers.Playground.AboutRouteTest" assertions="2" time="0.088931"/>
      </testsuite>
      <testsuite name="Tests\Feature\Playground\Site\Blade\Http\Controllers\Playground\BootstrapRouteTest" file="/app/vendor/gammamatrix/playground-site-blade/tests/Feature/Http/Controllers/Playground/BootstrapRouteTest.php" tests="4" assertions="4" errors="0" failures="0" skipped="0" time="0.397868">
        <testcase name="test_as_guest_and_succeed" file="/app/vendor/gammamatrix/playground-site-blade/tests/Feature/Http/Controllers/Playground/BootstrapRouteTest.php" line="21" class="Tests\Feature\Playground\Site\Blade\Http\Controllers\Playground\BootstrapRouteTest" classname="Tests.Feature.Playground.Site.Blade.Http.Controllers.Playground.BootstrapRouteTest" assertions="1" time="0.093489"/>
        <testcase name="test_json_as_guest_and_succeed" file="/app/vendor/gammamatrix/playground-site-blade/tests/Feature/Http/Controllers/Playground/BootstrapRouteTest.php" line="27" class="Tests\Feature\Playground\Site\Blade\Http\Controllers\Playground\BootstrapRouteTest" classname="Tests.Feature.Playground.Site.Blade.Http.Controllers.Playground.BootstrapRouteTest" assertions="1" time="0.100562"/>
        <testcase name="test_as_wheel_and_succeed" file="/app/vendor/gammamatrix/playground-site-blade/tests/Feature/Http/Controllers/Playground/BootstrapRouteTest.php" line="33" class="Tests\Feature\Playground\Site\Blade\Http\Controllers\Playground\BootstrapRouteTest" classname="Tests.Feature.Playground.Site.Blade.Http.Controllers.Playground.BootstrapRouteTest" assertions="1" time="0.101189"/>
        <testcase name="test_json_as_wheel_and_succeed" file="/app/vendor/gammamatrix/playground-site-blade/tests/Feature/Http/Controllers/Playground/BootstrapRouteTest.php" line="43" class="Tests\Feature\Playground\Site\Blade\Http\Controllers\Playground\BootstrapRouteTest" classname="Tests.Feature.Playground.Site.Blade.Http.Controllers.Playground.BootstrapRouteTest" assertions="1" time="0.102628"/>
      </testsuite>
      <testsuite name="Tests\Feature\Playground\Site\Blade\Http\Controllers\Playground\PublicDashboardRouteTest" file="/app/vendor/gammamatrix/playground-site-blade/tests/Feature/Http/Controllers/Playground/PublicDashboardRouteTest.php" tests="4" assertions="6" errors="0" failures="0" skipped="0" time="0.341040">
        <testcase name="test_as_guest_and_fail_when_disabled_for_guest_and_no_redirect" file="/app/vendor/gammamatrix/playground-site-blade/tests/Feature/Http/Controllers/Playground/PublicDashboardRouteTest.php" line="32" class="Tests\Feature\Playground\Site\Blade\Http\Controllers\Playground\PublicDashboardRouteTest" classname="Tests.Feature.Playground.Site.Blade.Http.Controllers.Playground.PublicDashboardRouteTest" assertions="1" time="0.085641"/>
        <testcase name="test_as_guest_and_redirect_when_disabled_for_all" file="/app/vendor/gammamatrix/playground-site-blade/tests/Feature/Http/Controllers/Playground/PublicDashboardRouteTest.php" line="45" class="Tests\Feature\Playground\Site\Blade\Http\Controllers\Playground\PublicDashboardRouteTest" classname="Tests.Feature.Playground.Site.Blade.Http.Controllers.Playground.PublicDashboardRouteTest" assertions="2" time="0.088306"/>
        <testcase name="test_as_guest_and_redirect_when_disabled_for_guest" file="/app/vendor/gammamatrix/playground-site-blade/tests/Feature/Http/Controllers/Playground/PublicDashboardRouteTest.php" line="54" class="Tests\Feature\Playground\Site\Blade\Http\Controllers\Playground\PublicDashboardRouteTest" classname="Tests.Feature.Playground.Site.Blade.Http.Controllers.Playground.PublicDashboardRouteTest" assertions="2" time="0.082844"/>
        <testcase name="test_as_guest_and_succeed" file="/app/vendor/gammamatrix/playground-site-blade/tests/Feature/Http/Controllers/Playground/PublicDashboardRouteTest.php" line="64" class="Tests\Feature\Playground\Site\Blade\Http\Controllers\Playground\PublicDashboardRouteTest" classname="Tests.Feature.Playground.Site.Blade.Http.Controllers.Playground.PublicDashboardRouteTest" assertions="1" time="0.084249"/>
      </testsuite>
      <testsuite name="Tests\Feature\Playground\Site\Blade\Http\Controllers\Playground\PublicHomeRouteTest" file="/app/vendor/gammamatrix/playground-site-blade/tests/Feature/Http/Controllers/Playground/PublicHomeRouteTest.php" tests="4" assertions="4" errors="0" failures="0" skipped="0" time="0.373459">
        <testcase name="test_as_guest_and_succeed" file="/app/vendor/gammamatrix/playground-site-blade/tests/Feature/Http/Controllers/Playground/PublicHomeRouteTest.php" line="32" class="Tests\Feature\Playground\Site\Blade\Http\Controllers\Playground\PublicHomeRouteTest" classname="Tests.Feature.Playground.Site.Blade.Http.Controllers.Playground.PublicHomeRouteTest" assertions="1" time="0.093734"/>
        <testcase name="test_json_as_guest_and_succeed" file="/app/vendor/gammamatrix/playground-site-blade/tests/Feature/Http/Controllers/Playground/PublicHomeRouteTest.php" line="38" class="Tests\Feature\Playground\Site\Blade\Http\Controllers\Playground\PublicHomeRouteTest" classname="Tests.Feature.Playground.Site.Blade.Http.Controllers.Playground.PublicHomeRouteTest" assertions="1" time="0.084832"/>
        <testcase name="test_as_admin_and_succeed" file="/app/vendor/gammamatrix/playground-site-blade/tests/Feature/Http/Controllers/Playground/PublicHomeRouteTest.php" line="44" class="Tests\Feature\Playground\Site\Blade\Http\Controllers\Playground\PublicHomeRouteTest" classname="Tests.Feature.Playground.Site.Blade.Http.Controllers.Playground.PublicHomeRouteTest" assertions="1" time="0.098570"/>
        <testcase name="test_json_as_admin_and_succeed" file="/app/vendor/gammamatrix/playground-site-blade/tests/Feature/Http/Controllers/Playground/PublicHomeRouteTest.php" line="54" class="Tests\Feature\Playground\Site\Blade\Http\Controllers\Playground\PublicHomeRouteTest" classname="Tests.Feature.Playground.Site.Blade.Http.Controllers.Playground.PublicHomeRouteTest" assertions="1" time="0.096323"/>
      </testsuite>
      <testsuite name="Tests\Feature\Playground\Site\Blade\Http\Controllers\Playground\PublicSitemapRouteTest" file="/app/vendor/gammamatrix/playground-site-blade/tests/Feature/Http/Controllers/Playground/PublicSitemapRouteTest.php" tests="9" assertions="12" errors="0" failures="0" skipped="0" time="0.818712">
        <testcase name="test_as_guest_and_fail_when_disabled_for_guest_and_no_redirect" file="/app/vendor/gammamatrix/playground-site-blade/tests/Feature/Http/Controllers/Playground/PublicSitemapRouteTest.php" line="21" class="Tests\Feature\Playground\Site\Blade\Http\Controllers\Playground\PublicSitemapRouteTest" classname="Tests.Feature.Playground.Site.Blade.Http.Controllers.Playground.PublicSitemapRouteTest" assertions="1" time="0.081987"/>
        <testcase name="test_as_guest_and_redirect_when_disabled_for_all" file="/app/vendor/gammamatrix/playground-site-blade/tests/Feature/Http/Controllers/Playground/PublicSitemapRouteTest.php" line="31" class="Tests\Feature\Playground\Site\Blade\Http\Controllers\Playground\PublicSitemapRouteTest" classname="Tests.Feature.Playground.Site.Blade.Http.Controllers.Playground.PublicSitemapRouteTest" assertions="2" time="0.080441"/>
        <testcase name="test_as_guest_and_redirect_when_disabled_for_guest" file="/app/vendor/gammamatrix/playground-site-blade/tests/Feature/Http/Controllers/Playground/PublicSitemapRouteTest.php" line="40" class="Tests\Feature\Playground\Site\Blade\Http\Controllers\Playground\PublicSitemapRouteTest" classname="Tests.Feature.Playground.Site.Blade.Http.Controllers.Playground.PublicSitemapRouteTest" assertions="2" time="0.081151"/>
        <testcase name="test_as_guest_and_succeed" file="/app/vendor/gammamatrix/playground-site-blade/tests/Feature/Http/Controllers/Playground/PublicSitemapRouteTest.php" line="50" class="Tests\Feature\Playground\Site\Blade\Http\Controllers\Playground\PublicSitemapRouteTest" classname="Tests.Feature.Playground.Site.Blade.Http.Controllers.Playground.PublicSitemapRouteTest" assertions="1" time="0.098550"/>
        <testcase name="test_as_user_and_succeed" file="/app/vendor/gammamatrix/playground-site-blade/tests/Feature/Http/Controllers/Playground/PublicSitemapRouteTest.php" line="60" class="Tests\Feature\Playground\Site\Blade\Http\Controllers\Playground\PublicSitemapRouteTest" classname="Tests.Feature.Playground.Site.Blade.Http.Controllers.Playground.PublicSitemapRouteTest" assertions="1" time="0.097092"/>
        <testcase name="test_as_support_and_fail_when_disabled_for_all" file="/app/vendor/gammamatrix/playground-site-blade/tests/Feature/Http/Controllers/Playground/PublicSitemapRouteTest.php" line="74" class="Tests\Feature\Playground\Site\Blade\Http\Controllers\Playground\PublicSitemapRouteTest" classname="Tests.Feature.Playground.Site.Blade.Http.Controllers.Playground.PublicSitemapRouteTest" assertions="2" time="0.094104"/>
        <testcase name="test_as_user_and_fail_when_disabled_for_all_and_no_redirect" file="/app/vendor/gammamatrix/playground-site-blade/tests/Feature/Http/Controllers/Playground/PublicSitemapRouteTest.php" line="87" class="Tests\Feature\Playground\Site\Blade\Http\Controllers\Playground\PublicSitemapRouteTest" classname="Tests.Feature.Playground.Site.Blade.Http.Controllers.Playground.PublicSitemapRouteTest" assertions="1" time="0.091497"/>
        <testcase name="test_as_admin_and_succeed" file="/app/vendor/gammamatrix/playground-site-blade/tests/Feature/Http/Controllers/Playground/PublicSitemapRouteTest.php" line="100" class="Tests\Feature\Playground\Site\Blade\Http\Controllers\Playground\PublicSitemapRouteTest" classname="Tests.Feature.Playground.Site.Blade.Http.Controllers.Playground.PublicSitemapRouteTest" assertions="1" time="0.097408"/>
        <testcase name="test_as_user_and_succeed_with_package_sitemaps" file="/app/vendor/gammamatrix/playground-site-blade/tests/Feature/Http/Controllers/Playground/PublicSitemapRouteTest.php" line="113" class="Tests\Feature\Playground\Site\Blade\Http\Controllers\Playground\PublicSitemapRouteTest" classname="Tests.Feature.Playground.Site.Blade.Http.Controllers.Playground.PublicSitemapRouteTest" assertions="1" time="0.096481"/>
      </testsuite>
      <testsuite name="Tests\Feature\Playground\Site\Blade\Http\Controllers\Playground\ThemeRouteTest" file="/app/vendor/gammamatrix/playground-site-blade/tests/Feature/Http/Controllers/Playground/ThemeRouteTest.php" tests="4" assertions="7" errors="0" failures="0" skipped="0" time="0.368494">
        <testcase name="test_as_guest_and_succeed" file="/app/vendor/gammamatrix/playground-site-blade/tests/Feature/Http/Controllers/Playground/ThemeRouteTest.php" line="21" class="Tests\Feature\Playground\Site\Blade\Http\Controllers\Playground\ThemeRouteTest" classname="Tests.Feature.Playground.Site.Blade.Http.Controllers.Playground.ThemeRouteTest" assertions="2" time="0.083817"/>
        <testcase name="test_as_guest_with_preview_and_succeed" file="/app/vendor/gammamatrix/playground-site-blade/tests/Feature/Http/Controllers/Playground/ThemeRouteTest.php" line="27" class="Tests\Feature\Playground\Site\Blade\Http\Controllers\Playground\ThemeRouteTest" classname="Tests.Feature.Playground.Site.Blade.Http.Controllers.Playground.ThemeRouteTest" assertions="1" time="0.094542"/>
        <testcase name="test_as_user_and_succeed" file="/app/vendor/gammamatrix/playground-site-blade/tests/Feature/Http/Controllers/Playground/ThemeRouteTest.php" line="33" class="Tests\Feature\Playground\Site\Blade\Http\Controllers\Playground\ThemeRouteTest" classname="Tests.Feature.Playground.Site.Blade.Http.Controllers.Playground.ThemeRouteTest" assertions="2" time="0.093524"/>
        <testcase name="test_as_admin_and_succeed_with_theme_and_redirect" file="/app/vendor/gammamatrix/playground-site-blade/tests/Feature/Http/Controllers/Playground/ThemeRouteTest.php" line="45" class="Tests\Feature\Playground\Site\Blade\Http\Controllers\Playground\ThemeRouteTest" classname="Tests.Feature.Playground.Site.Blade.Http.Controllers.Playground.ThemeRouteTest" assertions="2" time="0.096611"/>
      </testsuite>
      <testsuite name="Tests\Feature\Playground\Site\Blade\Http\Controllers\Playground\UserDashboardRouteTest" file="/app/vendor/gammamatrix/playground-site-blade/tests/Feature/Http/Controllers/Playground/UserDashboardRouteTest.php" tests="8" assertions="16" errors="0" failures="0" skipped="0" time="0.713822">
        <testcase name="test_as_guest_and_fail_when_disabled_for_guest_and_no_redirect_with_auth_middleware" file="/app/vendor/gammamatrix/playground-site-blade/tests/Feature/Http/Controllers/Playground/UserDashboardRouteTest.php" line="20" class="Tests\Feature\Playground\Site\Blade\Http\Controllers\Playground\UserDashboardRouteTest" classname="Tests.Feature.Playground.Site.Blade.Http.Controllers.Playground.UserDashboardRouteTest" assertions="3" time="0.086169"/>
        <testcase name="test_as_guest_and_redirect" file="/app/vendor/gammamatrix/playground-site-blade/tests/Feature/Http/Controllers/Playground/UserDashboardRouteTest.php" line="33" class="Tests\Feature\Playground\Site\Blade\Http\Controllers\Playground\UserDashboardRouteTest" classname="Tests.Feature.Playground.Site.Blade.Http.Controllers.Playground.UserDashboardRouteTest" assertions="3" time="0.084312"/>
        <testcase name="test_as_guest_and_redirect_when_disabled_for_guest" file="/app/vendor/gammamatrix/playground-site-blade/tests/Feature/Http/Controllers/Playground/UserDashboardRouteTest.php" line="41" class="Tests\Feature\Playground\Site\Blade\Http\Controllers\Playground\UserDashboardRouteTest" classname="Tests.Feature.Playground.Site.Blade.Http.Controllers.Playground.UserDashboardRouteTest" assertions="3" time="0.084514"/>
        <testcase name="test_as_guest_and_fail" file="/app/vendor/gammamatrix/playground-site-blade/tests/Feature/Http/Controllers/Playground/UserDashboardRouteTest.php" line="53" class="Tests\Feature\Playground\Site\Blade\Http\Controllers\Playground\UserDashboardRouteTest" classname="Tests.Feature.Playground.Site.Blade.Http.Controllers.Playground.UserDashboardRouteTest" assertions="2" time="0.081365"/>
        <testcase name="test_as_user_and_succeed" file="/app/vendor/gammamatrix/playground-site-blade/tests/Feature/Http/Controllers/Playground/UserDashboardRouteTest.php" line="66" class="Tests\Feature\Playground\Site\Blade\Http\Controllers\Playground\UserDashboardRouteTest" classname="Tests.Feature.Playground.Site.Blade.Http.Controllers.Playground.UserDashboardRouteTest" assertions="1" time="0.100589"/>
        <testcase name="test_as_user_and_fail_when_disabled_for_all" file="/app/vendor/gammamatrix/playground-site-blade/tests/Feature/Http/Controllers/Playground/UserDashboardRouteTest.php" line="80" class="Tests\Feature\Playground\Site\Blade\Http\Controllers\Playground\UserDashboardRouteTest" classname="Tests.Feature.Playground.Site.Blade.Http.Controllers.Playground.UserDashboardRouteTest" assertions="2" time="0.091335"/>
        <testcase name="test_as_user_and_fail_when_disabled_for_all_and_no_redirect" file="/app/vendor/gammamatrix/playground-site-blade/tests/Feature/Http/Controllers/Playground/UserDashboardRouteTest.php" line="93" class="Tests\Feature\Playground\Site\Blade\Http\Controllers\Playground\UserDashboardRouteTest" classname="Tests.Feature.Playground.Site.Blade.Http.Controllers.Playground.UserDashboardRouteTest" assertions="1" time="0.090989"/>
        <testcase name="test_json_as_admin_and_succeed" file="/app/vendor/gammamatrix/playground-site-blade/tests/Feature/Http/Controllers/Playground/UserDashboardRouteTest.php" line="106" class="Tests\Feature\Playground\Site\Blade\Http\Controllers\Playground\UserDashboardRouteTest" classname="Tests.Feature.Playground.Site.Blade.Http.Controllers.Playground.UserDashboardRouteTest" assertions="1" time="0.094549"/>
      </testsuite>
      <testsuite name="Tests\Feature\Playground\Site\Blade\Http\Controllers\Playground\UserHomeRouteTest" file="/app/vendor/gammamatrix/playground-site-blade/tests/Feature/Http/Controllers/Playground/UserHomeRouteTest.php" tests="4" assertions="7" errors="0" failures="0" skipped="0" time="0.374817">
        <testcase name="test_route_home_as_guest_and_fail" file="/app/vendor/gammamatrix/playground-site-blade/tests/Feature/Http/Controllers/Playground/UserHomeRouteTest.php" line="20" class="Tests\Feature\Playground\Site\Blade\Http\Controllers\Playground\UserHomeRouteTest" classname="Tests.Feature.Playground.Site.Blade.Http.Controllers.Playground.UserHomeRouteTest" assertions="3" time="0.092923"/>
        <testcase name="test_route_json_home_as_guest_and_fail" file="/app/vendor/gammamatrix/playground-site-blade/tests/Feature/Http/Controllers/Playground/UserHomeRouteTest.php" line="28" class="Tests\Feature\Playground\Site\Blade\Http\Controllers\Playground\UserHomeRouteTest" classname="Tests.Feature.Playground.Site.Blade.Http.Controllers.Playground.UserHomeRouteTest" assertions="2" time="0.088346"/>
        <testcase name="test_route_home_as_user_admin_and_succeed" file="/app/vendor/gammamatrix/playground-site-blade/tests/Feature/Http/Controllers/Playground/UserHomeRouteTest.php" line="38" class="Tests\Feature\Playground\Site\Blade\Http\Controllers\Playground\UserHomeRouteTest" classname="Tests.Feature.Playground.Site.Blade.Http.Controllers.Playground.UserHomeRouteTest" assertions="1" time="0.099222"/>
        <testcase name="test_route_json_home_as_admin_and_succeed" file="/app/vendor/gammamatrix/playground-site-blade/tests/Feature/Http/Controllers/Playground/UserHomeRouteTest.php" line="48" class="Tests\Feature\Playground\Site\Blade\Http\Controllers\Playground\UserHomeRouteTest" classname="Tests.Feature.Playground.Site.Blade.Http.Controllers.Playground.UserHomeRouteTest" assertions="1" time="0.094327"/>
      </testsuite>
      <testsuite name="Tests\Feature\Playground\Site\Blade\Http\Controllers\Playground\UserSitemapRouteTest" file="/app/vendor/gammamatrix/playground-site-blade/tests/Feature/Http/Controllers/Playground/UserSitemapRouteTest.php" tests="9" assertions="12" errors="0" failures="0" skipped="0" time="0.850142">
        <testcase name="test_route_sitemap_as_guest_and_fail_when_disabled_for_guest_and_no_redirect" file="/app/vendor/gammamatrix/playground-site-blade/tests/Feature/Http/Controllers/Playground/UserSitemapRouteTest.php" line="32" class="Tests\Feature\Playground\Site\Blade\Http\Controllers\Playground\UserSitemapRouteTest" classname="Tests.Feature.Playground.Site.Blade.Http.Controllers.Playground.UserSitemapRouteTest" assertions="1" time="0.087659"/>
        <testcase name="test_route_sitemap_as_guest_and_redirect_when_disabled_for_all" file="/app/vendor/gammamatrix/playground-site-blade/tests/Feature/Http/Controllers/Playground/UserSitemapRouteTest.php" line="42" class="Tests\Feature\Playground\Site\Blade\Http\Controllers\Playground\UserSitemapRouteTest" classname="Tests.Feature.Playground.Site.Blade.Http.Controllers.Playground.UserSitemapRouteTest" assertions="2" time="0.086205"/>
        <testcase name="test_route_sitemap_as_guest_and_redirect_when_disabled_for_guest" file="/app/vendor/gammamatrix/playground-site-blade/tests/Feature/Http/Controllers/Playground/UserSitemapRouteTest.php" line="51" class="Tests\Feature\Playground\Site\Blade\Http\Controllers\Playground\UserSitemapRouteTest" classname="Tests.Feature.Playground.Site.Blade.Http.Controllers.Playground.UserSitemapRouteTest" assertions="2" time="0.085333"/>
        <testcase name="test_route_json_sitemap_as_guest_and_fail" file="/app/vendor/gammamatrix/playground-site-blade/tests/Feature/Http/Controllers/Playground/UserSitemapRouteTest.php" line="61" class="Tests\Feature\Playground\Site\Blade\Http\Controllers\Playground\UserSitemapRouteTest" classname="Tests.Feature.Playground.Site.Blade.Http.Controllers.Playground.UserSitemapRouteTest" assertions="1" time="0.094733"/>
        <testcase name="test_route_sitemap_as_user_and_succeed" file="/app/vendor/gammamatrix/playground-site-blade/tests/Feature/Http/Controllers/Playground/UserSitemapRouteTest.php" line="71" class="Tests\Feature\Playground\Site\Blade\Http\Controllers\Playground\UserSitemapRouteTest" classname="Tests.Feature.Playground.Site.Blade.Http.Controllers.Playground.UserSitemapRouteTest" assertions="1" time="0.100944"/>
        <testcase name="test_route_sitemap_as_support_and_fail_when_disabled_for_all" file="/app/vendor/gammamatrix/playground-site-blade/tests/Feature/Http/Controllers/Playground/UserSitemapRouteTest.php" line="85" class="Tests\Feature\Playground\Site\Blade\Http\Controllers\Playground\UserSitemapRouteTest" classname="Tests.Feature.Playground.Site.Blade.Http.Controllers.Playground.UserSitemapRouteTest" assertions="2" time="0.091660"/>
        <testcase name="test_route_sitemap_as_user_and_fail_when_disabled_for_all_and_no_redirect" file="/app/vendor/gammamatrix/playground-site-blade/tests/Feature/Http/Controllers/Playground/UserSitemapRouteTest.php" line="98" class="Tests\Feature\Playground\Site\Blade\Http\Controllers\Playground\UserSitemapRouteTest" classname="Tests.Feature.Playground.Site.Blade.Http.Controllers.Playground.UserSitemapRouteTest" assertions="1" time="0.090538"/>
        <testcase name="test_route_json_sitemap_as_admin_and_succeed" file="/app/vendor/gammamatrix/playground-site-blade/tests/Feature/Http/Controllers/Playground/UserSitemapRouteTest.php" line="111" class="Tests\Feature\Playground\Site\Blade\Http\Controllers\Playground\UserSitemapRouteTest" classname="Tests.Feature.Playground.Site.Blade.Http.Controllers.Playground.UserSitemapRouteTest" assertions="1" time="0.114829"/>
        <testcase name="test_route_sitemap_as_user_and_succeed_with_package_sitemaps" file="/app/vendor/gammamatrix/playground-site-blade/tests/Feature/Http/Controllers/Playground/UserSitemapRouteTest.php" line="126" class="Tests\Feature\Playground\Site\Blade\Http\Controllers\Playground\UserSitemapRouteTest" classname="Tests.Feature.Playground.Site.Blade.Http.Controllers.Playground.UserSitemapRouteTest" assertions="1" time="0.098242"/>
      </testsuite>
      <testsuite name="Tests\Feature\Playground\Site\Blade\Http\Controllers\Playground\WelcomeRouteTest" file="/app/vendor/gammamatrix/playground-site-blade/tests/Feature/Http/Controllers/Playground/WelcomeRouteTest.php" tests="4" assertions="4" errors="0" failures="0" skipped="0" time="0.365472">
        <testcase name="test_as_guest_and_succeed" file="/app/vendor/gammamatrix/playground-site-blade/tests/Feature/Http/Controllers/Playground/WelcomeRouteTest.php" line="20" class="Tests\Feature\Playground\Site\Blade\Http\Controllers\Playground\WelcomeRouteTest" classname="Tests.Feature.Playground.Site.Blade.Http.Controllers.Playground.WelcomeRouteTest" assertions="1" time="0.094993"/>
        <testcase name="test_json_as_guest_and_succeed" file="/app/vendor/gammamatrix/playground-site-blade/tests/Feature/Http/Controllers/Playground/WelcomeRouteTest.php" line="26" class="Tests\Feature\Playground\Site\Blade\Http\Controllers\Playground\WelcomeRouteTest" classname="Tests.Feature.Playground.Site.Blade.Http.Controllers.Playground.WelcomeRouteTest" assertions="1" time="0.082507"/>
        <testcase name="test_as_user_and_succeed" file="/app/vendor/gammamatrix/playground-site-blade/tests/Feature/Http/Controllers/Playground/WelcomeRouteTest.php" line="32" class="Tests\Feature\Playground\Site\Blade\Http\Controllers\Playground\WelcomeRouteTest" classname="Tests.Feature.Playground.Site.Blade.Http.Controllers.Playground.WelcomeRouteTest" assertions="1" time="0.094693"/>
        <testcase name="test_json_as_manager_admin_and_succeed" file="/app/vendor/gammamatrix/playground-site-blade/tests/Feature/Http/Controllers/Playground/WelcomeRouteTest.php" line="42" class="Tests\Feature\Playground\Site\Blade\Http\Controllers\Playground\WelcomeRouteTest" classname="Tests.Feature.Playground.Site.Blade.Http.Controllers.Playground.WelcomeRouteTest" assertions="1" time="0.093279"/>
      </testsuite>
      <testsuite name="Tests\Feature\Playground\Test\Console\Commands\About\CommandTest" file="/app/vendor/gammamatrix/playground-test/tests/Feature/Console/Commands/About/CommandTest.php" tests="1" assertions="2" errors="0" failures="0" skipped="0" time="0.087252">
        <testcase name="test_command_about_displays_package_information_and_succeed_with_code_0" file="/app/vendor/gammamatrix/playground-test/tests/Feature/Console/Commands/About/CommandTest.php" line="19" class="Tests\Feature\Playground\Test\Console\Commands\About\CommandTest" classname="Tests.Feature.Playground.Test.Console.Commands.About.CommandTest" assertions="2" time="0.087252"/>
      </testsuite>
    </testsuite>
  </testsuite>
</testsuites>
