<?xml version="1.0" encoding="UTF-8"?>
<testsuites>
  <testsuite name="/app/phpunit.xml" tests="406" assertions="1094" errors="0" failures="0" skipped="0" time="35.319853">
    <testsuite name="Unit" tests="215" assertions="724" errors="0" failures="0" skipped="0" time="6.088575">
      <testsuite name="Tests\Unit\ExampleTest" file="/app/tests/Unit/ExampleTest.php" tests="1" assertions="1" errors="0" failures="0" skipped="0" time="0.118885">
        <testcase name="test_that_true_is_true" file="/app/tests/Unit/ExampleTest.php" line="11" class="Tests\Unit\ExampleTest" classname="Tests.Unit.ExampleTest" assertions="1" time="0.118885"/>
      </testsuite>
      <testsuite name="Tests\Unit\Playground\Models\Model\ModelTest" file="/app/vendor/gammamatrix/playground/tests/Unit/Models/Model/ModelTest.php" tests="5" assertions="5" errors="0" failures="0" skipped="0" time="0.376798">
        <testcase name="test_WithChildren_children_returns_HasMany" file="/app/vendor/gammamatrix/playground/tests/Unit/Models/Model/ModelTest.php" line="19" class="Tests\Unit\Playground\Models\Model\ModelTest" classname="Tests.Unit.Playground.Models.Model.ModelTest" assertions="1" time="0.278672"/>
        <testcase name="test_WithCreator_creator_returns_HasOne" file="/app/vendor/gammamatrix/playground/tests/Unit/Models/Model/ModelTest.php" line="26" class="Tests\Unit\Playground\Models\Model\ModelTest" classname="Tests.Unit.Playground.Models.Model.ModelTest" assertions="1" time="0.030659"/>
        <testcase name="test_WithModifier_modifier_returns_HasOne" file="/app/vendor/gammamatrix/playground/tests/Unit/Models/Model/ModelTest.php" line="33" class="Tests\Unit\Playground\Models\Model\ModelTest" classname="Tests.Unit.Playground.Models.Model.ModelTest" assertions="1" time="0.021933"/>
        <testcase name="test_WithOwner_owner_returns_HasOne" file="/app/vendor/gammamatrix/playground/tests/Unit/Models/Model/ModelTest.php" line="40" class="Tests\Unit\Playground\Models\Model\ModelTest" classname="Tests.Unit.Playground.Models.Model.ModelTest" assertions="1" time="0.021935"/>
        <testcase name="test_WithParent_parent_returns_HasOne" file="/app/vendor/gammamatrix/playground/tests/Unit/Models/Model/ModelTest.php" line="47" class="Tests\Unit\Playground\Models\Model\ModelTest" classname="Tests.Unit.Playground.Models.Model.ModelTest" assertions="1" time="0.023600"/>
      </testsuite>
      <testsuite name="Tests\Unit\Playground\Models\Scopes\ScopeFilterColumns\ModelTest" file="/app/vendor/gammamatrix/playground/tests/Unit/Models/Scopes/ScopeFilterColumns/ModelTest.php" tests="15" assertions="150" errors="0" failures="0" skipped="0" time="0.371168">
        <testcase name="test_scopeFilterColumns_returns_query_without_columns_or_filters" file="/app/vendor/gammamatrix/playground/tests/Unit/Models/Scopes/ScopeFilterColumns/ModelTest.php" line="36" class="Tests\Unit\Playground\Models\Scopes\ScopeFilterColumns\ModelTest" classname="Tests.Unit.Playground.Models.Scopes.ScopeFilterColumns.ModelTest" assertions="2" time="0.025582"/>
        <testcase name="test_scopeFilterColumns_returns_query_without_filters" file="/app/vendor/gammamatrix/playground/tests/Unit/Models/Scopes/ScopeFilterColumns/ModelTest.php" line="52" class="Tests\Unit\Playground\Models\Scopes\ScopeFilterColumns\ModelTest" classname="Tests.Unit.Playground.Models.Scopes.ScopeFilterColumns.ModelTest" assertions="4" time="0.022589"/>
        <testcase name="test_scopeFilterColumns_returns_query_with_invalid_column" file="/app/vendor/gammamatrix/playground/tests/Unit/Models/Scopes/ScopeFilterColumns/ModelTest.php" line="75" class="Tests\Unit\Playground\Models\Scopes\ScopeFilterColumns\ModelTest" classname="Tests.Unit.Playground.Models.Scopes.ScopeFilterColumns.ModelTest" assertions="4" time="0.022585"/>
        <testcase name="test_scopeFilterColumns_returns_query_with_filters_without_meta_for_strings" file="/app/vendor/gammamatrix/playground/tests/Unit/Models/Scopes/ScopeFilterColumns/ModelTest.php" line="105" class="Tests\Unit\Playground\Models\Scopes\ScopeFilterColumns\ModelTest" classname="Tests.Unit.Playground.Models.Scopes.ScopeFilterColumns.ModelTest" assertions="8" time="0.023635"/>
        <testcase name="test_scopeFilterColumns_returns_query_with_null_comparison_and_ignore" file="/app/vendor/gammamatrix/playground/tests/Unit/Models/Scopes/ScopeFilterColumns/ModelTest.php" line="143" class="Tests\Unit\Playground\Models\Scopes\ScopeFilterColumns\ModelTest" classname="Tests.Unit.Playground.Models.Scopes.ScopeFilterColumns.ModelTest" assertions="4" time="0.023117"/>
        <testcase name="test_scopeFilterColumns_returns_query_with_comparison" file="/app/vendor/gammamatrix/playground/tests/Unit/Models/Scopes/ScopeFilterColumns/ModelTest.php" line="174" class="Tests\Unit\Playground\Models\Scopes\ScopeFilterColumns\ModelTest" classname="Tests.Unit.Playground.Models.Scopes.ScopeFilterColumns.ModelTest" assertions="6" time="0.023533"/>
        <testcase name="test_scopeFilterColumns_with_boolean_filter_type_and_null_value" file="/app/vendor/gammamatrix/playground/tests/Unit/Models/Scopes/ScopeFilterColumns/ModelTest.php" line="206" class="Tests\Unit\Playground\Models\Scopes\ScopeFilterColumns\ModelTest" classname="Tests.Unit.Playground.Models.Scopes.ScopeFilterColumns.ModelTest" assertions="6" time="0.023570"/>
        <testcase name="test_scopeFilterColumns_with_boolean_filter_type_and_true_value" file="/app/vendor/gammamatrix/playground/tests/Unit/Models/Scopes/ScopeFilterColumns/ModelTest.php" line="240" class="Tests\Unit\Playground\Models\Scopes\ScopeFilterColumns\ModelTest" classname="Tests.Unit.Playground.Models.Scopes.ScopeFilterColumns.ModelTest" assertions="6" time="0.024918"/>
        <testcase name="test_scopeFilterColumns_with_boolean_filter_type_and_false_value" file="/app/vendor/gammamatrix/playground/tests/Unit/Models/Scopes/ScopeFilterColumns/ModelTest.php" line="274" class="Tests\Unit\Playground\Models\Scopes\ScopeFilterColumns\ModelTest" classname="Tests.Unit.Playground.Models.Scopes.ScopeFilterColumns.ModelTest" assertions="6" time="0.024085"/>
        <testcase name="test_scopeFilterColumns_with_filter_operator_without_operator_and_default_to_like" file="/app/vendor/gammamatrix/playground/tests/Unit/Models/Scopes/ScopeFilterColumns/ModelTest.php" line="308" class="Tests\Unit\Playground\Models\Scopes\ScopeFilterColumns\ModelTest" classname="Tests.Unit.Playground.Models.Scopes.ScopeFilterColumns.ModelTest" assertions="6" time="0.024653"/>
        <testcase name="test_scopeFilterColumns_with_filter_operators" file="/app/vendor/gammamatrix/playground/tests/Unit/Models/Scopes/ScopeFilterColumns/ModelTest.php" line="342" class="Tests\Unit\Playground\Models\Scopes\ScopeFilterColumns\ModelTest" classname="Tests.Unit.Playground.Models.Scopes.ScopeFilterColumns.ModelTest" assertions="74" time="0.031846"/>
        <testcase name="test_scopeFilterColumns_with_between_filter_operator_without_single_parameter_and_ignore_between" file="/app/vendor/gammamatrix/playground/tests/Unit/Models/Scopes/ScopeFilterColumns/ModelTest.php" line="429" class="Tests\Unit\Playground\Models\Scopes\ScopeFilterColumns\ModelTest" classname="Tests.Unit.Playground.Models.Scopes.ScopeFilterColumns.ModelTest" assertions="4" time="0.025895"/>
        <testcase name="test_scopeFilterColumns_with_between_filter_operator" file="/app/vendor/gammamatrix/playground/tests/Unit/Models/Scopes/ScopeFilterColumns/ModelTest.php" line="462" class="Tests\Unit\Playground\Models\Scopes\ScopeFilterColumns\ModelTest" classname="Tests.Unit.Playground.Models.Scopes.ScopeFilterColumns.ModelTest" assertions="8" time="0.025149"/>
        <testcase name="test_scopeFilterColumns_with_not_between_filter_operator_without_single_parameter_and_ignore_between" file="/app/vendor/gammamatrix/playground/tests/Unit/Models/Scopes/ScopeFilterColumns/ModelTest.php" line="499" class="Tests\Unit\Playground\Models\Scopes\ScopeFilterColumns\ModelTest" classname="Tests.Unit.Playground.Models.Scopes.ScopeFilterColumns.ModelTest" assertions="4" time="0.024725"/>
        <testcase name="test_scopeFilterColumns_with_not_between_filter_operator" file="/app/vendor/gammamatrix/playground/tests/Unit/Models/Scopes/ScopeFilterColumns/ModelTest.php" line="532" class="Tests\Unit\Playground\Models\Scopes\ScopeFilterColumns\ModelTest" classname="Tests.Unit.Playground.Models.Scopes.ScopeFilterColumns.ModelTest" assertions="8" time="0.025286"/>
      </testsuite>
      <testsuite name="Tests\Unit\Playground\Models\Scopes\ScopeFilterDates\ModelTest" file="/app/vendor/gammamatrix/playground/tests/Unit/Models/Scopes/ScopeFilterDates/ModelTest.php" tests="18" assertions="160" errors="0" failures="0" skipped="0" time="0.447845">
        <testcase name="test_scopeFilterDates_returns_query_without_dates_or_filters" file="/app/vendor/gammamatrix/playground/tests/Unit/Models/Scopes/ScopeFilterDates/ModelTest.php" line="36" class="Tests\Unit\Playground\Models\Scopes\ScopeFilterDates\ModelTest" classname="Tests.Unit.Playground.Models.Scopes.ScopeFilterDates.ModelTest" assertions="2" time="0.022244"/>
        <testcase name="test_scopeFilterDates_returns_query_without_filters" file="/app/vendor/gammamatrix/playground/tests/Unit/Models/Scopes/ScopeFilterDates/ModelTest.php" line="52" class="Tests\Unit\Playground\Models\Scopes\ScopeFilterDates\ModelTest" classname="Tests.Unit.Playground.Models.Scopes.ScopeFilterDates.ModelTest" assertions="4" time="0.022465"/>
        <testcase name="test_scopeFilterDates_returns_query_with_invalid_column" file="/app/vendor/gammamatrix/playground/tests/Unit/Models/Scopes/ScopeFilterDates/ModelTest.php" line="75" class="Tests\Unit\Playground\Models\Scopes\ScopeFilterDates\ModelTest" classname="Tests.Unit.Playground.Models.Scopes.ScopeFilterDates.ModelTest" assertions="4" time="0.022720"/>
        <testcase name="test_scopeFilterDates_returns_query_with_filters_without_meta_for_strings" file="/app/vendor/gammamatrix/playground/tests/Unit/Models/Scopes/ScopeFilterDates/ModelTest.php" line="105" class="Tests\Unit\Playground\Models\Scopes\ScopeFilterDates\ModelTest" classname="Tests.Unit.Playground.Models.Scopes.ScopeFilterDates.ModelTest" assertions="6" time="0.023622"/>
        <testcase name="test_scopeFilterDates_returns_query_with_null_comparison_and_ignore" file="/app/vendor/gammamatrix/playground/tests/Unit/Models/Scopes/ScopeFilterDates/ModelTest.php" line="140" class="Tests\Unit\Playground\Models\Scopes\ScopeFilterDates\ModelTest" classname="Tests.Unit.Playground.Models.Scopes.ScopeFilterDates.ModelTest" assertions="4" time="0.022999"/>
        <testcase name="test_scopeFilterDates_returns_query_with_null_comparison_and_allow" file="/app/vendor/gammamatrix/playground/tests/Unit/Models/Scopes/ScopeFilterDates/ModelTest.php" line="175" class="Tests\Unit\Playground\Models\Scopes\ScopeFilterDates\ModelTest" classname="Tests.Unit.Playground.Models.Scopes.ScopeFilterDates.ModelTest" assertions="4" time="0.023217"/>
        <testcase name="test_scopeFilterDates_returns_query_with_comparison" file="/app/vendor/gammamatrix/playground/tests/Unit/Models/Scopes/ScopeFilterDates/ModelTest.php" line="210" class="Tests\Unit\Playground\Models\Scopes\ScopeFilterDates\ModelTest" classname="Tests.Unit.Playground.Models.Scopes.ScopeFilterDates.ModelTest" assertions="6" time="0.023815"/>
        <testcase name="test_scopeFilterDates_returns_query_with_wildcard" file="/app/vendor/gammamatrix/playground/tests/Unit/Models/Scopes/ScopeFilterDates/ModelTest.php" line="243" class="Tests\Unit\Playground\Models\Scopes\ScopeFilterDates\ModelTest" classname="Tests.Unit.Playground.Models.Scopes.ScopeFilterDates.ModelTest" assertions="6" time="0.023980"/>
        <testcase name="test_scopeFilterDates_returns_query_with_operator_wildcard" file="/app/vendor/gammamatrix/playground/tests/Unit/Models/Scopes/ScopeFilterDates/ModelTest.php" line="275" class="Tests\Unit\Playground\Models\Scopes\ScopeFilterDates\ModelTest" classname="Tests.Unit.Playground.Models.Scopes.ScopeFilterDates.ModelTest" assertions="6" time="0.024079"/>
        <testcase name="test_scopeFilterDates_returns_query_with_object_value_and_ignore" file="/app/vendor/gammamatrix/playground/tests/Unit/Models/Scopes/ScopeFilterDates/ModelTest.php" line="309" class="Tests\Unit\Playground\Models\Scopes\ScopeFilterDates\ModelTest" classname="Tests.Unit.Playground.Models.Scopes.ScopeFilterDates.ModelTest" assertions="4" time="0.024032"/>
        <testcase name="test_scopeFilterDates_returns_query_with_unnullable_value_and_ignore" file="/app/vendor/gammamatrix/playground/tests/Unit/Models/Scopes/ScopeFilterDates/ModelTest.php" line="342" class="Tests\Unit\Playground\Models\Scopes\ScopeFilterDates\ModelTest" classname="Tests.Unit.Playground.Models.Scopes.ScopeFilterDates.ModelTest" assertions="4" time="0.025306"/>
        <testcase name="test_scopeFilterDates_returns_query_with_invalid_operator_and_use_like" file="/app/vendor/gammamatrix/playground/tests/Unit/Models/Scopes/ScopeFilterDates/ModelTest.php" line="374" class="Tests\Unit\Playground\Models\Scopes\ScopeFilterDates\ModelTest" classname="Tests.Unit.Playground.Models.Scopes.ScopeFilterDates.ModelTest" assertions="6" time="0.025017"/>
        <testcase name="test_scopeFilterDates_returns_query_with_invalid_parsable_value_and_ignore" file="/app/vendor/gammamatrix/playground/tests/Unit/Models/Scopes/ScopeFilterDates/ModelTest.php" line="412" class="Tests\Unit\Playground\Models\Scopes\ScopeFilterDates\ModelTest" classname="Tests.Unit.Playground.Models.Scopes.ScopeFilterDates.ModelTest" assertions="4" time="0.025184"/>
        <testcase name="test_scopeFilterDates_returns_query_with_short_date_and_gte_operator" file="/app/vendor/gammamatrix/playground/tests/Unit/Models/Scopes/ScopeFilterDates/ModelTest.php" line="445" class="Tests\Unit\Playground\Models\Scopes\ScopeFilterDates\ModelTest" classname="Tests.Unit.Playground.Models.Scopes.ScopeFilterDates.ModelTest" assertions="6" time="0.025041"/>
        <testcase name="test_scopeFilterDates_returns_query_with_phrase_date_and_automatically_parse" file="/app/vendor/gammamatrix/playground/tests/Unit/Models/Scopes/ScopeFilterDates/ModelTest.php" line="480" class="Tests\Unit\Playground\Models\Scopes\ScopeFilterDates\ModelTest" classname="Tests.Unit.Playground.Models.Scopes.ScopeFilterDates.ModelTest" assertions="6" time="0.027742"/>
        <testcase name="test_scopeFilterDates_with_between_filter_operator_with_parse" file="/app/vendor/gammamatrix/playground/tests/Unit/Models/Scopes/ScopeFilterDates/ModelTest.php" line="518" class="Tests\Unit\Playground\Models\Scopes\ScopeFilterDates\ModelTest" classname="Tests.Unit.Playground.Models.Scopes.ScopeFilterDates.ModelTest" assertions="7" time="0.026310"/>
        <testcase name="test_scopeFilterDates_with_not_between_filter_operator_with_parse" file="/app/vendor/gammamatrix/playground/tests/Unit/Models/Scopes/ScopeFilterDates/ModelTest.php" line="563" class="Tests\Unit\Playground\Models\Scopes\ScopeFilterDates\ModelTest" classname="Tests.Unit.Playground.Models.Scopes.ScopeFilterDates.ModelTest" assertions="7" time="0.026321"/>
        <testcase name="test_scopeFilterDates_with_filter_operators" file="/app/vendor/gammamatrix/playground/tests/Unit/Models/Scopes/ScopeFilterDates/ModelTest.php" line="608" class="Tests\Unit\Playground\Models\Scopes\ScopeFilterDates\ModelTest" classname="Tests.Unit.Playground.Models.Scopes.ScopeFilterDates.ModelTest" assertions="74" time="0.033751"/>
      </testsuite>
      <testsuite name="Tests\Unit\Playground\Models\Scopes\ScopeFilterFlags\ModelTest" file="/app/vendor/gammamatrix/playground/tests/Unit/Models/Scopes/ScopeFilterFlags/ModelTest.php" tests="3" assertions="14" errors="0" failures="0" skipped="0" time="0.067644">
        <testcase name="test_scopeFilterFlags_returns_query_without_flags_or_filters" file="/app/vendor/gammamatrix/playground/tests/Unit/Models/Scopes/ScopeFilterFlags/ModelTest.php" line="36" class="Tests\Unit\Playground\Models\Scopes\ScopeFilterFlags\ModelTest" classname="Tests.Unit.Playground.Models.Scopes.ScopeFilterFlags.ModelTest" assertions="2" time="0.022064"/>
        <testcase name="test_scopeFilterFlags_returns_query_without_filters" file="/app/vendor/gammamatrix/playground/tests/Unit/Models/Scopes/ScopeFilterFlags/ModelTest.php" line="52" class="Tests\Unit\Playground\Models\Scopes\ScopeFilterFlags\ModelTest" classname="Tests.Unit.Playground.Models.Scopes.ScopeFilterFlags.ModelTest" assertions="4" time="0.022485"/>
        <testcase name="test_scopeFilterFlags_returns_query_with_filters" file="/app/vendor/gammamatrix/playground/tests/Unit/Models/Scopes/ScopeFilterFlags/ModelTest.php" line="75" class="Tests\Unit\Playground\Models\Scopes\ScopeFilterFlags\ModelTest" classname="Tests.Unit.Playground.Models.Scopes.ScopeFilterFlags.ModelTest" assertions="8" time="0.023094"/>
      </testsuite>
      <testsuite name="Tests\Unit\Playground\Models\Scopes\ScopeFilterIds\ModelTest" file="/app/vendor/gammamatrix/playground/tests/Unit/Models/Scopes/ScopeFilterIds/ModelTest.php" tests="11" assertions="70" errors="0" failures="0" skipped="0" time="0.282052">
        <testcase name="test_scopeFilterIds_returns_query_without_ids_or_filters" file="/app/vendor/gammamatrix/playground/tests/Unit/Models/Scopes/ScopeFilterIds/ModelTest.php" line="36" class="Tests\Unit\Playground\Models\Scopes\ScopeFilterIds\ModelTest" classname="Tests.Unit.Playground.Models.Scopes.ScopeFilterIds.ModelTest" assertions="2" time="0.022259"/>
        <testcase name="test_scopeFilterIds_returns_query_without_filters" file="/app/vendor/gammamatrix/playground/tests/Unit/Models/Scopes/ScopeFilterIds/ModelTest.php" line="52" class="Tests\Unit\Playground\Models\Scopes\ScopeFilterIds\ModelTest" classname="Tests.Unit.Playground.Models.Scopes.ScopeFilterIds.ModelTest" assertions="4" time="0.022499"/>
        <testcase name="test_scopeFilterIds_returns_query_with_invalid_column" file="/app/vendor/gammamatrix/playground/tests/Unit/Models/Scopes/ScopeFilterIds/ModelTest.php" line="75" class="Tests\Unit\Playground\Models\Scopes\ScopeFilterIds\ModelTest" classname="Tests.Unit.Playground.Models.Scopes.ScopeFilterIds.ModelTest" assertions="4" time="0.023149"/>
        <testcase name="test_scopeFilterIds_returns_query_with_null_comparison" file="/app/vendor/gammamatrix/playground/tests/Unit/Models/Scopes/ScopeFilterIds/ModelTest.php" line="105" class="Tests\Unit\Playground\Models\Scopes\ScopeFilterIds\ModelTest" classname="Tests.Unit.Playground.Models.Scopes.ScopeFilterIds.ModelTest" assertions="4" time="0.023228"/>
        <testcase name="test_scopeFilterIds_returns_query_with_comparison" file="/app/vendor/gammamatrix/playground/tests/Unit/Models/Scopes/ScopeFilterIds/ModelTest.php" line="136" class="Tests\Unit\Playground\Models\Scopes\ScopeFilterIds\ModelTest" classname="Tests.Unit.Playground.Models.Scopes.ScopeFilterIds.ModelTest" assertions="6" time="0.023356"/>
        <testcase name="test_scopeFilterIds_returns_query_with_filters_array" file="/app/vendor/gammamatrix/playground/tests/Unit/Models/Scopes/ScopeFilterIds/ModelTest.php" line="168" class="Tests\Unit\Playground\Models\Scopes\ScopeFilterIds\ModelTest" classname="Tests.Unit.Playground.Models.Scopes.ScopeFilterIds.ModelTest" assertions="10" time="0.041619"/>
        <testcase name="test_scopeFilterIds_returns_query_with_filters_with_integer" file="/app/vendor/gammamatrix/playground/tests/Unit/Models/Scopes/ScopeFilterIds/ModelTest.php" line="218" class="Tests\Unit\Playground\Models\Scopes\ScopeFilterIds\ModelTest" classname="Tests.Unit.Playground.Models.Scopes.ScopeFilterIds.ModelTest" assertions="6" time="0.023542"/>
        <testcase name="test_scopeFilterIds_returns_query_with_array_of_ids_without_type" file="/app/vendor/gammamatrix/playground/tests/Unit/Models/Scopes/ScopeFilterIds/ModelTest.php" line="259" class="Tests\Unit\Playground\Models\Scopes\ScopeFilterIds\ModelTest" classname="Tests.Unit.Playground.Models.Scopes.ScopeFilterIds.ModelTest" assertions="10" time="0.025461"/>
        <testcase name="test_scopeFilterIds_returns_query_with_array_of_uuids_for_integer_type_ids_and_ignore" file="/app/vendor/gammamatrix/playground/tests/Unit/Models/Scopes/ScopeFilterIds/ModelTest.php" line="307" class="Tests\Unit\Playground\Models\Scopes\ScopeFilterIds\ModelTest" classname="Tests.Unit.Playground.Models.Scopes.ScopeFilterIds.ModelTest" assertions="4" time="0.025223"/>
        <testcase name="test_scopeFilterIds_returns_query_with_array_of_integer_ids_ignore_duplicate_id" file="/app/vendor/gammamatrix/playground/tests/Unit/Models/Scopes/ScopeFilterIds/ModelTest.php" line="348" class="Tests\Unit\Playground\Models\Scopes\ScopeFilterIds\ModelTest" classname="Tests.Unit.Playground.Models.Scopes.ScopeFilterIds.ModelTest" assertions="8" time="0.025112"/>
        <testcase name="test_scopeFilterIds_returns_query_with_filters_with_null_and_string_and_array" file="/app/vendor/gammamatrix/playground/tests/Unit/Models/Scopes/ScopeFilterIds/ModelTest.php" line="394" class="Tests\Unit\Playground\Models\Scopes\ScopeFilterIds\ModelTest" classname="Tests.Unit.Playground.Models.Scopes.ScopeFilterIds.ModelTest" assertions="12" time="0.026605"/>
      </testsuite>
      <testsuite name="Tests\Unit\Playground\Models\Scopes\ScopeFilterTrash\ModelTest" file="/app/vendor/gammamatrix/playground/tests/Unit/Models/Scopes/ScopeFilterTrash/ModelTest.php" tests="3" assertions="6" errors="0" failures="0" skipped="0" time="0.068337">
        <testcase name="test_scopeFilterTrash_returns_query_with_empty_visibility" file="/app/vendor/gammamatrix/playground/tests/Unit/Models/Scopes/ScopeFilterTrash/ModelTest.php" line="36" class="Tests\Unit\Playground\Models\Scopes\ScopeFilterTrash\ModelTest" classname="Tests.Unit.Playground.Models.Scopes.ScopeFilterTrash.ModelTest" assertions="2" time="0.022336"/>
        <testcase name="test_scopeFilterTrash_returns_query_with_trash" file="/app/vendor/gammamatrix/playground/tests/Unit/Models/Scopes/ScopeFilterTrash/ModelTest.php" line="52" class="Tests\Unit\Playground\Models\Scopes\ScopeFilterTrash\ModelTest" classname="Tests.Unit.Playground.Models.Scopes.ScopeFilterTrash.ModelTest" assertions="2" time="0.023763"/>
        <testcase name="test_scopeFilterTrash_returns_query_with_only_trash" file="/app/vendor/gammamatrix/playground/tests/Unit/Models/Scopes/ScopeFilterTrash/ModelTest.php" line="70" class="Tests\Unit\Playground\Models\Scopes\ScopeFilterTrash\ModelTest" classname="Tests.Unit.Playground.Models.Scopes.ScopeFilterTrash.ModelTest" assertions="2" time="0.022239"/>
      </testsuite>
      <testsuite name="Tests\Unit\Playground\Models\Scopes\ScopeSort\ModelTest" file="/app/vendor/gammamatrix/playground/tests/Unit/Models/Scopes/ScopeSort/ModelTest.php" tests="11" assertions="23" errors="0" failures="0" skipped="0" time="0.255569">
        <testcase name="test_scopeSort_returns_query_with_empty_sort" file="/app/vendor/gammamatrix/playground/tests/Unit/Models/Scopes/ScopeSort/ModelTest.php" line="36" class="Tests\Unit\Playground\Models\Scopes\ScopeSort\ModelTest" classname="Tests.Unit.Playground.Models.Scopes.ScopeSort.ModelTest" assertions="3" time="0.022328"/>
        <testcase name="test_scopeSort_returns_query_with_array_boolean_sort_asc" file="/app/vendor/gammamatrix/playground/tests/Unit/Models/Scopes/ScopeSort/ModelTest.php" line="54" class="Tests\Unit\Playground\Models\Scopes\ScopeSort\ModelTest" classname="Tests.Unit.Playground.Models.Scopes.ScopeSort.ModelTest" assertions="2" time="0.022412"/>
        <testcase name="test_scopeSort_returns_query_with_array_boolean_sort_desc" file="/app/vendor/gammamatrix/playground/tests/Unit/Models/Scopes/ScopeSort/ModelTest.php" line="74" class="Tests\Unit\Playground\Models\Scopes\ScopeSort\ModelTest" classname="Tests.Unit.Playground.Models.Scopes.ScopeSort.ModelTest" assertions="2" time="0.022886"/>
        <testcase name="test_scopeSort_returns_query_with_array_boolean_sort_pair" file="/app/vendor/gammamatrix/playground/tests/Unit/Models/Scopes/ScopeSort/ModelTest.php" line="94" class="Tests\Unit\Playground\Models\Scopes\ScopeSort\ModelTest" classname="Tests.Unit.Playground.Models.Scopes.ScopeSort.ModelTest" assertions="2" time="0.022860"/>
        <testcase name="test_scopeSort_returns_query_with_array_boolean_sort_triplet" file="/app/vendor/gammamatrix/playground/tests/Unit/Models/Scopes/ScopeSort/ModelTest.php" line="115" class="Tests\Unit\Playground\Models\Scopes\ScopeSort\ModelTest" classname="Tests.Unit.Playground.Models.Scopes.ScopeSort.ModelTest" assertions="2" time="0.023052"/>
        <testcase name="test_scopeSort_returns_query_with_csv_sort_asc" file="/app/vendor/gammamatrix/playground/tests/Unit/Models/Scopes/ScopeSort/ModelTest.php" line="137" class="Tests\Unit\Playground\Models\Scopes\ScopeSort\ModelTest" classname="Tests.Unit.Playground.Models.Scopes.ScopeSort.ModelTest" assertions="2" time="0.023070"/>
        <testcase name="test_scopeSort_returns_query_with_csv_sort_desc" file="/app/vendor/gammamatrix/playground/tests/Unit/Models/Scopes/ScopeSort/ModelTest.php" line="153" class="Tests\Unit\Playground\Models\Scopes\ScopeSort\ModelTest" classname="Tests.Unit.Playground.Models.Scopes.ScopeSort.ModelTest" assertions="2" time="0.023347"/>
        <testcase name="test_scopeSort_returns_query_with_simple_array_asc" file="/app/vendor/gammamatrix/playground/tests/Unit/Models/Scopes/ScopeSort/ModelTest.php" line="178" class="Tests\Unit\Playground\Models\Scopes\ScopeSort\ModelTest" classname="Tests.Unit.Playground.Models.Scopes.ScopeSort.ModelTest" assertions="2" time="0.023430"/>
        <testcase name="test_scopeSort_returns_query_with_simple_array_desc" file="/app/vendor/gammamatrix/playground/tests/Unit/Models/Scopes/ScopeSort/ModelTest.php" line="196" class="Tests\Unit\Playground\Models\Scopes\ScopeSort\ModelTest" classname="Tests.Unit.Playground.Models.Scopes.ScopeSort.ModelTest" assertions="2" time="0.024479"/>
        <testcase name="test_scopeSort_returns_query_with_hash_array_asc" file="/app/vendor/gammamatrix/playground/tests/Unit/Models/Scopes/ScopeSort/ModelTest.php" line="214" class="Tests\Unit\Playground\Models\Scopes\ScopeSort\ModelTest" classname="Tests.Unit.Playground.Models.Scopes.ScopeSort.ModelTest" assertions="2" time="0.023839"/>
        <testcase name="test_scopeSort_returns_query_with_hash_array_desc" file="/app/vendor/gammamatrix/playground/tests/Unit/Models/Scopes/ScopeSort/ModelTest.php" line="234" class="Tests\Unit\Playground\Models\Scopes\ScopeSort\ModelTest" classname="Tests.Unit.Playground.Models.Scopes.ScopeSort.ModelTest" assertions="2" time="0.023866"/>
      </testsuite>
      <testsuite name="Tests\Unit\Playground\Models\User\ModelTest" file="/app/vendor/gammamatrix/playground/tests/Unit/Models/User/ModelTest.php" tests="4" assertions="39" errors="0" failures="0" skipped="0" time="0.156281">
        <testcase name="test_add_has_and_remove_Abilities" file="/app/vendor/gammamatrix/playground/tests/Unit/Models/User/ModelTest.php" line="17" class="Tests\Unit\Playground\Models\User\ModelTest" classname="Tests.Unit.Playground.Models.User.ModelTest" assertions="9" time="0.083992"/>
        <testcase name="test_add_has_and_remove_Privileges" file="/app/vendor/gammamatrix/playground/tests/Unit/Models/User/ModelTest.php" line="51" class="Tests\Unit\Playground\Models\User\ModelTest" classname="Tests.Unit.Playground.Models.User.ModelTest" assertions="9" time="0.022553"/>
        <testcase name="test_add_has_and_remove_Roles" file="/app/vendor/gammamatrix/playground/tests/Unit/Models/User/ModelTest.php" line="85" class="Tests\Unit\Playground\Models\User\ModelTest" classname="Tests.Unit.Playground.Models.User.ModelTest" assertions="15" time="0.026585"/>
        <testcase name="test_isAdmin_with_admins_and_users" file="/app/vendor/gammamatrix/playground/tests/Unit/Models/User/ModelTest.php" line="146" class="Tests\Unit\Playground\Models\User\ModelTest" classname="Tests.Unit.Playground.Models.User.ModelTest" assertions="6" time="0.023150"/>
      </testsuite>
      <testsuite name="Tests\Unit\Playground\ServiceProvider\InstanceTest" file="/app/vendor/gammamatrix/playground/tests/Unit/ServiceProvider/InstanceTest.php" tests="5" assertions="9" errors="0" failures="0" skipped="0" time="0.111156">
        <testcase name="test_version_matches" file="/app/vendor/gammamatrix/playground/tests/Unit/ServiceProvider/InstanceTest.php" line="19" class="Tests\Unit\Playground\ServiceProvider\InstanceTest" classname="Tests.Unit.Playground.ServiceProvider.InstanceTest" assertions="3" time="0.020804"/>
        <testcase name="test_userPrimaryKeyType_with_empty_model" file="/app/vendor/gammamatrix/playground/tests/Unit/ServiceProvider/InstanceTest.php" line="28" class="Tests\Unit\Playground\ServiceProvider\InstanceTest" classname="Tests.Unit.Playground.ServiceProvider.InstanceTest" assertions="1" time="0.023006"/>
        <testcase name="test_userPrimaryKeyType_with_incrementing_model" file="/app/vendor/gammamatrix/playground/tests/Unit/ServiceProvider/InstanceTest.php" line="42" class="Tests\Unit\Playground\ServiceProvider\InstanceTest" classname="Tests.Unit.Playground.ServiceProvider.InstanceTest" assertions="1" time="0.021974"/>
        <testcase name="test_userPrimaryKeyType_with_uuid_model" file="/app/vendor/gammamatrix/playground/tests/Unit/ServiceProvider/InstanceTest.php" line="56" class="Tests\Unit\Playground\ServiceProvider\InstanceTest" classname="Tests.Unit.Playground.ServiceProvider.InstanceTest" assertions="1" time="0.022525"/>
        <testcase name="test_userPrimaryKeyType_with_exception" file="/app/vendor/gammamatrix/playground/tests/Unit/ServiceProvider/InstanceTest.php" line="70" class="Tests\Unit\Playground\ServiceProvider\InstanceTest" classname="Tests.Unit.Playground.ServiceProvider.InstanceTest" assertions="3" time="0.022849"/>
      </testsuite>
      <testsuite name="Tests\Unit\Playground\Auth\Console\Commands\HashPassword\CommandTest" file="/app/vendor/gammamatrix/playground-auth/tests/Unit/Console/Commands/HashPassword/CommandTest.php" tests="3" assertions="5" errors="0" failures="0" skipped="0" time="0.166865">
        <testcase name="test_command_auth_hash_password_with_json" file="/app/vendor/gammamatrix/playground-auth/tests/Unit/Console/Commands/HashPassword/CommandTest.php" line="17" class="Tests\Unit\Playground\Auth\Console\Commands\HashPassword\CommandTest" classname="Tests.Unit.Playground.Auth.Console.Commands.HashPassword.CommandTest" assertions="2" time="0.116276"/>
        <testcase name="test_command_auth_hash_password" file="/app/vendor/gammamatrix/playground-auth/tests/Unit/Console/Commands/HashPassword/CommandTest.php" line="29" class="Tests\Unit\Playground\Auth\Console\Commands\HashPassword\CommandTest" classname="Tests.Unit.Playground.Auth.Console.Commands.HashPassword.CommandTest" assertions="1" time="0.026559"/>
        <testcase name="test_command_auth_hash_password_without_argument_and_fail" file="/app/vendor/gammamatrix/playground-auth/tests/Unit/Console/Commands/HashPassword/CommandTest.php" line="38" class="Tests\Unit\Playground\Auth\Console\Commands\HashPassword\CommandTest" classname="Tests.Unit.Playground.Auth.Console.Commands.HashPassword.CommandTest" assertions="2" time="0.024030"/>
      </testsuite>
      <testsuite name="Tests\Unit\Playground\Auth\Policies\ModelPolicy\AbstractRoleTest" file="/app/vendor/gammamatrix/playground-auth/tests/Unit/Policies/ModelPolicy/AbstractRoleTest.php" tests="24" assertions="30" errors="0" failures="0" skipped="0" time="0.750622">
        <testcase name="test_create_without_role" file="/app/vendor/gammamatrix/playground-auth/tests/Unit/Policies/ModelPolicy/AbstractRoleTest.php" line="32" class="Tests\Unit\Playground\Auth\Policies\ModelPolicy\AbstractRoleTest" classname="Tests.Unit.Playground.Auth.Policies.ModelPolicy.AbstractRoleTest" assertions="1" time="0.113112"/>
        <testcase name="test_create_with_admin" file="/app/vendor/gammamatrix/playground-auth/tests/Unit/Policies/ModelPolicy/AbstractRoleTest.php" line="44" class="Tests\Unit\Playground\Auth\Policies\ModelPolicy\AbstractRoleTest" classname="Tests.Unit.Playground.Auth.Policies.ModelPolicy.AbstractRoleTest" assertions="1" time="0.024372"/>
        <testcase name="test_delete_without_role" file="/app/vendor/gammamatrix/playground-auth/tests/Unit/Policies/ModelPolicy/AbstractRoleTest.php" line="63" class="Tests\Unit\Playground\Auth\Policies\ModelPolicy\AbstractRoleTest" classname="Tests.Unit.Playground.Auth.Policies.ModelPolicy.AbstractRoleTest" assertions="1" time="0.024616"/>
        <testcase name="test_delete_with_admin" file="/app/vendor/gammamatrix/playground-auth/tests/Unit/Policies/ModelPolicy/AbstractRoleTest.php" line="77" class="Tests\Unit\Playground\Auth\Policies\ModelPolicy\AbstractRoleTest" classname="Tests.Unit.Playground.Auth.Policies.ModelPolicy.AbstractRoleTest" assertions="1" time="0.024047"/>
        <testcase name="test_delete_locked_with_admin" file="/app/vendor/gammamatrix/playground-auth/tests/Unit/Policies/ModelPolicy/AbstractRoleTest.php" line="99" class="Tests\Unit\Playground\Auth\Policies\ModelPolicy\AbstractRoleTest" classname="Tests.Unit.Playground.Auth.Policies.ModelPolicy.AbstractRoleTest" assertions="4" time="0.027478"/>
        <testcase name="test_detail_without_role" file="/app/vendor/gammamatrix/playground-auth/tests/Unit/Policies/ModelPolicy/AbstractRoleTest.php" line="136" class="Tests\Unit\Playground\Auth\Policies\ModelPolicy\AbstractRoleTest" classname="Tests.Unit.Playground.Auth.Policies.ModelPolicy.AbstractRoleTest" assertions="1" time="0.025358"/>
        <testcase name="test_detail_with_admin" file="/app/vendor/gammamatrix/playground-auth/tests/Unit/Policies/ModelPolicy/AbstractRoleTest.php" line="150" class="Tests\Unit\Playground\Auth\Policies\ModelPolicy\AbstractRoleTest" classname="Tests.Unit.Playground.Auth.Policies.ModelPolicy.AbstractRoleTest" assertions="1" time="0.024976"/>
        <testcase name="test_edit_without_role" file="/app/vendor/gammamatrix/playground-auth/tests/Unit/Policies/ModelPolicy/AbstractRoleTest.php" line="172" class="Tests\Unit\Playground\Auth\Policies\ModelPolicy\AbstractRoleTest" classname="Tests.Unit.Playground.Auth.Policies.ModelPolicy.AbstractRoleTest" assertions="1" time="0.025770"/>
        <testcase name="test_edit_with_admin" file="/app/vendor/gammamatrix/playground-auth/tests/Unit/Policies/ModelPolicy/AbstractRoleTest.php" line="186" class="Tests\Unit\Playground\Auth\Policies\ModelPolicy\AbstractRoleTest" classname="Tests.Unit.Playground.Auth.Policies.ModelPolicy.AbstractRoleTest" assertions="1" time="0.025674"/>
        <testcase name="test_forceDelete_without_role" file="/app/vendor/gammamatrix/playground-auth/tests/Unit/Policies/ModelPolicy/AbstractRoleTest.php" line="208" class="Tests\Unit\Playground\Auth\Policies\ModelPolicy\AbstractRoleTest" classname="Tests.Unit.Playground.Auth.Policies.ModelPolicy.AbstractRoleTest" assertions="1" time="0.026344"/>
        <testcase name="test_forceDelete_with_admin" file="/app/vendor/gammamatrix/playground-auth/tests/Unit/Policies/ModelPolicy/AbstractRoleTest.php" line="222" class="Tests\Unit\Playground\Auth\Policies\ModelPolicy\AbstractRoleTest" classname="Tests.Unit.Playground.Auth.Policies.ModelPolicy.AbstractRoleTest" assertions="1" time="0.025739"/>
        <testcase name="test_lock_without_role" file="/app/vendor/gammamatrix/playground-auth/tests/Unit/Policies/ModelPolicy/AbstractRoleTest.php" line="244" class="Tests\Unit\Playground\Auth\Policies\ModelPolicy\AbstractRoleTest" classname="Tests.Unit.Playground.Auth.Policies.ModelPolicy.AbstractRoleTest" assertions="1" time="0.026321"/>
        <testcase name="test_lock_with_admin" file="/app/vendor/gammamatrix/playground-auth/tests/Unit/Policies/ModelPolicy/AbstractRoleTest.php" line="258" class="Tests\Unit\Playground\Auth\Policies\ModelPolicy\AbstractRoleTest" classname="Tests.Unit.Playground.Auth.Policies.ModelPolicy.AbstractRoleTest" assertions="1" time="0.025948"/>
        <testcase name="test_manage_without_role" file="/app/vendor/gammamatrix/playground-auth/tests/Unit/Policies/ModelPolicy/AbstractRoleTest.php" line="280" class="Tests\Unit\Playground\Auth\Policies\ModelPolicy\AbstractRoleTest" classname="Tests.Unit.Playground.Auth.Policies.ModelPolicy.AbstractRoleTest" assertions="1" time="0.038930"/>
        <testcase name="test_manage_with_admin" file="/app/vendor/gammamatrix/playground-auth/tests/Unit/Policies/ModelPolicy/AbstractRoleTest.php" line="294" class="Tests\Unit\Playground\Auth\Policies\ModelPolicy\AbstractRoleTest" classname="Tests.Unit.Playground.Auth.Policies.ModelPolicy.AbstractRoleTest" assertions="1" time="0.026486"/>
        <testcase name="test_restore_without_role" file="/app/vendor/gammamatrix/playground-auth/tests/Unit/Policies/ModelPolicy/AbstractRoleTest.php" line="316" class="Tests\Unit\Playground\Auth\Policies\ModelPolicy\AbstractRoleTest" classname="Tests.Unit.Playground.Auth.Policies.ModelPolicy.AbstractRoleTest" assertions="1" time="0.026945"/>
        <testcase name="test_restore_with_admin" file="/app/vendor/gammamatrix/playground-auth/tests/Unit/Policies/ModelPolicy/AbstractRoleTest.php" line="330" class="Tests\Unit\Playground\Auth\Policies\ModelPolicy\AbstractRoleTest" classname="Tests.Unit.Playground.Auth.Policies.ModelPolicy.AbstractRoleTest" assertions="1" time="0.038433"/>
        <testcase name="test_store_without_role" file="/app/vendor/gammamatrix/playground-auth/tests/Unit/Policies/ModelPolicy/AbstractRoleTest.php" line="352" class="Tests\Unit\Playground\Auth\Policies\ModelPolicy\AbstractRoleTest" classname="Tests.Unit.Playground.Auth.Policies.ModelPolicy.AbstractRoleTest" assertions="1" time="0.029012"/>
        <testcase name="test_store_with_admin" file="/app/vendor/gammamatrix/playground-auth/tests/Unit/Policies/ModelPolicy/AbstractRoleTest.php" line="364" class="Tests\Unit\Playground\Auth\Policies\ModelPolicy\AbstractRoleTest" classname="Tests.Unit.Playground.Auth.Policies.ModelPolicy.AbstractRoleTest" assertions="1" time="0.028747"/>
        <testcase name="test_update_without_role" file="/app/vendor/gammamatrix/playground-auth/tests/Unit/Policies/ModelPolicy/AbstractRoleTest.php" line="384" class="Tests\Unit\Playground\Auth\Policies\ModelPolicy\AbstractRoleTest" classname="Tests.Unit.Playground.Auth.Policies.ModelPolicy.AbstractRoleTest" assertions="1" time="0.028888"/>
        <testcase name="test_update_with_admin" file="/app/vendor/gammamatrix/playground-auth/tests/Unit/Policies/ModelPolicy/AbstractRoleTest.php" line="398" class="Tests\Unit\Playground\Auth\Policies\ModelPolicy\AbstractRoleTest" classname="Tests.Unit.Playground.Auth.Policies.ModelPolicy.AbstractRoleTest" assertions="1" time="0.029323"/>
        <testcase name="test_update_locked_with_admin" file="/app/vendor/gammamatrix/playground-auth/tests/Unit/Policies/ModelPolicy/AbstractRoleTest.php" line="420" class="Tests\Unit\Playground\Auth\Policies\ModelPolicy\AbstractRoleTest" classname="Tests.Unit.Playground.Auth.Policies.ModelPolicy.AbstractRoleTest" assertions="4" time="0.027773"/>
        <testcase name="test_unlock_without_role" file="/app/vendor/gammamatrix/playground-auth/tests/Unit/Policies/ModelPolicy/AbstractRoleTest.php" line="457" class="Tests\Unit\Playground\Auth\Policies\ModelPolicy\AbstractRoleTest" classname="Tests.Unit.Playground.Auth.Policies.ModelPolicy.AbstractRoleTest" assertions="1" time="0.028326"/>
        <testcase name="test_unlock_with_admin" file="/app/vendor/gammamatrix/playground-auth/tests/Unit/Policies/ModelPolicy/AbstractRoleTest.php" line="471" class="Tests\Unit\Playground\Auth\Policies\ModelPolicy\AbstractRoleTest" classname="Tests.Unit.Playground.Auth.Policies.ModelPolicy.AbstractRoleTest" assertions="1" time="0.028004"/>
      </testsuite>
      <testsuite name="Tests\Unit\Playground\Auth\Policies\Policy\AbstractTest" file="/app/vendor/gammamatrix/playground-auth/tests/Unit/Policies/Policy/AbstractTest.php" tests="7" assertions="7" errors="0" failures="0" skipped="0" time="0.171271">
        <testcase name="test_before_with_root" file="/app/vendor/gammamatrix/playground-auth/tests/Unit/Policies/Policy/AbstractTest.php" line="32" class="Tests\Unit\Playground\Auth\Policies\Policy\AbstractTest" classname="Tests.Unit.Playground.Auth.Policies.Policy.AbstractTest" assertions="1" time="0.023623"/>
        <testcase name="test_before_with_root_as_secondary_fails" file="/app/vendor/gammamatrix/playground-auth/tests/Unit/Policies/Policy/AbstractTest.php" line="53" class="Tests\Unit\Playground\Auth\Policies\Policy\AbstractTest" classname="Tests.Unit.Playground.Auth.Policies.Policy.AbstractTest" assertions="1" time="0.023534"/>
        <testcase name="test_index_without_role" file="/app/vendor/gammamatrix/playground-auth/tests/Unit/Policies/Policy/AbstractTest.php" line="77" class="Tests\Unit\Playground\Auth\Policies\Policy\AbstractTest" classname="Tests.Unit.Playground.Auth.Policies.Policy.AbstractTest" assertions="1" time="0.024516"/>
        <testcase name="test_index_with_admin" file="/app/vendor/gammamatrix/playground-auth/tests/Unit/Policies/Policy/AbstractTest.php" line="89" class="Tests\Unit\Playground\Auth\Policies\Policy\AbstractTest" classname="Tests.Unit.Playground.Auth.Policies.Policy.AbstractTest" assertions="1" time="0.024301"/>
        <testcase name="test_view_without_role" file="/app/vendor/gammamatrix/playground-auth/tests/Unit/Policies/Policy/AbstractTest.php" line="108" class="Tests\Unit\Playground\Auth\Policies\Policy\AbstractTest" classname="Tests.Unit.Playground.Auth.Policies.Policy.AbstractTest" assertions="1" time="0.024752"/>
        <testcase name="test_view_with_admin" file="/app/vendor/gammamatrix/playground-auth/tests/Unit/Policies/Policy/AbstractTest.php" line="120" class="Tests\Unit\Playground\Auth\Policies\Policy\AbstractTest" classname="Tests.Unit.Playground.Auth.Policies.Policy.AbstractTest" assertions="1" time="0.024619"/>
        <testcase name="test_view_with_admin_in_roles" file="/app/vendor/gammamatrix/playground-auth/tests/Unit/Policies/Policy/AbstractTest.php" line="141" class="Tests\Unit\Playground\Auth\Policies\Policy\AbstractTest" classname="Tests.Unit.Playground.Auth.Policies.Policy.AbstractTest" assertions="1" time="0.025926"/>
      </testsuite>
      <testsuite name="Tests\Unit\Playground\Auth\Policies\PolicyTrait\TraitTest" file="/app/vendor/gammamatrix/playground-auth/tests/Unit/Policies/PolicyTrait/TraitTest.php" tests="11" assertions="15" errors="0" failures="0" skipped="0" time="0.264424">
        <testcase name="test_getEntity" file="/app/vendor/gammamatrix/playground-auth/tests/Unit/Policies/PolicyTrait/TraitTest.php" line="20" class="Tests\Unit\Playground\Auth\Policies\PolicyTrait\TraitTest" classname="Tests.Unit.Playground.Auth.Policies.PolicyTrait.TraitTest" assertions="1" time="0.021102"/>
        <testcase name="test_getPackage" file="/app/vendor/gammamatrix/playground-auth/tests/Unit/Policies/PolicyTrait/TraitTest.php" line="26" class="Tests\Unit\Playground\Auth\Policies\PolicyTrait\TraitTest" classname="Tests.Unit.Playground.Auth.Policies.PolicyTrait.TraitTest" assertions="1" time="0.020939"/>
        <testcase name="test_hasToken" file="/app/vendor/gammamatrix/playground-auth/tests/Unit/Policies/PolicyTrait/TraitTest.php" line="32" class="Tests\Unit\Playground\Auth\Policies\PolicyTrait\TraitTest" classname="Tests.Unit.Playground.Auth.Policies.PolicyTrait.TraitTest" assertions="1" time="0.022660"/>
        <testcase name="test_getToken" file="/app/vendor/gammamatrix/playground-auth/tests/Unit/Policies/PolicyTrait/TraitTest.php" line="38" class="Tests\Unit\Playground\Auth\Policies\PolicyTrait\TraitTest" classname="Tests.Unit.Playground.Auth.Policies.PolicyTrait.TraitTest" assertions="1" time="0.021644"/>
        <testcase name="test_setToken" file="/app/vendor/gammamatrix/playground-auth/tests/Unit/Policies/PolicyTrait/TraitTest.php" line="44" class="Tests\Unit\Playground\Auth\Policies\PolicyTrait\TraitTest" classname="Tests.Unit.Playground.Auth.Policies.PolicyTrait.TraitTest" assertions="1" time="0.021686"/>
        <testcase name="test_verify_does_not_log_when_app_debugging_is_disabled" file="/app/vendor/gammamatrix/playground-auth/tests/Unit/Policies/PolicyTrait/TraitTest.php" line="50" class="Tests\Unit\Playground\Auth\Policies\PolicyTrait\TraitTest" classname="Tests.Unit.Playground.Auth.Policies.PolicyTrait.TraitTest" assertions="2" time="0.025869"/>
        <testcase name="test_verify_does_not_log_when_auth_debugging_is_disabled" file="/app/vendor/gammamatrix/playground-auth/tests/Unit/Policies/PolicyTrait/TraitTest.php" line="77" class="Tests\Unit\Playground\Auth\Policies\PolicyTrait\TraitTest" classname="Tests.Unit.Playground.Auth.Policies.PolicyTrait.TraitTest" assertions="2" time="0.026626"/>
        <testcase name="test_verify_logs_with_debugging_enabled" file="/app/vendor/gammamatrix/playground-auth/tests/Unit/Policies/PolicyTrait/TraitTest.php" line="104" class="Tests\Unit\Playground\Auth\Policies\PolicyTrait\TraitTest" classname="Tests.Unit.Playground.Auth.Policies.PolicyTrait.TraitTest" assertions="3" time="0.026473"/>
        <testcase name="test_verify_privileges" file="/app/vendor/gammamatrix/playground-auth/tests/Unit/Policies/PolicyTrait/TraitTest.php" line="140" class="Tests\Unit\Playground\Auth\Policies\PolicyTrait\TraitTest" classname="Tests.Unit.Playground.Auth.Policies.PolicyTrait.TraitTest" assertions="1" time="0.025464"/>
        <testcase name="test_verify_roles" file="/app/vendor/gammamatrix/playground-auth/tests/Unit/Policies/PolicyTrait/TraitTest.php" line="161" class="Tests\Unit\Playground\Auth\Policies\PolicyTrait\TraitTest" classname="Tests.Unit.Playground.Auth.Policies.PolicyTrait.TraitTest" assertions="1" time="0.026617"/>
        <testcase name="test_verify_user" file="/app/vendor/gammamatrix/playground-auth/tests/Unit/Policies/PolicyTrait/TraitTest.php" line="182" class="Tests\Unit\Playground\Auth\Policies\PolicyTrait\TraitTest" classname="Tests.Unit.Playground.Auth.Policies.PolicyTrait.TraitTest" assertions="1" time="0.025343"/>
      </testsuite>
      <testsuite name="Tests\Unit\Playground\Auth\Policies\PrivilegeTrait\TraitTest" file="/app/vendor/gammamatrix/playground-auth/tests/Unit/Policies/PrivilegeTrait/TraitTest.php" tests="9" assertions="9" errors="0" failures="0" skipped="0" time="0.216977">
        <testcase name="test_privilege_PrivilegePolicy_without_parameter" file="/app/vendor/gammamatrix/playground-auth/tests/Unit/Policies/PrivilegeTrait/TraitTest.php" line="23" class="Tests\Unit\Playground\Auth\Policies\PrivilegeTrait\TraitTest" classname="Tests.Unit.Playground.Auth.Policies.PrivilegeTrait.TraitTest" assertions="1" time="0.021246"/>
        <testcase name="test_privilege_PrivilegeModelPolicy_without_parameter" file="/app/vendor/gammamatrix/playground-auth/tests/Unit/Policies/PrivilegeTrait/TraitTest.php" line="32" class="Tests\Unit\Playground\Auth\Policies\PrivilegeTrait\TraitTest" classname="Tests.Unit.Playground.Auth.Policies.PrivilegeTrait.TraitTest" assertions="1" time="0.022845"/>
        <testcase name="test_privilege_UserPolicy_without_parameter" file="/app/vendor/gammamatrix/playground-auth/tests/Unit/Policies/PrivilegeTrait/TraitTest.php" line="41" class="Tests\Unit\Playground\Auth\Policies\PrivilegeTrait\TraitTest" classname="Tests.Unit.Playground.Auth.Policies.PrivilegeTrait.TraitTest" assertions="1" time="0.021902"/>
        <testcase name="test_privilege_with_package_and_without_parameter" file="/app/vendor/gammamatrix/playground-auth/tests/Unit/Policies/PrivilegeTrait/TraitTest.php" line="50" class="Tests\Unit\Playground\Auth\Policies\PrivilegeTrait\TraitTest" classname="Tests.Unit.Playground.Auth.Policies.PrivilegeTrait.TraitTest" assertions="1" time="0.021488"/>
        <testcase name="test_privilege_with_package_and_entity_and_without_parameter" file="/app/vendor/gammamatrix/playground-auth/tests/Unit/Policies/PrivilegeTrait/TraitTest.php" line="59" class="Tests\Unit\Playground\Auth\Policies\PrivilegeTrait\TraitTest" classname="Tests.Unit.Playground.Auth.Policies.PrivilegeTrait.TraitTest" assertions="1" time="0.021879"/>
        <testcase name="test_hasPrivilege" file="/app/vendor/gammamatrix/playground-auth/tests/Unit/Policies/PrivilegeTrait/TraitTest.php" line="68" class="Tests\Unit\Playground\Auth\Policies\PrivilegeTrait\TraitTest" classname="Tests.Unit.Playground.Auth.Policies.PrivilegeTrait.TraitTest" assertions="1" time="0.029429"/>
        <testcase name="test_hasPrivilege_with_user_hasPrivilege" file="/app/vendor/gammamatrix/playground-auth/tests/Unit/Policies/PrivilegeTrait/TraitTest.php" line="87" class="Tests\Unit\Playground\Auth\Policies\PrivilegeTrait\TraitTest" classname="Tests.Unit.Playground.Auth.Policies.PrivilegeTrait.TraitTest" assertions="1" time="0.028215"/>
        <testcase name="test_hasPrivilege_with_user_privileges" file="/app/vendor/gammamatrix/playground-auth/tests/Unit/Policies/PrivilegeTrait/TraitTest.php" line="110" class="Tests\Unit\Playground\Auth\Policies\PrivilegeTrait\TraitTest" classname="Tests.Unit.Playground.Auth.Policies.PrivilegeTrait.TraitTest" assertions="1" time="0.024834"/>
        <testcase name="test_hasPrivilege_without_privileges_enabled" file="/app/vendor/gammamatrix/playground-auth/tests/Unit/Policies/PrivilegeTrait/TraitTest.php" line="133" class="Tests\Unit\Playground\Auth\Policies\PrivilegeTrait\TraitTest" classname="Tests.Unit.Playground.Auth.Policies.PrivilegeTrait.TraitTest" assertions="1" time="0.025139"/>
      </testsuite>
      <testsuite name="Tests\Unit\Playground\Auth\Policies\RoleTrait\TraitTest" file="/app/vendor/gammamatrix/playground-auth/tests/Unit/Policies/RoleTrait/TraitTest.php" tests="5" assertions="5" errors="0" failures="0" skipped="0" time="0.116432">
        <testcase name="test_getRolesForAdmin" file="/app/vendor/gammamatrix/playground-auth/tests/Unit/Policies/RoleTrait/TraitTest.php" line="20" class="Tests\Unit\Playground\Auth\Policies\RoleTrait\TraitTest" classname="Tests.Unit.Playground.Auth.Policies.RoleTrait.TraitTest" assertions="1" time="0.025040"/>
        <testcase name="test_getRolesForAction" file="/app/vendor/gammamatrix/playground-auth/tests/Unit/Policies/RoleTrait/TraitTest.php" line="33" class="Tests\Unit\Playground\Auth\Policies\RoleTrait\TraitTest" classname="Tests.Unit.Playground.Auth.Policies.RoleTrait.TraitTest" assertions="1" time="0.021005"/>
        <testcase name="test_getRolesToView" file="/app/vendor/gammamatrix/playground-auth/tests/Unit/Policies/RoleTrait/TraitTest.php" line="46" class="Tests\Unit\Playground\Auth\Policies\RoleTrait\TraitTest" classname="Tests.Unit.Playground.Auth.Policies.RoleTrait.TraitTest" assertions="1" time="0.021667"/>
        <testcase name="test_hasRole" file="/app/vendor/gammamatrix/playground-auth/tests/Unit/Policies/RoleTrait/TraitTest.php" line="59" class="Tests\Unit\Playground\Auth\Policies\RoleTrait\TraitTest" classname="Tests.Unit.Playground.Auth.Policies.RoleTrait.TraitTest" assertions="1" time="0.024353"/>
        <testcase name="test_hasRole_advanced_role" file="/app/vendor/gammamatrix/playground-auth/tests/Unit/Policies/RoleTrait/TraitTest.php" line="75" class="Tests\Unit\Playground\Auth\Policies\RoleTrait\TraitTest" classname="Tests.Unit.Playground.Auth.Policies.RoleTrait.TraitTest" assertions="1" time="0.024366"/>
      </testsuite>
      <testsuite name="Tests\Unit\Playground\Blade\Assets\Comment\InstanceTest" file="/app/vendor/gammamatrix/playground-blade/tests/Unit/Assets/Comment/InstanceTest.php" tests="1" assertions="2" errors="0" failures="0" skipped="0" time="0.058271">
        <testcase name="test_instance_with_docs" file="/app/vendor/gammamatrix/playground-blade/tests/Unit/Assets/Comment/InstanceTest.php" line="17" class="Tests\Unit\Playground\Blade\Assets\Comment\InstanceTest" classname="Tests.Unit.Playground.Blade.Assets.Comment.InstanceTest" assertions="2" time="0.058271"/>
      </testsuite>
      <testsuite name="Tests\Unit\Playground\Blade\Assets\Font\InstanceTest" file="/app/vendor/gammamatrix/playground-blade/tests/Unit/Assets/Font/InstanceTest.php" tests="1" assertions="3" errors="0" failures="0" skipped="0" time="0.054017">
        <testcase name="test_instance_with_docs" file="/app/vendor/gammamatrix/playground-blade/tests/Unit/Assets/Font/InstanceTest.php" line="17" class="Tests\Unit\Playground\Blade\Assets\Font\InstanceTest" classname="Tests.Unit.Playground.Blade.Assets.Font.InstanceTest" assertions="3" time="0.054017"/>
      </testsuite>
      <testsuite name="Tests\Unit\Playground\Blade\Assets\Icon\InstanceTest" file="/app/vendor/gammamatrix/playground-blade/tests/Unit/Assets/Icon/InstanceTest.php" tests="1" assertions="3" errors="0" failures="0" skipped="0" time="0.030741">
        <testcase name="test_instance_with_docs" file="/app/vendor/gammamatrix/playground-blade/tests/Unit/Assets/Icon/InstanceTest.php" line="17" class="Tests\Unit\Playground\Blade\Assets\Icon\InstanceTest" classname="Tests.Unit.Playground.Blade.Assets.Icon.InstanceTest" assertions="3" time="0.030741"/>
      </testsuite>
      <testsuite name="Tests\Unit\Playground\Blade\Assets\Link\InstanceTest" file="/app/vendor/gammamatrix/playground-blade/tests/Unit/Assets/Link/InstanceTest.php" tests="1" assertions="3" errors="0" failures="0" skipped="0" time="0.022497">
        <testcase name="test_instance_with_docs" file="/app/vendor/gammamatrix/playground-blade/tests/Unit/Assets/Link/InstanceTest.php" line="17" class="Tests\Unit\Playground\Blade\Assets\Link\InstanceTest" classname="Tests.Unit.Playground.Blade.Assets.Link.InstanceTest" assertions="3" time="0.022497"/>
      </testsuite>
      <testsuite name="Tests\Unit\Playground\Blade\Assets\Script\InstanceTest" file="/app/vendor/gammamatrix/playground-blade/tests/Unit/Assets/Script/InstanceTest.php" tests="1" assertions="3" errors="0" failures="0" skipped="0" time="0.049407">
        <testcase name="test_instance_with_docs" file="/app/vendor/gammamatrix/playground-blade/tests/Unit/Assets/Script/InstanceTest.php" line="17" class="Tests\Unit\Playground\Blade\Assets\Script\InstanceTest" classname="Tests.Unit.Playground.Blade.Assets.Script.InstanceTest" assertions="3" time="0.049407"/>
      </testsuite>
      <testsuite name="Tests\Unit\Playground\Blade\Assets\Style\InstanceTest" file="/app/vendor/gammamatrix/playground-blade/tests/Unit/Assets/Style/InstanceTest.php" tests="1" assertions="3" errors="0" failures="0" skipped="0" time="0.030121">
        <testcase name="test_instance_with_docs" file="/app/vendor/gammamatrix/playground-blade/tests/Unit/Assets/Style/InstanceTest.php" line="17" class="Tests\Unit\Playground\Blade\Assets\Style\InstanceTest" classname="Tests.Unit.Playground.Blade.Assets.Style.InstanceTest" assertions="3" time="0.030121"/>
      </testsuite>
      <testsuite name="Tests\Unit\Playground\Blade\Assets\Stylesheet\InstanceTest" file="/app/vendor/gammamatrix/playground-blade/tests/Unit/Assets/Stylesheet/InstanceTest.php" tests="1" assertions="3" errors="0" failures="0" skipped="0" time="0.022873">
        <testcase name="test_instance_with_docs" file="/app/vendor/gammamatrix/playground-blade/tests/Unit/Assets/Stylesheet/InstanceTest.php" line="17" class="Tests\Unit\Playground\Blade\Assets\Stylesheet\InstanceTest" classname="Tests.Unit.Playground.Blade.Assets.Stylesheet.InstanceTest" assertions="3" time="0.022873"/>
      </testsuite>
      <testsuite name="Tests\Unit\Playground\Blade\View\Components\Forms\Column\ComponentTest" file="/app/vendor/gammamatrix/playground-blade/tests/Unit/View/Components/Forms/Column/ComponentTest.php" tests="5" assertions="23" errors="0" failures="0" skipped="0" time="0.159239">
        <testcase name="test_component_instance" file="/app/vendor/gammamatrix/playground-blade/tests/Unit/View/Components/Forms/Column/ComponentTest.php" line="30" class="Tests\Unit\Playground\Blade\View\Components\Forms\Column\ComponentTest" classname="Tests.Unit.Playground.Blade.View.Components.Forms.Column.ComponentTest" assertions="2" time="0.032130"/>
        <testcase name="test_component_can_render_view_without_parameters" file="/app/vendor/gammamatrix/playground-blade/tests/Unit/View/Components/Forms/Column/ComponentTest.php" line="38" class="Tests\Unit\Playground\Blade\View\Components\Forms\Column\ComponentTest" classname="Tests.Unit.Playground.Blade.View.Components.Forms.Column.ComponentTest" assertions="2" time="0.041996"/>
        <testcase name="test_component_can_render_view_without_label_on_title_column" file="/app/vendor/gammamatrix/playground-blade/tests/Unit/View/Components/Forms/Column/ComponentTest.php" line="49" class="Tests\Unit\Playground\Blade\View\Components\Forms\Column\ComponentTest" classname="Tests.Unit.Playground.Blade.View.Components.Forms.Column.ComponentTest" assertions="5" time="0.028842"/>
        <testcase name="test_component_can_render_view_with_label_on_title_column" file="/app/vendor/gammamatrix/playground-blade/tests/Unit/View/Components/Forms/Column/ComponentTest.php" line="66" class="Tests\Unit\Playground\Blade\View\Components\Forms\Column\ComponentTest" classname="Tests.Unit.Playground.Blade.View.Components.Forms.Column.ComponentTest" assertions="6" time="0.028067"/>
        <testcase name="test_component_can_render_view_with_label_on_title_column_with_error" file="/app/vendor/gammamatrix/playground-blade/tests/Unit/View/Components/Forms/Column/ComponentTest.php" line="86" class="Tests\Unit\Playground\Blade\View\Components\Forms\Column\ComponentTest" classname="Tests.Unit.Playground.Blade.View.Components.Forms.Column.ComponentTest" assertions="8" time="0.028204"/>
      </testsuite>
      <testsuite name="Tests\Unit\Playground\Blade\View\Components\Forms\ColumnEditor\ComponentTest" file="/app/vendor/gammamatrix/playground-blade/tests/Unit/View/Components/Forms/ColumnEditor/ComponentTest.php" tests="4" assertions="19" errors="0" failures="0" skipped="0" time="0.113750">
        <testcase name="test_component_instance" file="/app/vendor/gammamatrix/playground-blade/tests/Unit/View/Components/Forms/ColumnEditor/ComponentTest.php" line="30" class="Tests\Unit\Playground\Blade\View\Components\Forms\ColumnEditor\ComponentTest" classname="Tests.Unit.Playground.Blade.View.Components.Forms.ColumnEditor.ComponentTest" assertions="2" time="0.027950"/>
        <testcase name="test_component_can_render_view_without_parameters" file="/app/vendor/gammamatrix/playground-blade/tests/Unit/View/Components/Forms/ColumnEditor/ComponentTest.php" line="38" class="Tests\Unit\Playground\Blade\View\Components\Forms\ColumnEditor\ComponentTest" classname="Tests.Unit.Playground.Blade.View.Components.Forms.ColumnEditor.ComponentTest" assertions="3" time="0.030765"/>
        <testcase name="test_component_can_render_view_with_content_textarea" file="/app/vendor/gammamatrix/playground-blade/tests/Unit/View/Components/Forms/ColumnEditor/ComponentTest.php" line="46" class="Tests\Unit\Playground\Blade\View\Components\Forms\ColumnEditor\ComponentTest" classname="Tests.Unit.Playground.Blade.View.Components.Forms.ColumnEditor.ComponentTest" assertions="7" time="0.027194"/>
        <testcase name="test_component_can_render_view_with_content_textarea_and_described" file="/app/vendor/gammamatrix/playground-blade/tests/Unit/View/Components/Forms/ColumnEditor/ComponentTest.php" line="65" class="Tests\Unit\Playground\Blade\View\Components\Forms\ColumnEditor\ComponentTest" classname="Tests.Unit.Playground.Blade.View.Components.Forms.ColumnEditor.ComponentTest" assertions="7" time="0.027840"/>
      </testsuite>
      <testsuite name="Tests\Unit\Playground\Blade\View\Components\Forms\ColumnSelect\ComponentTest" file="/app/vendor/gammamatrix/playground-blade/tests/Unit/View/Components/Forms/ColumnSelect/ComponentTest.php" tests="3" assertions="9" errors="0" failures="0" skipped="0" time="0.094082">
        <testcase name="test_component_instance" file="/app/vendor/gammamatrix/playground-blade/tests/Unit/View/Components/Forms/ColumnSelect/ComponentTest.php" line="30" class="Tests\Unit\Playground\Blade\View\Components\Forms\ColumnSelect\ComponentTest" classname="Tests.Unit.Playground.Blade.View.Components.Forms.ColumnSelect.ComponentTest" assertions="2" time="0.029725"/>
        <testcase name="test_component_can_render_view_without_parameters" file="/app/vendor/gammamatrix/playground-blade/tests/Unit/View/Components/Forms/ColumnSelect/ComponentTest.php" line="38" class="Tests\Unit\Playground\Blade\View\Components\Forms\ColumnSelect\ComponentTest" classname="Tests.Unit.Playground.Blade.View.Components.Forms.ColumnSelect.ComponentTest" assertions="3" time="0.033948"/>
        <testcase name="test_component_can_render_view_with_select" file="/app/vendor/gammamatrix/playground-blade/tests/Unit/View/Components/Forms/ColumnSelect/ComponentTest.php" line="46" class="Tests\Unit\Playground\Blade\View\Components\Forms\ColumnSelect\ComponentTest" classname="Tests.Unit.Playground.Blade.View.Components.Forms.ColumnSelect.ComponentTest" assertions="4" time="0.030408"/>
      </testsuite>
      <testsuite name="Tests\Unit\Playground\Blade\View\Components\ModelFlag\ComponentTest" file="/app/vendor/gammamatrix/playground-blade/tests/Unit/View/Components/ModelFlag/ComponentTest.php" tests="5" assertions="15" errors="0" failures="0" skipped="0" time="0.136190">
        <testcase name="test_component_instance" file="/app/vendor/gammamatrix/playground-blade/tests/Unit/View/Components/ModelFlag/ComponentTest.php" line="30" class="Tests\Unit\Playground\Blade\View\Components\ModelFlag\ComponentTest" classname="Tests.Unit.Playground.Blade.View.Components.ModelFlag.ComponentTest" assertions="2" time="0.026790"/>
        <testcase name="test_component_renders_empty_view_without_labels_or_classes" file="/app/vendor/gammamatrix/playground-blade/tests/Unit/View/Components/ModelFlag/ComponentTest.php" line="40" class="Tests\Unit\Playground\Blade\View\Components\ModelFlag\ComponentTest" classname="Tests.Unit.Playground.Blade.View.Components.ModelFlag.ComponentTest" assertions="1" time="0.028876"/>
        <testcase name="test_component_can_render_view_with_true_value" file="/app/vendor/gammamatrix/playground-blade/tests/Unit/View/Components/ModelFlag/ComponentTest.php" line="56" class="Tests\Unit\Playground\Blade\View\Components\ModelFlag\ComponentTest" classname="Tests.Unit.Playground.Blade.View.Components.ModelFlag.ComponentTest" assertions="4" time="0.026794"/>
        <testcase name="test_component_can_render_view_with_false_value" file="/app/vendor/gammamatrix/playground-blade/tests/Unit/View/Components/ModelFlag/ComponentTest.php" line="75" class="Tests\Unit\Playground\Blade\View\Components\ModelFlag\ComponentTest" classname="Tests.Unit.Playground.Blade.View.Components.ModelFlag.ComponentTest" assertions="4" time="0.026751"/>
        <testcase name="test_component_can_render_view_with_null_value" file="/app/vendor/gammamatrix/playground-blade/tests/Unit/View/Components/ModelFlag/ComponentTest.php" line="94" class="Tests\Unit\Playground\Blade\View\Components\ModelFlag\ComponentTest" classname="Tests.Unit.Playground.Blade.View.Components.ModelFlag.ComponentTest" assertions="4" time="0.026980"/>
      </testsuite>
      <testsuite name="Tests\Unit\Playground\Blade\View\Components\Table\Data\ComponentTest" file="/app/vendor/gammamatrix/playground-blade/tests/Unit/View/Components/Table/Data/ComponentTest.php" tests="2" assertions="3" errors="0" failures="0" skipped="0" time="0.127965">
        <testcase name="test_component_instance" file="/app/vendor/gammamatrix/playground-blade/tests/Unit/View/Components/Table/Data/ComponentTest.php" line="30" class="Tests\Unit\Playground\Blade\View\Components\Table\Data\ComponentTest" classname="Tests.Unit.Playground.Blade.View.Components.Table.Data.ComponentTest" assertions="2" time="0.032140"/>
        <testcase name="test_component_can_render_view" file="/app/vendor/gammamatrix/playground-blade/tests/Unit/View/Components/Table/Data/ComponentTest.php" line="38" class="Tests\Unit\Playground\Blade\View\Components\Table\Data\ComponentTest" classname="Tests.Unit.Playground.Blade.View.Components.Table.Data.ComponentTest" assertions="1" time="0.095826"/>
      </testsuite>
      <testsuite name="Tests\Unit\Playground\Test\Models\AppPlaygroundUser\InstanceTest" file="/app/vendor/gammamatrix/playground-test/tests/Unit/Models/AppPlaygroundUser/InstanceTest.php" tests="11" assertions="15" errors="0" failures="0" skipped="0" time="0.268744">
        <testcase name="test_getAttributes" file="/app/vendor/gammamatrix/playground-test/tests/Unit/Models/AppPlaygroundUser/InstanceTest.php" line="24" class="Tests\Unit\Playground\Test\Models\AppPlaygroundUser\InstanceTest" classname="Tests.Unit.Playground.Test.Models.AppPlaygroundUser.InstanceTest" assertions="2" time="0.034827"/>
        <testcase name="test_hasRole_is_false_without_role" file="/app/vendor/gammamatrix/playground-test/tests/Unit/Models/AppPlaygroundUser/InstanceTest.php" line="110" class="Tests\Unit\Playground\Test\Models\AppPlaygroundUser\InstanceTest" classname="Tests.Unit.Playground.Test.Models.AppPlaygroundUser.InstanceTest" assertions="1" time="0.021905"/>
        <testcase name="test_hasRole_is_true_with_matching_role" file="/app/vendor/gammamatrix/playground-test/tests/Unit/Models/AppPlaygroundUser/InstanceTest.php" line="124" class="Tests\Unit\Playground\Test\Models\AppPlaygroundUser\InstanceTest" classname="Tests.Unit.Playground.Test.Models.AppPlaygroundUser.InstanceTest" assertions="1" time="0.021948"/>
        <testcase name="test_hasRole_is_true_with_matching_secondary_role" file="/app/vendor/gammamatrix/playground-test/tests/Unit/Models/AppPlaygroundUser/InstanceTest.php" line="140" class="Tests\Unit\Playground\Test\Models\AppPlaygroundUser\InstanceTest" classname="Tests.Unit.Playground.Test.Models.AppPlaygroundUser.InstanceTest" assertions="4" time="0.022719"/>
        <testcase name="test_isAdmin_is_true_with_admin_role" file="/app/vendor/gammamatrix/playground-test/tests/Unit/Models/AppPlaygroundUser/InstanceTest.php" line="163" class="Tests\Unit\Playground\Test\Models\AppPlaygroundUser\InstanceTest" classname="Tests.Unit.Playground.Test.Models.AppPlaygroundUser.InstanceTest" assertions="1" time="0.022567"/>
        <testcase name="test_isAdmin_is_true_with_admin_secondary_role" file="/app/vendor/gammamatrix/playground-test/tests/Unit/Models/AppPlaygroundUser/InstanceTest.php" line="183" class="Tests\Unit\Playground\Test\Models\AppPlaygroundUser\InstanceTest" classname="Tests.Unit.Playground.Test.Models.AppPlaygroundUser.InstanceTest" assertions="1" time="0.022754"/>
        <testcase name="test_isAdmin_is_true_with_wheel_role" file="/app/vendor/gammamatrix/playground-test/tests/Unit/Models/AppPlaygroundUser/InstanceTest.php" line="203" class="Tests\Unit\Playground\Test\Models\AppPlaygroundUser\InstanceTest" classname="Tests.Unit.Playground.Test.Models.AppPlaygroundUser.InstanceTest" assertions="1" time="0.022992"/>
        <testcase name="test_isAdmin_is_true_with_wheel_secondary_role" file="/app/vendor/gammamatrix/playground-test/tests/Unit/Models/AppPlaygroundUser/InstanceTest.php" line="223" class="Tests\Unit\Playground\Test\Models\AppPlaygroundUser\InstanceTest" classname="Tests.Unit.Playground.Test.Models.AppPlaygroundUser.InstanceTest" assertions="1" time="0.023106"/>
        <testcase name="test_isAdmin_is_true_with_root_role" file="/app/vendor/gammamatrix/playground-test/tests/Unit/Models/AppPlaygroundUser/InstanceTest.php" line="243" class="Tests\Unit\Playground\Test\Models\AppPlaygroundUser\InstanceTest" classname="Tests.Unit.Playground.Test.Models.AppPlaygroundUser.InstanceTest" assertions="1" time="0.025205"/>
        <testcase name="test_isAdmin_is_false_with_root_secondary_role" file="/app/vendor/gammamatrix/playground-test/tests/Unit/Models/AppPlaygroundUser/InstanceTest.php" line="263" class="Tests\Unit\Playground\Test\Models\AppPlaygroundUser\InstanceTest" classname="Tests.Unit.Playground.Test.Models.AppPlaygroundUser.InstanceTest" assertions="1" time="0.023672"/>
        <testcase name="test_factory_with_make" file="/app/vendor/gammamatrix/playground-test/tests/Unit/Models/AppPlaygroundUser/InstanceTest.php" line="283" class="Tests\Unit\Playground\Test\Models\AppPlaygroundUser\InstanceTest" classname="Tests.Unit.Playground.Test.Models.AppPlaygroundUser.InstanceTest" assertions="1" time="0.027050"/>
      </testsuite>
      <testsuite name="Tests\Unit\Playground\Test\Models\AppPlaygroundUser\ModelTest" file="/app/vendor/gammamatrix/playground-test/tests/Unit/Models/AppPlaygroundUser/ModelTest.php" tests="3" assertions="6" errors="0" failures="0" skipped="0" time="0.065941">
        <testcase name="test_model_instance" file="/app/vendor/gammamatrix/playground-test/src/Unit/Models/ModelCase.php" line="114" class="Tests\Unit\Playground\Test\Models\AppPlaygroundUser\ModelTest" classname="Tests.Unit.Playground.Test.Models.AppPlaygroundUser.ModelTest" assertions="1" time="0.020844"/>
        <testcase name="test_verify_model_relationships" file="/app/vendor/gammamatrix/playground-test/src/Unit/Models/ModelCase.php" line="275" class="Tests\Unit\Playground\Test\Models\AppPlaygroundUser\ModelTest" classname="Tests.Unit.Playground.Test.Models.AppPlaygroundUser.ModelTest" assertions="2" time="0.021869"/>
        <testcase name="test_model_factory_make" file="/app/vendor/gammamatrix/playground-test/src/Unit/Models/ModelCase.php" line="291" class="Tests\Unit\Playground\Test\Models\AppPlaygroundUser\ModelTest" classname="Tests.Unit.Playground.Test.Models.AppPlaygroundUser.ModelTest" assertions="3" time="0.023228"/>
      </testsuite>
      <testsuite name="Tests\Unit\Playground\Test\Models\ModelCase\ModelTest" file="/app/vendor/gammamatrix/playground-test/tests/Unit/Models/ModelCase/ModelTest.php" tests="3" assertions="9" errors="0" failures="0" skipped="0" time="0.065864">
        <testcase name="test_model_instance" file="/app/vendor/gammamatrix/playground-test/src/Unit/Models/ModelCase.php" line="114" class="Tests\Unit\Playground\Test\Models\ModelCase\ModelTest" classname="Tests.Unit.Playground.Test.Models.ModelCase.ModelTest" assertions="1" time="0.020414"/>
        <testcase name="test_verify_model_relationships" file="/app/vendor/gammamatrix/playground-test/src/Unit/Models/ModelCase.php" line="275" class="Tests\Unit\Playground\Test\Models\ModelCase\ModelTest" classname="Tests.Unit.Playground.Test.Models.ModelCase.ModelTest" assertions="5" time="0.020233"/>
        <testcase name="test_model_factory_make" file="/app/vendor/gammamatrix/playground-test/src/Unit/Models/ModelCase.php" line="291" class="Tests\Unit\Playground\Test\Models\ModelCase\ModelTest" classname="Tests.Unit.Playground.Test.Models.ModelCase.ModelTest" assertions="3" time="0.025217"/>
      </testsuite>
      <testsuite name="Tests\Unit\Playground\Test\Models\PlaygroundUser\InstanceTest" file="/app/vendor/gammamatrix/playground-test/tests/Unit/Models/PlaygroundUser/InstanceTest.php" tests="11" assertions="15" errors="0" failures="0" skipped="0" time="0.256054">
        <testcase name="test_getAttributes" file="/app/vendor/gammamatrix/playground-test/tests/Unit/Models/PlaygroundUser/InstanceTest.php" line="24" class="Tests\Unit\Playground\Test\Models\PlaygroundUser\InstanceTest" classname="Tests.Unit.Playground.Test.Models.PlaygroundUser.InstanceTest" assertions="2" time="0.024682"/>
        <testcase name="test_hasRole_is_false_without_role" file="/app/vendor/gammamatrix/playground-test/tests/Unit/Models/PlaygroundUser/InstanceTest.php" line="110" class="Tests\Unit\Playground\Test\Models\PlaygroundUser\InstanceTest" classname="Tests.Unit.Playground.Test.Models.PlaygroundUser.InstanceTest" assertions="1" time="0.021496"/>
        <testcase name="test_hasRole_is_true_with_matching_role" file="/app/vendor/gammamatrix/playground-test/tests/Unit/Models/PlaygroundUser/InstanceTest.php" line="124" class="Tests\Unit\Playground\Test\Models\PlaygroundUser\InstanceTest" classname="Tests.Unit.Playground.Test.Models.PlaygroundUser.InstanceTest" assertions="1" time="0.021840"/>
        <testcase name="test_hasRole_is_true_with_matching_secondary_role" file="/app/vendor/gammamatrix/playground-test/tests/Unit/Models/PlaygroundUser/InstanceTest.php" line="140" class="Tests\Unit\Playground\Test\Models\PlaygroundUser\InstanceTest" classname="Tests.Unit.Playground.Test.Models.PlaygroundUser.InstanceTest" assertions="4" time="0.023304"/>
        <testcase name="test_isAdmin_is_true_with_admin_role" file="/app/vendor/gammamatrix/playground-test/tests/Unit/Models/PlaygroundUser/InstanceTest.php" line="163" class="Tests\Unit\Playground\Test\Models\PlaygroundUser\InstanceTest" classname="Tests.Unit.Playground.Test.Models.PlaygroundUser.InstanceTest" assertions="1" time="0.022308"/>
        <testcase name="test_isAdmin_is_true_with_admin_secondary_role" file="/app/vendor/gammamatrix/playground-test/tests/Unit/Models/PlaygroundUser/InstanceTest.php" line="183" class="Tests\Unit\Playground\Test\Models\PlaygroundUser\InstanceTest" classname="Tests.Unit.Playground.Test.Models.PlaygroundUser.InstanceTest" assertions="1" time="0.022457"/>
        <testcase name="test_isAdmin_is_true_with_wheel_role" file="/app/vendor/gammamatrix/playground-test/tests/Unit/Models/PlaygroundUser/InstanceTest.php" line="203" class="Tests\Unit\Playground\Test\Models\PlaygroundUser\InstanceTest" classname="Tests.Unit.Playground.Test.Models.PlaygroundUser.InstanceTest" assertions="1" time="0.022817"/>
        <testcase name="test_isAdmin_is_true_with_wheel_secondary_role" file="/app/vendor/gammamatrix/playground-test/tests/Unit/Models/PlaygroundUser/InstanceTest.php" line="223" class="Tests\Unit\Playground\Test\Models\PlaygroundUser\InstanceTest" classname="Tests.Unit.Playground.Test.Models.PlaygroundUser.InstanceTest" assertions="1" time="0.024739"/>
        <testcase name="test_isAdmin_is_true_with_root_role" file="/app/vendor/gammamatrix/playground-test/tests/Unit/Models/PlaygroundUser/InstanceTest.php" line="243" class="Tests\Unit\Playground\Test\Models\PlaygroundUser\InstanceTest" classname="Tests.Unit.Playground.Test.Models.PlaygroundUser.InstanceTest" assertions="1" time="0.023381"/>
        <testcase name="test_isAdmin_is_false_with_root_secondary_role" file="/app/vendor/gammamatrix/playground-test/tests/Unit/Models/PlaygroundUser/InstanceTest.php" line="263" class="Tests\Unit\Playground\Test\Models\PlaygroundUser\InstanceTest" classname="Tests.Unit.Playground.Test.Models.PlaygroundUser.InstanceTest" assertions="1" time="0.023373"/>
        <testcase name="test_factory_with_make" file="/app/vendor/gammamatrix/playground-test/tests/Unit/Models/PlaygroundUser/InstanceTest.php" line="283" class="Tests\Unit\Playground\Test\Models\PlaygroundUser\InstanceTest" classname="Tests.Unit.Playground.Test.Models.PlaygroundUser.InstanceTest" assertions="1" time="0.025656"/>
      </testsuite>
      <testsuite name="Tests\Unit\Playground\Test\Models\PlaygroundUser\ModelTest" file="/app/vendor/gammamatrix/playground-test/tests/Unit/Models/PlaygroundUser/ModelTest.php" tests="3" assertions="9" errors="0" failures="0" skipped="0" time="0.064554">
        <testcase name="test_model_instance" file="/app/vendor/gammamatrix/playground-test/src/Unit/Models/ModelCase.php" line="114" class="Tests\Unit\Playground\Test\Models\PlaygroundUser\ModelTest" classname="Tests.Unit.Playground.Test.Models.PlaygroundUser.ModelTest" assertions="1" time="0.021077"/>
        <testcase name="test_verify_model_relationships" file="/app/vendor/gammamatrix/playground-test/src/Unit/Models/ModelCase.php" line="275" class="Tests\Unit\Playground\Test\Models\PlaygroundUser\ModelTest" classname="Tests.Unit.Playground.Test.Models.PlaygroundUser.ModelTest" assertions="5" time="0.020370"/>
        <testcase name="test_model_factory_make" file="/app/vendor/gammamatrix/playground-test/src/Unit/Models/ModelCase.php" line="291" class="Tests\Unit\Playground\Test\Models\PlaygroundUser\ModelTest" classname="Tests.Unit.Playground.Test.Models.PlaygroundUser.ModelTest" assertions="3" time="0.023106"/>
      </testsuite>
      <testsuite name="Tests\Unit\Playground\Test\Models\User\ModelTest" file="/app/vendor/gammamatrix/playground-test/tests/Unit/Models/User/ModelTest.php" tests="3" assertions="5" errors="0" failures="0" skipped="0" time="0.066722">
        <testcase name="test_getAttributes" file="/app/vendor/gammamatrix/playground-test/tests/Unit/Models/User/ModelTest.php" line="24" class="Tests\Unit\Playground\Test\Models\User\ModelTest" classname="Tests.Unit.Playground.Test.Models.User.ModelTest" assertions="2" time="0.021653"/>
        <testcase name="test_getAttributes_filled" file="/app/vendor/gammamatrix/playground-test/tests/Unit/Models/User/ModelTest.php" line="45" class="Tests\Unit\Playground\Test\Models\User\ModelTest" classname="Tests.Unit.Playground.Test.Models.User.ModelTest" assertions="2" time="0.021622"/>
        <testcase name="test_factory_with_make" file="/app/vendor/gammamatrix/playground-test/tests/Unit/Models/User/ModelTest.php" line="69" class="Tests\Unit\Playground\Test\Models\User\ModelTest" classname="Tests.Unit.Playground.Test.Models.User.ModelTest" assertions="1" time="0.023446"/>
      </testsuite>
      <testsuite name="Tests\Unit\Playground\Test\Models\UserWithRoleAndPrivileges\ModelTest" file="/app/vendor/gammamatrix/playground-test/tests/Unit/Models/UserWithRoleAndPrivileges/ModelTest.php" tests="5" assertions="7" errors="0" failures="0" skipped="0" time="0.114277">
        <testcase name="test_getAttributes" file="/app/vendor/gammamatrix/playground-test/tests/Unit/Models/UserWithRoleAndPrivileges/ModelTest.php" line="24" class="Tests\Unit\Playground\Test\Models\UserWithRoleAndPrivileges\ModelTest" classname="Tests.Unit.Playground.Test.Models.UserWithRoleAndPrivileges.ModelTest" assertions="2" time="0.024712"/>
        <testcase name="test_hasPrivilege_is_false_without_privilege" file="/app/vendor/gammamatrix/playground-test/tests/Unit/Models/UserWithRoleAndPrivileges/ModelTest.php" line="48" class="Tests\Unit\Playground\Test\Models\UserWithRoleAndPrivileges\ModelTest" classname="Tests.Unit.Playground.Test.Models.UserWithRoleAndPrivileges.ModelTest" assertions="1" time="0.021608"/>
        <testcase name="test_hasPrivilege_is_false_with_wrong_privilege" file="/app/vendor/gammamatrix/playground-test/tests/Unit/Models/UserWithRoleAndPrivileges/ModelTest.php" line="62" class="Tests\Unit\Playground\Test\Models\UserWithRoleAndPrivileges\ModelTest" classname="Tests.Unit.Playground.Test.Models.UserWithRoleAndPrivileges.ModelTest" assertions="1" time="0.021697"/>
        <testcase name="test_hasPrivilege_is_true_with_correct_privilege" file="/app/vendor/gammamatrix/playground-test/tests/Unit/Models/UserWithRoleAndPrivileges/ModelTest.php" line="80" class="Tests\Unit\Playground\Test\Models\UserWithRoleAndPrivileges\ModelTest" classname="Tests.Unit.Playground.Test.Models.UserWithRoleAndPrivileges.ModelTest" assertions="2" time="0.021945"/>
        <testcase name="test_factory_with_make" file="/app/vendor/gammamatrix/playground-test/tests/Unit/Models/UserWithRoleAndPrivileges/ModelTest.php" line="101" class="Tests\Unit\Playground\Test\Models\UserWithRoleAndPrivileges\ModelTest" classname="Tests.Unit.Playground.Test.Models.UserWithRoleAndPrivileges.ModelTest" assertions="1" time="0.024315"/>
      </testsuite>
      <testsuite name="Tests\Unit\Playground\Test\Models\UserWithRoleAndRoles\ModelTest" file="/app/vendor/gammamatrix/playground-test/tests/Unit/Models/UserWithRoleAndRoles/ModelTest.php" tests="11" assertions="15" errors="0" failures="0" skipped="0" time="0.256443">
        <testcase name="test_getAttributes" file="/app/vendor/gammamatrix/playground-test/tests/Unit/Models/UserWithRoleAndRoles/ModelTest.php" line="26" class="Tests\Unit\Playground\Test\Models\UserWithRoleAndRoles\ModelTest" classname="Tests.Unit.Playground.Test.Models.UserWithRoleAndRoles.ModelTest" assertions="2" time="0.021601"/>
        <testcase name="test_hasRole_is_false_without_role" file="/app/vendor/gammamatrix/playground-test/tests/Unit/Models/UserWithRoleAndRoles/ModelTest.php" line="49" class="Tests\Unit\Playground\Test\Models\UserWithRoleAndRoles\ModelTest" classname="Tests.Unit.Playground.Test.Models.UserWithRoleAndRoles.ModelTest" assertions="1" time="0.025021"/>
        <testcase name="test_hasRole_is_true_with_matching_role" file="/app/vendor/gammamatrix/playground-test/tests/Unit/Models/UserWithRoleAndRoles/ModelTest.php" line="63" class="Tests\Unit\Playground\Test\Models\UserWithRoleAndRoles\ModelTest" classname="Tests.Unit.Playground.Test.Models.UserWithRoleAndRoles.ModelTest" assertions="1" time="0.022673"/>
        <testcase name="test_hasRole_is_true_with_matching_secondary_role" file="/app/vendor/gammamatrix/playground-test/tests/Unit/Models/UserWithRoleAndRoles/ModelTest.php" line="79" class="Tests\Unit\Playground\Test\Models\UserWithRoleAndRoles\ModelTest" classname="Tests.Unit.Playground.Test.Models.UserWithRoleAndRoles.ModelTest" assertions="4" time="0.022573"/>
        <testcase name="test_isAdmin_is_true_with_admin_role" file="/app/vendor/gammamatrix/playground-test/tests/Unit/Models/UserWithRoleAndRoles/ModelTest.php" line="102" class="Tests\Unit\Playground\Test\Models\UserWithRoleAndRoles\ModelTest" classname="Tests.Unit.Playground.Test.Models.UserWithRoleAndRoles.ModelTest" assertions="1" time="0.022362"/>
        <testcase name="test_isAdmin_is_true_with_admin_secondary_role" file="/app/vendor/gammamatrix/playground-test/tests/Unit/Models/UserWithRoleAndRoles/ModelTest.php" line="122" class="Tests\Unit\Playground\Test\Models\UserWithRoleAndRoles\ModelTest" classname="Tests.Unit.Playground.Test.Models.UserWithRoleAndRoles.ModelTest" assertions="1" time="0.022434"/>
        <testcase name="test_isAdmin_is_true_with_wheel_role" file="/app/vendor/gammamatrix/playground-test/tests/Unit/Models/UserWithRoleAndRoles/ModelTest.php" line="142" class="Tests\Unit\Playground\Test\Models\UserWithRoleAndRoles\ModelTest" classname="Tests.Unit.Playground.Test.Models.UserWithRoleAndRoles.ModelTest" assertions="1" time="0.023966"/>
        <testcase name="test_isAdmin_is_true_with_wheel_secondary_role" file="/app/vendor/gammamatrix/playground-test/tests/Unit/Models/UserWithRoleAndRoles/ModelTest.php" line="162" class="Tests\Unit\Playground\Test\Models\UserWithRoleAndRoles\ModelTest" classname="Tests.Unit.Playground.Test.Models.UserWithRoleAndRoles.ModelTest" assertions="1" time="0.022847"/>
        <testcase name="test_isAdmin_is_true_with_root_role" file="/app/vendor/gammamatrix/playground-test/tests/Unit/Models/UserWithRoleAndRoles/ModelTest.php" line="182" class="Tests\Unit\Playground\Test\Models\UserWithRoleAndRoles\ModelTest" classname="Tests.Unit.Playground.Test.Models.UserWithRoleAndRoles.ModelTest" assertions="1" time="0.022928"/>
        <testcase name="test_isAdmin_is_false_with_root_secondary_role" file="/app/vendor/gammamatrix/playground-test/tests/Unit/Models/UserWithRoleAndRoles/ModelTest.php" line="202" class="Tests\Unit\Playground\Test\Models\UserWithRoleAndRoles\ModelTest" classname="Tests.Unit.Playground.Test.Models.UserWithRoleAndRoles.ModelTest" assertions="1" time="0.023284"/>
        <testcase name="test_factory_with_make" file="/app/vendor/gammamatrix/playground-test/tests/Unit/Models/UserWithRoleAndRoles/ModelTest.php" line="222" class="Tests\Unit\Playground\Test\Models\UserWithRoleAndRoles\ModelTest" classname="Tests.Unit.Playground.Test.Models.UserWithRoleAndRoles.ModelTest" assertions="1" time="0.026754"/>
      </testsuite>
      <testsuite name="Tests\Unit\Playground\Test\Models\UserWithRoleAndRolesAndPrivileges\ModelTest" file="/app/vendor/gammamatrix/playground-test/tests/Unit/Models/UserWithRoleAndRolesAndPrivileges/ModelTest.php" tests="2" assertions="3" errors="0" failures="0" skipped="0" time="0.044349">
        <testcase name="test_getAttributes" file="/app/vendor/gammamatrix/playground-test/tests/Unit/Models/UserWithRoleAndRolesAndPrivileges/ModelTest.php" line="26" class="Tests\Unit\Playground\Test\Models\UserWithRoleAndRolesAndPrivileges\ModelTest" classname="Tests.Unit.Playground.Test.Models.UserWithRoleAndRolesAndPrivileges.ModelTest" assertions="2" time="0.021138"/>
        <testcase name="test_factory_with_make" file="/app/vendor/gammamatrix/playground-test/tests/Unit/Models/UserWithRoleAndRolesAndPrivileges/ModelTest.php" line="50" class="Tests\Unit\Playground\Test\Models\UserWithRoleAndRolesAndPrivileges\ModelTest" classname="Tests.Unit.Playground.Test.Models.UserWithRoleAndRolesAndPrivileges.ModelTest" assertions="1" time="0.023210"/>
      </testsuite>
      <testsuite name="Tests\Unit\Playground\Test\Models\UserWithSanctum\ModelTest" file="/app/vendor/gammamatrix/playground-test/tests/Unit/Models/UserWithSanctum/ModelTest.php" tests="2" assertions="3" errors="0" failures="0" skipped="0" time="0.044152">
        <testcase name="test_getAttributes" file="/app/vendor/gammamatrix/playground-test/tests/Unit/Models/UserWithSanctum/ModelTest.php" line="24" class="Tests\Unit\Playground\Test\Models\UserWithSanctum\ModelTest" classname="Tests.Unit.Playground.Test.Models.UserWithSanctum.ModelTest" assertions="2" time="0.021099"/>
        <testcase name="test_factory_with_make" file="/app/vendor/gammamatrix/playground-test/tests/Unit/Models/UserWithSanctum/ModelTest.php" line="46" class="Tests\Unit\Playground\Test\Models\UserWithSanctum\ModelTest" classname="Tests.Unit.Playground.Test.Models.UserWithSanctum.ModelTest" assertions="1" time="0.023053"/>
      </testsuite>
    </testsuite>
    <testsuite name="Feature" tests="191" assertions="370" errors="0" failures="0" skipped="0" time="29.231277">
      <testsuite name="Tests\Feature\ExampleTest" file="/app/tests/Feature/ExampleTest.php" tests="1" assertions="1" errors="0" failures="0" skipped="0" time="0.142295">
        <testcase name="test_the_application_returns_a_successful_response" file="/app/tests/Feature/ExampleTest.php" line="12" class="Tests\Feature\ExampleTest" classname="Tests.Feature.ExampleTest" assertions="1" time="0.142295"/>
      </testsuite>
      <testsuite name="Tests\Feature\Playground\Console\Commands\About\CommandTest" file="/app/vendor/gammamatrix/playground/tests/Feature/Console/Commands/About/CommandTest.php" tests="1" assertions="2" errors="0" failures="0" skipped="0" time="0.103880">
        <testcase name="test_command_about_displays_package_information_and_succeed_with_code_0" file="/app/vendor/gammamatrix/playground/tests/Feature/Console/Commands/About/CommandTest.php" line="19" class="Tests\Feature\Playground\Console\Commands\About\CommandTest" classname="Tests.Feature.Playground.Console.Commands.About.CommandTest" assertions="2" time="0.103880"/>
      </testsuite>
      <testsuite name="Tests\Feature\Playground\Models\User\ModelTest" file="/app/vendor/gammamatrix/playground/tests/Feature/Models/User/ModelTest.php" tests="1" assertions="9" errors="0" failures="0" skipped="0" time="0.100277">
        <testcase name="test_save_model_in_database" file="/app/vendor/gammamatrix/playground/tests/Feature/Models/User/ModelTest.php" line="19" class="Tests\Feature\Playground\Models\User\ModelTest" classname="Tests.Feature.Playground.Models.User.ModelTest" assertions="9" time="0.100277"/>
      </testsuite>
      <testsuite name="Tests\Feature\Playground\Auth\Console\Commands\About\CommandTest" file="/app/vendor/gammamatrix/playground-auth/tests/Feature/Console/Commands/About/CommandTest.php" tests="1" assertions="2" errors="0" failures="0" skipped="0" time="0.125203">
        <testcase name="test_command_about_displays_package_information_and_succeed_with_code_0" file="/app/vendor/gammamatrix/playground-auth/tests/Feature/Console/Commands/About/CommandTest.php" line="28" class="Tests\Feature\Playground\Auth\Console\Commands\About\CommandTest" classname="Tests.Feature.Playground.Auth.Console.Commands.About.CommandTest" assertions="2" time="0.125203"/>
      </testsuite>
      <testsuite name="Tests\Feature\Playground\Blade\Console\Commands\About\CommandTest" file="/app/vendor/gammamatrix/playground-blade/tests/Feature/Console/Commands/About/CommandTest.php" tests="1" assertions="2" errors="0" failures="0" skipped="0" time="0.132274">
        <testcase name="test_command_about_displays_package_information_and_succeed_with_code_0" file="/app/vendor/gammamatrix/playground-blade/tests/Feature/Console/Commands/About/CommandTest.php" line="19" class="Tests\Feature\Playground\Blade\Console\Commands\About\CommandTest" classname="Tests.Feature.Playground.Blade.Console.Commands.About.CommandTest" assertions="2" time="0.132274"/>
      </testsuite>
      <testsuite name="Tests\Feature\Playground\Login\Blade\Console\Commands\About\CommandTest" file="/app/vendor/gammamatrix/playground-login-blade/tests/Feature/Console/Commands/About/CommandTest.php" tests="1" assertions="2" errors="0" failures="0" skipped="0" time="0.167770">
        <testcase name="test_command_about_displays_package_information_and_succeed_with_code_0" file="/app/vendor/gammamatrix/playground-login-blade/tests/Feature/Console/Commands/About/CommandTest.php" line="19" class="Tests\Feature\Playground\Login\Blade\Console\Commands\About\CommandTest" classname="Tests.Feature.Playground.Login.Blade.Console.Commands.About.CommandTest" assertions="2" time="0.167770"/>
      </testsuite>
      <testsuite name="Tests\Feature\Playground\Login\Blade\Http\Controllers\Laravel\AuthenticationRouteTest" file="/app/vendor/gammamatrix/playground-login-blade/tests/Feature/Http/Controllers/Laravel/AuthenticationRouteTest.php" tests="11" assertions="38" errors="0" failures="0" skipped="0" time="2.756278">
        <testcase name="test_login_screen_can_be_rendered" file="/app/vendor/gammamatrix/playground-login-blade/tests/Feature/Http/Controllers/Laravel/AuthenticationRouteTest.php" line="34" class="Tests\Feature\Playground\Login\Blade\Http\Controllers\Laravel\AuthenticationRouteTest" classname="Tests.Feature.Playground.Login.Blade.Http.Controllers.Laravel.AuthenticationRouteTest" assertions="1" time="0.240380"/>
        <testcase name="test_users_can_authenticate_using_the_login_screen_laravel" file="/app/vendor/gammamatrix/playground-login-blade/tests/Feature/Http/Controllers/Laravel/AuthenticationRouteTest.php" line="41" class="Tests\Feature\Playground\Login\Blade\Http\Controllers\Laravel\AuthenticationRouteTest" classname="Tests.Feature.Playground.Login.Blade.Http.Controllers.Laravel.AuthenticationRouteTest" assertions="4" time="0.148886"/>
        <testcase name="test_users_can_authenticate_using_json" file="/app/vendor/gammamatrix/playground-login-blade/tests/Feature/Http/Controllers/Laravel/AuthenticationRouteTest.php" line="66" class="Tests\Feature\Playground\Login\Blade\Http\Controllers\Laravel\AuthenticationRouteTest" classname="Tests.Feature.Playground.Login.Blade.Http.Controllers.Laravel.AuthenticationRouteTest" assertions="4" time="0.081979"/>
        <testcase name="test_users_cannot_authenticate_with_invalid_password" file="/app/vendor/gammamatrix/playground-login-blade/tests/Feature/Http/Controllers/Laravel/AuthenticationRouteTest.php" line="86" class="Tests\Feature\Playground\Login\Blade\Http\Controllers\Laravel\AuthenticationRouteTest" classname="Tests.Feature.Playground.Login.Blade.Http.Controllers.Laravel.AuthenticationRouteTest" assertions="2" time="0.284320"/>
        <testcase name="test_users_can_logout_on_get_request" file="/app/vendor/gammamatrix/playground-login-blade/tests/Feature/Http/Controllers/Laravel/AuthenticationRouteTest.php" line="103" class="Tests\Feature\Playground\Login\Blade\Http\Controllers\Laravel\AuthenticationRouteTest" classname="Tests.Feature.Playground.Login.Blade.Http.Controllers.Laravel.AuthenticationRouteTest" assertions="2" time="0.078102"/>
        <testcase name="test_users_can_logout_on_get_request_using_json" file="/app/vendor/gammamatrix/playground-login-blade/tests/Feature/Http/Controllers/Laravel/AuthenticationRouteTest.php" line="120" class="Tests\Feature\Playground\Login\Blade\Http\Controllers\Laravel\AuthenticationRouteTest" classname="Tests.Feature.Playground.Login.Blade.Http.Controllers.Laravel.AuthenticationRouteTest" assertions="4" time="0.077503"/>
        <testcase name="test_users_can_logout_on_post_request" file="/app/vendor/gammamatrix/playground-login-blade/tests/Feature/Http/Controllers/Laravel/AuthenticationRouteTest.php" line="142" class="Tests\Feature\Playground\Login\Blade\Http\Controllers\Laravel\AuthenticationRouteTest" classname="Tests.Feature.Playground.Login.Blade.Http.Controllers.Laravel.AuthenticationRouteTest" assertions="2" time="0.077504"/>
        <testcase name="test_guests_can_logout_on_get_request" file="/app/vendor/gammamatrix/playground-login-blade/tests/Feature/Http/Controllers/Laravel/AuthenticationRouteTest.php" line="156" class="Tests\Feature\Playground\Login\Blade\Http\Controllers\Laravel\AuthenticationRouteTest" classname="Tests.Feature.Playground.Login.Blade.Http.Controllers.Laravel.AuthenticationRouteTest" assertions="2" time="0.074483"/>
        <testcase name="test_csfr_token_request" file="/app/vendor/gammamatrix/playground-login-blade/tests/Feature/Http/Controllers/Laravel/AuthenticationRouteTest.php" line="174" class="Tests\Feature\Playground\Login\Blade\Http\Controllers\Laravel\AuthenticationRouteTest" classname="Tests.Feature.Playground.Login.Blade.Http.Controllers.Laravel.AuthenticationRouteTest" assertions="3" time="0.074281"/>
        <testcase name="test_login_repeat_under_rate_limit_and_clear" file="/app/vendor/gammamatrix/playground-login-blade/tests/Feature/Http/Controllers/Laravel/AuthenticationRouteTest.php" line="187" class="Tests\Feature\Playground\Login\Blade\Http\Controllers\Laravel\AuthenticationRouteTest" classname="Tests.Feature.Playground.Login.Blade.Http.Controllers.Laravel.AuthenticationRouteTest" assertions="6" time="0.501688"/>
        <testcase name="test_login_repeat_and_hit_rate_limit" file="/app/vendor/gammamatrix/playground-login-blade/tests/Feature/Http/Controllers/Laravel/AuthenticationRouteTest.php" line="215" class="Tests\Feature\Playground\Login\Blade\Http\Controllers\Laravel\AuthenticationRouteTest" classname="Tests.Feature.Playground.Login.Blade.Http.Controllers.Laravel.AuthenticationRouteTest" assertions="8" time="1.117152"/>
      </testsuite>
      <testsuite name="Tests\Feature\Playground\Login\Blade\Http\Controllers\Laravel\EmailVerificationRouteTest" file="/app/vendor/gammamatrix/playground-login-blade/tests/Feature/Http/Controllers/Laravel/EmailVerificationRouteTest.php" tests="10" assertions="25" errors="0" failures="0" skipped="0" time="0.817852">
        <testcase name="test_email_verification_screen_can_be_rendered" file="/app/vendor/gammamatrix/playground-login-blade/tests/Feature/Http/Controllers/Laravel/EmailVerificationRouteTest.php" line="27" class="Tests\Feature\Playground\Login\Blade\Http\Controllers\Laravel\EmailVerificationRouteTest" classname="Tests.Feature.Playground.Login.Blade.Http.Controllers.Laravel.EmailVerificationRouteTest" assertions="1" time="0.098865"/>
        <testcase name="test_email_verification_screen_is_not_rendered_if_already_verified" file="/app/vendor/gammamatrix/playground-login-blade/tests/Feature/Http/Controllers/Laravel/EmailVerificationRouteTest.php" line="41" class="Tests\Feature\Playground\Login\Blade\Http\Controllers\Laravel\EmailVerificationRouteTest" classname="Tests.Feature.Playground.Login.Blade.Http.Controllers.Laravel.EmailVerificationRouteTest" assertions="1" time="0.076220"/>
        <testcase name="test_json_send_email_verification_notification_as_guest" file="/app/vendor/gammamatrix/playground-login-blade/tests/Feature/Http/Controllers/Laravel/EmailVerificationRouteTest.php" line="55" class="Tests\Feature\Playground\Login\Blade\Http\Controllers\Laravel\EmailVerificationRouteTest" classname="Tests.Feature.Playground.Login.Blade.Http.Controllers.Laravel.EmailVerificationRouteTest" assertions="4" time="0.076051"/>
        <testcase name="test_send_email_verification_notification_as_guest_and_redirect" file="/app/vendor/gammamatrix/playground-login-blade/tests/Feature/Http/Controllers/Laravel/EmailVerificationRouteTest.php" line="75" class="Tests\Feature\Playground\Login\Blade\Http\Controllers\Laravel\EmailVerificationRouteTest" classname="Tests.Feature.Playground.Login.Blade.Http.Controllers.Laravel.EmailVerificationRouteTest" assertions="4" time="0.073874"/>
        <testcase name="test_send_email_verification_notification_as_user" file="/app/vendor/gammamatrix/playground-login-blade/tests/Feature/Http/Controllers/Laravel/EmailVerificationRouteTest.php" line="88" class="Tests\Feature\Playground\Login\Blade\Http\Controllers\Laravel\EmailVerificationRouteTest" classname="Tests.Feature.Playground.Login.Blade.Http.Controllers.Laravel.EmailVerificationRouteTest" assertions="3" time="0.079054"/>
        <testcase name="test_send_email_verification_notification_when_already_verified" file="/app/vendor/gammamatrix/playground-login-blade/tests/Feature/Http/Controllers/Laravel/EmailVerificationRouteTest.php" line="117" class="Tests\Feature\Playground\Login\Blade\Http\Controllers\Laravel\EmailVerificationRouteTest" classname="Tests.Feature.Playground.Login.Blade.Http.Controllers.Laravel.EmailVerificationRouteTest" assertions="2" time="0.077609"/>
        <testcase name="test_email_can_be_verified" file="/app/vendor/gammamatrix/playground-login-blade/tests/Feature/Http/Controllers/Laravel/EmailVerificationRouteTest.php" line="137" class="Tests\Feature\Playground\Login\Blade\Http\Controllers\Laravel\EmailVerificationRouteTest" classname="Tests.Feature.Playground.Login.Blade.Http.Controllers.Laravel.EmailVerificationRouteTest" assertions="4" time="0.089164"/>
        <testcase name="test_email_is_not_verified_with_invalid_hash" file="/app/vendor/gammamatrix/playground-login-blade/tests/Feature/Http/Controllers/Laravel/EmailVerificationRouteTest.php" line="175" class="Tests\Feature\Playground\Login\Blade\Http\Controllers\Laravel\EmailVerificationRouteTest" classname="Tests.Feature.Playground.Login.Blade.Http.Controllers.Laravel.EmailVerificationRouteTest" assertions="1" time="0.083601"/>
        <testcase name="test_email_is_not_verified_with_invalid_user_id" file="/app/vendor/gammamatrix/playground-login-blade/tests/Feature/Http/Controllers/Laravel/EmailVerificationRouteTest.php" line="208" class="Tests\Feature\Playground\Login\Blade\Http\Controllers\Laravel\EmailVerificationRouteTest" classname="Tests.Feature.Playground.Login.Blade.Http.Controllers.Laravel.EmailVerificationRouteTest" assertions="1" time="0.081022"/>
        <testcase name="test_email_verified_with_already_verified" file="/app/vendor/gammamatrix/playground-login-blade/tests/Feature/Http/Controllers/Laravel/EmailVerificationRouteTest.php" line="241" class="Tests\Feature\Playground\Login\Blade\Http\Controllers\Laravel\EmailVerificationRouteTest" classname="Tests.Feature.Playground.Login.Blade.Http.Controllers.Laravel.EmailVerificationRouteTest" assertions="4" time="0.082393"/>
      </testsuite>
      <testsuite name="Tests\Feature\Playground\Login\Blade\Http\Controllers\Laravel\PasswordConfirmationRouteTest" file="/app/vendor/gammamatrix/playground-login-blade/tests/Feature/Http/Controllers/Laravel/PasswordConfirmationRouteTest.php" tests="3" assertions="4" errors="0" failures="0" skipped="0" time="0.462215">
        <testcase name="test_confirm_password_screen_can_be_rendered" file="/app/vendor/gammamatrix/playground-login-blade/tests/Feature/Http/Controllers/Laravel/PasswordConfirmationRouteTest.php" line="21" class="Tests\Feature\Playground\Login\Blade\Http\Controllers\Laravel\PasswordConfirmationRouteTest" classname="Tests.Feature.Playground.Login.Blade.Http.Controllers.Laravel.PasswordConfirmationRouteTest" assertions="1" time="0.102139"/>
        <testcase name="test_password_can_be_confirmed" file="/app/vendor/gammamatrix/playground-login-blade/tests/Feature/Http/Controllers/Laravel/PasswordConfirmationRouteTest.php" line="33" class="Tests\Feature\Playground\Login\Blade\Http\Controllers\Laravel\PasswordConfirmationRouteTest" classname="Tests.Feature.Playground.Login.Blade.Http.Controllers.Laravel.PasswordConfirmationRouteTest" assertions="2" time="0.078844"/>
        <testcase name="test_password_is_not_confirmed_with_invalid_password" file="/app/vendor/gammamatrix/playground-login-blade/tests/Feature/Http/Controllers/Laravel/PasswordConfirmationRouteTest.php" line="52" class="Tests\Feature\Playground\Login\Blade\Http\Controllers\Laravel\PasswordConfirmationRouteTest" classname="Tests.Feature.Playground.Login.Blade.Http.Controllers.Laravel.PasswordConfirmationRouteTest" assertions="1" time="0.281232"/>
      </testsuite>
      <testsuite name="Tests\Feature\Playground\Login\Blade\Http\Controllers\Laravel\PasswordResetRouteTest" file="/app/vendor/gammamatrix/playground-login-blade/tests/Feature/Http/Controllers/Laravel/PasswordResetRouteTest.php" tests="6" assertions="11" errors="0" failures="0" skipped="0" time="0.557974">
        <testcase name="test_reset_password_link_screen_can_be_rendered" file="/app/vendor/gammamatrix/playground-login-blade/tests/Feature/Http/Controllers/Laravel/PasswordResetRouteTest.php" line="23" class="Tests\Feature\Playground\Login\Blade\Http\Controllers\Laravel\PasswordResetRouteTest" classname="Tests.Feature.Playground.Login.Blade.Http.Controllers.Laravel.PasswordResetRouteTest" assertions="1" time="0.095977"/>
        <testcase name="test_reset_password_link_can_be_requested" file="/app/vendor/gammamatrix/playground-login-blade/tests/Feature/Http/Controllers/Laravel/PasswordResetRouteTest.php" line="30" class="Tests\Feature\Playground\Login\Blade\Http\Controllers\Laravel\PasswordResetRouteTest" classname="Tests.Feature.Playground.Login.Blade.Http.Controllers.Laravel.PasswordResetRouteTest" assertions="1" time="0.085414"/>
        <testcase name="test_reset_password_screen_can_be_rendered" file="/app/vendor/gammamatrix/playground-login-blade/tests/Feature/Http/Controllers/Laravel/PasswordResetRouteTest.php" line="44" class="Tests\Feature\Playground\Login\Blade\Http\Controllers\Laravel\PasswordResetRouteTest" classname="Tests.Feature.Playground.Login.Blade.Http.Controllers.Laravel.PasswordResetRouteTest" assertions="3" time="0.110412"/>
        <testcase name="test_password_can_be_reset_with_valid_token" file="/app/vendor/gammamatrix/playground-login-blade/tests/Feature/Http/Controllers/Laravel/PasswordResetRouteTest.php" line="66" class="Tests\Feature\Playground\Login\Blade\Http\Controllers\Laravel\PasswordResetRouteTest" classname="Tests.Feature.Playground.Login.Blade.Http.Controllers.Laravel.PasswordResetRouteTest" assertions="3" time="0.095835"/>
        <testcase name="test_password_reset_with_invalid_token" file="/app/vendor/gammamatrix/playground-login-blade/tests/Feature/Http/Controllers/Laravel/PasswordResetRouteTest.php" line="92" class="Tests\Feature\Playground\Login\Blade\Http\Controllers\Laravel\PasswordResetRouteTest" classname="Tests.Feature.Playground.Login.Blade.Http.Controllers.Laravel.PasswordResetRouteTest" assertions="2" time="0.091338"/>
        <testcase name="test_password_reset_with_invalid_user" file="/app/vendor/gammamatrix/playground-login-blade/tests/Feature/Http/Controllers/Laravel/PasswordResetRouteTest.php" line="117" class="Tests\Feature\Playground\Login\Blade\Http\Controllers\Laravel\PasswordResetRouteTest" classname="Tests.Feature.Playground.Login.Blade.Http.Controllers.Laravel.PasswordResetRouteTest" assertions="1" time="0.078999"/>
      </testsuite>
      <testsuite name="Tests\Feature\Playground\Login\Blade\Http\Controllers\Laravel\RegistrationRouteTest" file="/app/vendor/gammamatrix/playground-login-blade/tests/Feature/Http/Controllers/Laravel/RegistrationRouteTest.php" tests="2" assertions="4" errors="0" failures="0" skipped="0" time="0.182241">
        <testcase name="test_registration_screen_can_be_rendered" file="/app/vendor/gammamatrix/playground-login-blade/tests/Feature/Http/Controllers/Laravel/RegistrationRouteTest.php" line="20" class="Tests\Feature\Playground\Login\Blade\Http\Controllers\Laravel\RegistrationRouteTest" classname="Tests.Feature.Playground.Login.Blade.Http.Controllers.Laravel.RegistrationRouteTest" assertions="1" time="0.098594"/>
        <testcase name="test_new_users_can_register" file="/app/vendor/gammamatrix/playground-login-blade/tests/Feature/Http/Controllers/Laravel/RegistrationRouteTest.php" line="27" class="Tests\Feature\Playground\Login\Blade\Http\Controllers\Laravel\RegistrationRouteTest" classname="Tests.Feature.Playground.Login.Blade.Http.Controllers.Laravel.RegistrationRouteTest" assertions="3" time="0.083646"/>
      </testsuite>
      <testsuite name="Tests\Feature\Playground\Login\Blade\Http\Controllers\Playground\AuthenticationRouteTest" file="/app/vendor/gammamatrix/playground-login-blade/tests/Feature/Http/Controllers/Playground/AuthenticationRouteTest.php" tests="11" assertions="38" errors="0" failures="0" skipped="0" time="2.681295">
        <testcase name="test_login_screen_can_be_rendered" file="/app/vendor/gammamatrix/playground-login-blade/tests/Feature/Http/Controllers/Playground/AuthenticationRouteTest.php" line="34" class="Tests\Feature\Playground\Login\Blade\Http\Controllers\Playground\AuthenticationRouteTest" classname="Tests.Feature.Playground.Login.Blade.Http.Controllers.Playground.AuthenticationRouteTest" assertions="1" time="0.091285"/>
        <testcase name="test_users_can_authenticate_using_the_login_screen_playground" file="/app/vendor/gammamatrix/playground-login-blade/tests/Feature/Http/Controllers/Playground/AuthenticationRouteTest.php" line="41" class="Tests\Feature\Playground\Login\Blade\Http\Controllers\Playground\AuthenticationRouteTest" classname="Tests.Feature.Playground.Login.Blade.Http.Controllers.Playground.AuthenticationRouteTest" assertions="4" time="0.097418"/>
        <testcase name="test_users_can_authenticate_using_json" file="/app/vendor/gammamatrix/playground-login-blade/tests/Feature/Http/Controllers/Playground/AuthenticationRouteTest.php" line="66" class="Tests\Feature\Playground\Login\Blade\Http\Controllers\Playground\AuthenticationRouteTest" classname="Tests.Feature.Playground.Login.Blade.Http.Controllers.Playground.AuthenticationRouteTest" assertions="4" time="0.094673"/>
        <testcase name="test_users_cannot_authenticate_with_invalid_password" file="/app/vendor/gammamatrix/playground-login-blade/tests/Feature/Http/Controllers/Playground/AuthenticationRouteTest.php" line="86" class="Tests\Feature\Playground\Login\Blade\Http\Controllers\Playground\AuthenticationRouteTest" classname="Tests.Feature.Playground.Login.Blade.Http.Controllers.Playground.AuthenticationRouteTest" assertions="2" time="0.295061"/>
        <testcase name="test_users_can_logout_on_get_request" file="/app/vendor/gammamatrix/playground-login-blade/tests/Feature/Http/Controllers/Playground/AuthenticationRouteTest.php" line="103" class="Tests\Feature\Playground\Login\Blade\Http\Controllers\Playground\AuthenticationRouteTest" classname="Tests.Feature.Playground.Login.Blade.Http.Controllers.Playground.AuthenticationRouteTest" assertions="2" time="0.093909"/>
        <testcase name="test_users_can_logout_on_get_request_using_json" file="/app/vendor/gammamatrix/playground-login-blade/tests/Feature/Http/Controllers/Playground/AuthenticationRouteTest.php" line="120" class="Tests\Feature\Playground\Login\Blade\Http\Controllers\Playground\AuthenticationRouteTest" classname="Tests.Feature.Playground.Login.Blade.Http.Controllers.Playground.AuthenticationRouteTest" assertions="4" time="0.096938"/>
        <testcase name="test_users_can_logout_on_post_request" file="/app/vendor/gammamatrix/playground-login-blade/tests/Feature/Http/Controllers/Playground/AuthenticationRouteTest.php" line="142" class="Tests\Feature\Playground\Login\Blade\Http\Controllers\Playground\AuthenticationRouteTest" classname="Tests.Feature.Playground.Login.Blade.Http.Controllers.Playground.AuthenticationRouteTest" assertions="2" time="0.093977"/>
        <testcase name="test_guests_can_logout_on_get_request" file="/app/vendor/gammamatrix/playground-login-blade/tests/Feature/Http/Controllers/Playground/AuthenticationRouteTest.php" line="156" class="Tests\Feature\Playground\Login\Blade\Http\Controllers\Playground\AuthenticationRouteTest" classname="Tests.Feature.Playground.Login.Blade.Http.Controllers.Playground.AuthenticationRouteTest" assertions="2" time="0.081964"/>
        <testcase name="test_csfr_token_request" file="/app/vendor/gammamatrix/playground-login-blade/tests/Feature/Http/Controllers/Playground/AuthenticationRouteTest.php" line="174" class="Tests\Feature\Playground\Login\Blade\Http\Controllers\Playground\AuthenticationRouteTest" classname="Tests.Feature.Playground.Login.Blade.Http.Controllers.Playground.AuthenticationRouteTest" assertions="3" time="0.082700"/>
        <testcase name="test_login_repeat_under_rate_limit_and_clear" file="/app/vendor/gammamatrix/playground-login-blade/tests/Feature/Http/Controllers/Playground/AuthenticationRouteTest.php" line="187" class="Tests\Feature\Playground\Login\Blade\Http\Controllers\Playground\AuthenticationRouteTest" classname="Tests.Feature.Playground.Login.Blade.Http.Controllers.Playground.AuthenticationRouteTest" assertions="6" time="0.516897"/>
        <testcase name="test_login_repeat_and_hit_rate_limit" file="/app/vendor/gammamatrix/playground-login-blade/tests/Feature/Http/Controllers/Playground/AuthenticationRouteTest.php" line="215" class="Tests\Feature\Playground\Login\Blade\Http\Controllers\Playground\AuthenticationRouteTest" classname="Tests.Feature.Playground.Login.Blade.Http.Controllers.Playground.AuthenticationRouteTest" assertions="8" time="1.136473"/>
      </testsuite>
      <testsuite name="Tests\Feature\Playground\Login\Blade\Http\Controllers\Playground\EmailVerificationRouteTest" file="/app/vendor/gammamatrix/playground-login-blade/tests/Feature/Http/Controllers/Playground/EmailVerificationRouteTest.php" tests="10" assertions="25" errors="0" failures="0" skipped="0" time="0.927737">
        <testcase name="test_email_verification_screen_can_be_rendered" file="/app/vendor/gammamatrix/playground-login-blade/tests/Feature/Http/Controllers/Playground/EmailVerificationRouteTest.php" line="27" class="Tests\Feature\Playground\Login\Blade\Http\Controllers\Playground\EmailVerificationRouteTest" classname="Tests.Feature.Playground.Login.Blade.Http.Controllers.Playground.EmailVerificationRouteTest" assertions="1" time="0.098726"/>
        <testcase name="test_email_verification_screen_is_not_rendered_if_already_verified" file="/app/vendor/gammamatrix/playground-login-blade/tests/Feature/Http/Controllers/Playground/EmailVerificationRouteTest.php" line="41" class="Tests\Feature\Playground\Login\Blade\Http\Controllers\Playground\EmailVerificationRouteTest" classname="Tests.Feature.Playground.Login.Blade.Http.Controllers.Playground.EmailVerificationRouteTest" assertions="1" time="0.091468"/>
        <testcase name="test_json_send_email_verification_notification_as_guest" file="/app/vendor/gammamatrix/playground-login-blade/tests/Feature/Http/Controllers/Playground/EmailVerificationRouteTest.php" line="55" class="Tests\Feature\Playground\Login\Blade\Http\Controllers\Playground\EmailVerificationRouteTest" classname="Tests.Feature.Playground.Login.Blade.Http.Controllers.Playground.EmailVerificationRouteTest" assertions="4" time="0.082477"/>
        <testcase name="test_send_email_verification_notification_as_guest_and_redirect" file="/app/vendor/gammamatrix/playground-login-blade/tests/Feature/Http/Controllers/Playground/EmailVerificationRouteTest.php" line="75" class="Tests\Feature\Playground\Login\Blade\Http\Controllers\Playground\EmailVerificationRouteTest" classname="Tests.Feature.Playground.Login.Blade.Http.Controllers.Playground.EmailVerificationRouteTest" assertions="4" time="0.082344"/>
        <testcase name="test_send_email_verification_notification_as_user" file="/app/vendor/gammamatrix/playground-login-blade/tests/Feature/Http/Controllers/Playground/EmailVerificationRouteTest.php" line="88" class="Tests\Feature\Playground\Login\Blade\Http\Controllers\Playground\EmailVerificationRouteTest" classname="Tests.Feature.Playground.Login.Blade.Http.Controllers.Playground.EmailVerificationRouteTest" assertions="3" time="0.092765"/>
        <testcase name="test_send_email_verification_notification_when_already_verified" file="/app/vendor/gammamatrix/playground-login-blade/tests/Feature/Http/Controllers/Playground/EmailVerificationRouteTest.php" line="117" class="Tests\Feature\Playground\Login\Blade\Http\Controllers\Playground\EmailVerificationRouteTest" classname="Tests.Feature.Playground.Login.Blade.Http.Controllers.Playground.EmailVerificationRouteTest" assertions="2" time="0.091135"/>
        <testcase name="test_email_can_be_verified" file="/app/vendor/gammamatrix/playground-login-blade/tests/Feature/Http/Controllers/Playground/EmailVerificationRouteTest.php" line="137" class="Tests\Feature\Playground\Login\Blade\Http\Controllers\Playground\EmailVerificationRouteTest" classname="Tests.Feature.Playground.Login.Blade.Http.Controllers.Playground.EmailVerificationRouteTest" assertions="4" time="0.100230"/>
        <testcase name="test_email_is_not_verified_with_invalid_hash" file="/app/vendor/gammamatrix/playground-login-blade/tests/Feature/Http/Controllers/Playground/EmailVerificationRouteTest.php" line="175" class="Tests\Feature\Playground\Login\Blade\Http\Controllers\Playground\EmailVerificationRouteTest" classname="Tests.Feature.Playground.Login.Blade.Http.Controllers.Playground.EmailVerificationRouteTest" assertions="1" time="0.094264"/>
        <testcase name="test_email_is_not_verified_with_invalid_user_id" file="/app/vendor/gammamatrix/playground-login-blade/tests/Feature/Http/Controllers/Playground/EmailVerificationRouteTest.php" line="208" class="Tests\Feature\Playground\Login\Blade\Http\Controllers\Playground\EmailVerificationRouteTest" classname="Tests.Feature.Playground.Login.Blade.Http.Controllers.Playground.EmailVerificationRouteTest" assertions="1" time="0.095141"/>
        <testcase name="test_email_verified_with_already_verified" file="/app/vendor/gammamatrix/playground-login-blade/tests/Feature/Http/Controllers/Playground/EmailVerificationRouteTest.php" line="241" class="Tests\Feature\Playground\Login\Blade\Http\Controllers\Playground\EmailVerificationRouteTest" classname="Tests.Feature.Playground.Login.Blade.Http.Controllers.Playground.EmailVerificationRouteTest" assertions="4" time="0.099188"/>
      </testsuite>
      <testsuite name="Tests\Feature\Playground\Login\Blade\Http\Controllers\Playground\PasswordConfirmationRouteTest" file="/app/vendor/gammamatrix/playground-login-blade/tests/Feature/Http/Controllers/Playground/PasswordConfirmationRouteTest.php" tests="3" assertions="4" errors="0" failures="0" skipped="0" time="0.485440">
        <testcase name="test_confirm_password_screen_can_be_rendered" file="/app/vendor/gammamatrix/playground-login-blade/tests/Feature/Http/Controllers/Playground/PasswordConfirmationRouteTest.php" line="21" class="Tests\Feature\Playground\Login\Blade\Http\Controllers\Playground\PasswordConfirmationRouteTest" classname="Tests.Feature.Playground.Login.Blade.Http.Controllers.Playground.PasswordConfirmationRouteTest" assertions="1" time="0.100184"/>
        <testcase name="test_password_can_be_confirmed" file="/app/vendor/gammamatrix/playground-login-blade/tests/Feature/Http/Controllers/Playground/PasswordConfirmationRouteTest.php" line="33" class="Tests\Feature\Playground\Login\Blade\Http\Controllers\Playground\PasswordConfirmationRouteTest" classname="Tests.Feature.Playground.Login.Blade.Http.Controllers.Playground.PasswordConfirmationRouteTest" assertions="2" time="0.090702"/>
        <testcase name="test_password_is_not_confirmed_with_invalid_password" file="/app/vendor/gammamatrix/playground-login-blade/tests/Feature/Http/Controllers/Playground/PasswordConfirmationRouteTest.php" line="48" class="Tests\Feature\Playground\Login\Blade\Http\Controllers\Playground\PasswordConfirmationRouteTest" classname="Tests.Feature.Playground.Login.Blade.Http.Controllers.Playground.PasswordConfirmationRouteTest" assertions="1" time="0.294555"/>
      </testsuite>
      <testsuite name="Tests\Feature\Playground\Login\Blade\Http\Controllers\Playground\PasswordResetRouteTest" file="/app/vendor/gammamatrix/playground-login-blade/tests/Feature/Http/Controllers/Playground/PasswordResetRouteTest.php" tests="6" assertions="11" errors="0" failures="0" skipped="0" time="0.592418">
        <testcase name="test_reset_password_link_screen_can_be_rendered" file="/app/vendor/gammamatrix/playground-login-blade/tests/Feature/Http/Controllers/Playground/PasswordResetRouteTest.php" line="23" class="Tests\Feature\Playground\Login\Blade\Http\Controllers\Playground\PasswordResetRouteTest" classname="Tests.Feature.Playground.Login.Blade.Http.Controllers.Playground.PasswordResetRouteTest" assertions="1" time="0.089524"/>
        <testcase name="test_reset_password_link_can_be_requested" file="/app/vendor/gammamatrix/playground-login-blade/tests/Feature/Http/Controllers/Playground/PasswordResetRouteTest.php" line="30" class="Tests\Feature\Playground\Login\Blade\Http\Controllers\Playground\PasswordResetRouteTest" classname="Tests.Feature.Playground.Login.Blade.Http.Controllers.Playground.PasswordResetRouteTest" assertions="1" time="0.095050"/>
        <testcase name="test_reset_password_screen_can_be_rendered" file="/app/vendor/gammamatrix/playground-login-blade/tests/Feature/Http/Controllers/Playground/PasswordResetRouteTest.php" line="44" class="Tests\Feature\Playground\Login\Blade\Http\Controllers\Playground\PasswordResetRouteTest" classname="Tests.Feature.Playground.Login.Blade.Http.Controllers.Playground.PasswordResetRouteTest" assertions="3" time="0.105305"/>
        <testcase name="test_password_can_be_reset_with_valid_token" file="/app/vendor/gammamatrix/playground-login-blade/tests/Feature/Http/Controllers/Playground/PasswordResetRouteTest.php" line="66" class="Tests\Feature\Playground\Login\Blade\Http\Controllers\Playground\PasswordResetRouteTest" classname="Tests.Feature.Playground.Login.Blade.Http.Controllers.Playground.PasswordResetRouteTest" assertions="3" time="0.108301"/>
        <testcase name="test_password_reset_with_invalid_token" file="/app/vendor/gammamatrix/playground-login-blade/tests/Feature/Http/Controllers/Playground/PasswordResetRouteTest.php" line="92" class="Tests\Feature\Playground\Login\Blade\Http\Controllers\Playground\PasswordResetRouteTest" classname="Tests.Feature.Playground.Login.Blade.Http.Controllers.Playground.PasswordResetRouteTest" assertions="2" time="0.101792"/>
        <testcase name="test_password_reset_with_invalid_user" file="/app/vendor/gammamatrix/playground-login-blade/tests/Feature/Http/Controllers/Playground/PasswordResetRouteTest.php" line="117" class="Tests\Feature\Playground\Login\Blade\Http\Controllers\Playground\PasswordResetRouteTest" classname="Tests.Feature.Playground.Login.Blade.Http.Controllers.Playground.PasswordResetRouteTest" assertions="1" time="0.092447"/>
      </testsuite>
      <testsuite name="Tests\Feature\Playground\Login\Blade\Http\Controllers\Playground\RegistrationRouteTest" file="/app/vendor/gammamatrix/playground-login-blade/tests/Feature/Http/Controllers/Playground/RegistrationRouteTest.php" tests="2" assertions="4" errors="0" failures="0" skipped="0" time="0.187200">
        <testcase name="test_registration_screen_can_be_rendered" file="/app/vendor/gammamatrix/playground-login-blade/tests/Feature/Http/Controllers/Playground/RegistrationRouteTest.php" line="20" class="Tests\Feature\Playground\Login\Blade\Http\Controllers\Playground\RegistrationRouteTest" classname="Tests.Feature.Playground.Login.Blade.Http.Controllers.Playground.RegistrationRouteTest" assertions="1" time="0.089721"/>
        <testcase name="test_new_users_can_register" file="/app/vendor/gammamatrix/playground-login-blade/tests/Feature/Http/Controllers/Playground/RegistrationRouteTest.php" line="27" class="Tests\Feature\Playground\Login\Blade\Http\Controllers\Playground\RegistrationRouteTest" classname="Tests.Feature.Playground.Login.Blade.Http.Controllers.Playground.RegistrationRouteTest" assertions="3" time="0.097479"/>
      </testsuite>
      <testsuite name="Tests\Feature\Playground\Login\Blade\Http\Controllers\Sanctum\LogoutRouteTest" file="/app/vendor/gammamatrix/playground-login-blade/tests/Feature/Http/Controllers/Sanctum/LogoutRouteTest.php" tests="5" assertions="20" errors="0" failures="0" skipped="0" time="0.421371">
        <testcase name="test_sanctum_users_can_authenticate_and_logout_and_delete_token" file="/app/vendor/gammamatrix/playground-login-blade/tests/Feature/Http/Controllers/Sanctum/LogoutRouteTest.php" line="34" class="Tests\Feature\Playground\Login\Blade\Http\Controllers\Sanctum\LogoutRouteTest" classname="Tests.Feature.Playground.Login.Blade.Http.Controllers.Sanctum.LogoutRouteTest" assertions="5" time="0.092292"/>
        <testcase name="test_sanctum_users_can_logout_without_token_using_json" file="/app/vendor/gammamatrix/playground-login-blade/tests/Feature/Http/Controllers/Sanctum/LogoutRouteTest.php" line="61" class="Tests\Feature\Playground\Login\Blade\Http\Controllers\Sanctum\LogoutRouteTest" classname="Tests.Feature.Playground.Login.Blade.Http.Controllers.Sanctum.LogoutRouteTest" assertions="4" time="0.078033"/>
        <testcase name="test_sanctum_users_can_logout_all_tokens_without_token_using_json" file="/app/vendor/gammamatrix/playground-login-blade/tests/Feature/Http/Controllers/Sanctum/LogoutRouteTest.php" line="84" class="Tests\Feature\Playground\Login\Blade\Http\Controllers\Sanctum\LogoutRouteTest" classname="Tests.Feature.Playground.Login.Blade.Http.Controllers.Sanctum.LogoutRouteTest" assertions="4" time="0.078624"/>
        <testcase name="test_sanctum_users_can_logout_everywhere_tokens_without_token" file="/app/vendor/gammamatrix/playground-login-blade/tests/Feature/Http/Controllers/Sanctum/LogoutRouteTest.php" line="107" class="Tests\Feature\Playground\Login\Blade\Http\Controllers\Sanctum\LogoutRouteTest" classname="Tests.Feature.Playground.Login.Blade.Http.Controllers.Sanctum.LogoutRouteTest" assertions="2" time="0.078350"/>
        <testcase name="test_sanctum_users_can_authenticate_and_logout_and_delete_token_with_sessions" file="/app/vendor/gammamatrix/playground-login-blade/tests/Feature/Http/Controllers/Sanctum/LogoutRouteTest.php" line="125" class="Tests\Feature\Playground\Login\Blade\Http\Controllers\Sanctum\LogoutRouteTest" classname="Tests.Feature.Playground.Login.Blade.Http.Controllers.Sanctum.LogoutRouteTest" assertions="5" time="0.094072"/>
      </testsuite>
      <testsuite name="Tests\Feature\Playground\Site\Blade\Console\Commands\About\CommandTest" file="/app/vendor/gammamatrix/playground-site-blade/tests/Feature/Console/Commands/About/CommandTest.php" tests="1" assertions="2" errors="0" failures="0" skipped="0" time="0.208965">
        <testcase name="test_command_about_displays_package_information_and_succeed_with_code_0" file="/app/vendor/gammamatrix/playground-site-blade/tests/Feature/Console/Commands/About/CommandTest.php" line="19" class="Tests\Feature\Playground\Site\Blade\Console\Commands\About\CommandTest" classname="Tests.Feature.Playground.Site.Blade.Console.Commands.About.CommandTest" assertions="2" time="0.208965"/>
      </testsuite>
      <testsuite name="Tests\Feature\Playground\Site\Blade\Http\Controllers\Laravel\AboutRouteTest" file="/app/vendor/gammamatrix/playground-site-blade/tests/Feature/Http/Controllers/Laravel/AboutRouteTest.php" tests="4" assertions="4" errors="0" failures="0" skipped="0" time="0.656493">
        <testcase name="test_as_guest_and_succeed" file="/app/vendor/gammamatrix/playground-site-blade/tests/Feature/Http/Controllers/Laravel/AboutRouteTest.php" line="23" class="Tests\Feature\Playground\Site\Blade\Http\Controllers\Laravel\AboutRouteTest" classname="Tests.Feature.Playground.Site.Blade.Http.Controllers.Laravel.AboutRouteTest" assertions="1" time="0.211557"/>
        <testcase name="test_json_as_guest_and_succeed" file="/app/vendor/gammamatrix/playground-site-blade/tests/Feature/Http/Controllers/Laravel/AboutRouteTest.php" line="29" class="Tests\Feature\Playground\Site\Blade\Http\Controllers\Laravel\AboutRouteTest" classname="Tests.Feature.Playground.Site.Blade.Http.Controllers.Laravel.AboutRouteTest" assertions="1" time="0.143019"/>
        <testcase name="test_as_user_and_succeed" file="/app/vendor/gammamatrix/playground-site-blade/tests/Feature/Http/Controllers/Laravel/AboutRouteTest.php" line="35" class="Tests\Feature\Playground\Site\Blade\Http\Controllers\Laravel\AboutRouteTest" classname="Tests.Feature.Playground.Site.Blade.Http.Controllers.Laravel.AboutRouteTest" assertions="1" time="0.156582"/>
        <testcase name="test_json_as_user_and_succeed" file="/app/vendor/gammamatrix/playground-site-blade/tests/Feature/Http/Controllers/Laravel/AboutRouteTest.php" line="45" class="Tests\Feature\Playground\Site\Blade\Http\Controllers\Laravel\AboutRouteTest" classname="Tests.Feature.Playground.Site.Blade.Http.Controllers.Laravel.AboutRouteTest" assertions="1" time="0.145334"/>
      </testsuite>
      <testsuite name="Tests\Feature\Playground\Site\Blade\Http\Controllers\Laravel\BootstrapRouteTest" file="/app/vendor/gammamatrix/playground-site-blade/tests/Feature/Http/Controllers/Laravel/BootstrapRouteTest.php" tests="4" assertions="4" errors="0" failures="0" skipped="0" time="0.648990">
        <testcase name="test_as_guest_and_succeed" file="/app/vendor/gammamatrix/playground-site-blade/tests/Feature/Http/Controllers/Laravel/BootstrapRouteTest.php" line="23" class="Tests\Feature\Playground\Site\Blade\Http\Controllers\Laravel\BootstrapRouteTest" classname="Tests.Feature.Playground.Site.Blade.Http.Controllers.Laravel.BootstrapRouteTest" assertions="1" time="0.174125"/>
        <testcase name="test_json_as_guest_and_succeed" file="/app/vendor/gammamatrix/playground-site-blade/tests/Feature/Http/Controllers/Laravel/BootstrapRouteTest.php" line="29" class="Tests\Feature\Playground\Site\Blade\Http\Controllers\Laravel\BootstrapRouteTest" classname="Tests.Feature.Playground.Site.Blade.Http.Controllers.Laravel.BootstrapRouteTest" assertions="1" time="0.154118"/>
        <testcase name="test_as_wheel_and_succeed" file="/app/vendor/gammamatrix/playground-site-blade/tests/Feature/Http/Controllers/Laravel/BootstrapRouteTest.php" line="35" class="Tests\Feature\Playground\Site\Blade\Http\Controllers\Laravel\BootstrapRouteTest" classname="Tests.Feature.Playground.Site.Blade.Http.Controllers.Laravel.BootstrapRouteTest" assertions="1" time="0.162818"/>
        <testcase name="test_json_as_wheel_and_succeed" file="/app/vendor/gammamatrix/playground-site-blade/tests/Feature/Http/Controllers/Laravel/BootstrapRouteTest.php" line="45" class="Tests\Feature\Playground\Site\Blade\Http\Controllers\Laravel\BootstrapRouteTest" classname="Tests.Feature.Playground.Site.Blade.Http.Controllers.Laravel.BootstrapRouteTest" assertions="1" time="0.157929"/>
      </testsuite>
      <testsuite name="Tests\Feature\Playground\Site\Blade\Http\Controllers\Laravel\PublicDashboardRouteTest" file="/app/vendor/gammamatrix/playground-site-blade/tests/Feature/Http/Controllers/Laravel/PublicDashboardRouteTest.php" tests="4" assertions="6" errors="0" failures="0" skipped="0" time="0.585872">
        <testcase name="test_as_guest_and_fail_when_disabled_for_guest_and_no_redirect" file="/app/vendor/gammamatrix/playground-site-blade/tests/Feature/Http/Controllers/Laravel/PublicDashboardRouteTest.php" line="34" class="Tests\Feature\Playground\Site\Blade\Http\Controllers\Laravel\PublicDashboardRouteTest" classname="Tests.Feature.Playground.Site.Blade.Http.Controllers.Laravel.PublicDashboardRouteTest" assertions="1" time="0.157860"/>
        <testcase name="test_as_guest_and_redirect_when_disabled_for_all" file="/app/vendor/gammamatrix/playground-site-blade/tests/Feature/Http/Controllers/Laravel/PublicDashboardRouteTest.php" line="47" class="Tests\Feature\Playground\Site\Blade\Http\Controllers\Laravel\PublicDashboardRouteTest" classname="Tests.Feature.Playground.Site.Blade.Http.Controllers.Laravel.PublicDashboardRouteTest" assertions="2" time="0.141773"/>
        <testcase name="test_as_guest_and_redirect_when_disabled_for_guest" file="/app/vendor/gammamatrix/playground-site-blade/tests/Feature/Http/Controllers/Laravel/PublicDashboardRouteTest.php" line="56" class="Tests\Feature\Playground\Site\Blade\Http\Controllers\Laravel\PublicDashboardRouteTest" classname="Tests.Feature.Playground.Site.Blade.Http.Controllers.Laravel.PublicDashboardRouteTest" assertions="2" time="0.142669"/>
        <testcase name="test_as_guest_and_succeed" file="/app/vendor/gammamatrix/playground-site-blade/tests/Feature/Http/Controllers/Laravel/PublicDashboardRouteTest.php" line="66" class="Tests\Feature\Playground\Site\Blade\Http\Controllers\Laravel\PublicDashboardRouteTest" classname="Tests.Feature.Playground.Site.Blade.Http.Controllers.Laravel.PublicDashboardRouteTest" assertions="1" time="0.143571"/>
      </testsuite>
      <testsuite name="Tests\Feature\Playground\Site\Blade\Http\Controllers\Laravel\PublicHomeRouteTest" file="/app/vendor/gammamatrix/playground-site-blade/tests/Feature/Http/Controllers/Laravel/PublicHomeRouteTest.php" tests="4" assertions="4" errors="0" failures="0" skipped="0" time="0.639577">
        <testcase name="test_as_guest_and_succeed" file="/app/vendor/gammamatrix/playground-site-blade/tests/Feature/Http/Controllers/Laravel/PublicHomeRouteTest.php" line="34" class="Tests\Feature\Playground\Site\Blade\Http\Controllers\Laravel\PublicHomeRouteTest" classname="Tests.Feature.Playground.Site.Blade.Http.Controllers.Laravel.PublicHomeRouteTest" assertions="1" time="0.163193"/>
        <testcase name="test_json_as_guest_and_succeed" file="/app/vendor/gammamatrix/playground-site-blade/tests/Feature/Http/Controllers/Laravel/PublicHomeRouteTest.php" line="40" class="Tests\Feature\Playground\Site\Blade\Http\Controllers\Laravel\PublicHomeRouteTest" classname="Tests.Feature.Playground.Site.Blade.Http.Controllers.Laravel.PublicHomeRouteTest" assertions="1" time="0.146553"/>
        <testcase name="test_as_admin_and_succeed" file="/app/vendor/gammamatrix/playground-site-blade/tests/Feature/Http/Controllers/Laravel/PublicHomeRouteTest.php" line="46" class="Tests\Feature\Playground\Site\Blade\Http\Controllers\Laravel\PublicHomeRouteTest" classname="Tests.Feature.Playground.Site.Blade.Http.Controllers.Laravel.PublicHomeRouteTest" assertions="1" time="0.182858"/>
        <testcase name="test_json_as_admin_and_succeed" file="/app/vendor/gammamatrix/playground-site-blade/tests/Feature/Http/Controllers/Laravel/PublicHomeRouteTest.php" line="56" class="Tests\Feature\Playground\Site\Blade\Http\Controllers\Laravel\PublicHomeRouteTest" classname="Tests.Feature.Playground.Site.Blade.Http.Controllers.Laravel.PublicHomeRouteTest" assertions="1" time="0.146974"/>
      </testsuite>
      <testsuite name="Tests\Feature\Playground\Site\Blade\Http\Controllers\Laravel\PublicSitemapRouteTest" file="/app/vendor/gammamatrix/playground-site-blade/tests/Feature/Http/Controllers/Laravel/PublicSitemapRouteTest.php" tests="9" assertions="12" errors="0" failures="0" skipped="0" time="1.381757">
        <testcase name="test_as_guest_and_fail_when_disabled_for_guest_and_no_redirect" file="/app/vendor/gammamatrix/playground-site-blade/tests/Feature/Http/Controllers/Laravel/PublicSitemapRouteTest.php" line="23" class="Tests\Feature\Playground\Site\Blade\Http\Controllers\Laravel\PublicSitemapRouteTest" classname="Tests.Feature.Playground.Site.Blade.Http.Controllers.Laravel.PublicSitemapRouteTest" assertions="1" time="0.164685"/>
        <testcase name="test_as_guest_and_redirect_when_disabled_for_all" file="/app/vendor/gammamatrix/playground-site-blade/tests/Feature/Http/Controllers/Laravel/PublicSitemapRouteTest.php" line="33" class="Tests\Feature\Playground\Site\Blade\Http\Controllers\Laravel\PublicSitemapRouteTest" classname="Tests.Feature.Playground.Site.Blade.Http.Controllers.Laravel.PublicSitemapRouteTest" assertions="2" time="0.144414"/>
        <testcase name="test_as_guest_and_redirect_when_disabled_for_guest" file="/app/vendor/gammamatrix/playground-site-blade/tests/Feature/Http/Controllers/Laravel/PublicSitemapRouteTest.php" line="42" class="Tests\Feature\Playground\Site\Blade\Http\Controllers\Laravel\PublicSitemapRouteTest" classname="Tests.Feature.Playground.Site.Blade.Http.Controllers.Laravel.PublicSitemapRouteTest" assertions="2" time="0.143581"/>
        <testcase name="test_as_guest_and_succeed" file="/app/vendor/gammamatrix/playground-site-blade/tests/Feature/Http/Controllers/Laravel/PublicSitemapRouteTest.php" line="52" class="Tests\Feature\Playground\Site\Blade\Http\Controllers\Laravel\PublicSitemapRouteTest" classname="Tests.Feature.Playground.Site.Blade.Http.Controllers.Laravel.PublicSitemapRouteTest" assertions="1" time="0.164105"/>
        <testcase name="test_as_user_and_succeed" file="/app/vendor/gammamatrix/playground-site-blade/tests/Feature/Http/Controllers/Laravel/PublicSitemapRouteTest.php" line="62" class="Tests\Feature\Playground\Site\Blade\Http\Controllers\Laravel\PublicSitemapRouteTest" classname="Tests.Feature.Playground.Site.Blade.Http.Controllers.Laravel.PublicSitemapRouteTest" assertions="1" time="0.156050"/>
        <testcase name="test_as_support_and_fail_when_disabled_for_all" file="/app/vendor/gammamatrix/playground-site-blade/tests/Feature/Http/Controllers/Laravel/PublicSitemapRouteTest.php" line="76" class="Tests\Feature\Playground\Site\Blade\Http\Controllers\Laravel\PublicSitemapRouteTest" classname="Tests.Feature.Playground.Site.Blade.Http.Controllers.Laravel.PublicSitemapRouteTest" assertions="2" time="0.147790"/>
        <testcase name="test_as_user_and_fail_when_disabled_for_all_and_no_redirect" file="/app/vendor/gammamatrix/playground-site-blade/tests/Feature/Http/Controllers/Laravel/PublicSitemapRouteTest.php" line="89" class="Tests\Feature\Playground\Site\Blade\Http\Controllers\Laravel\PublicSitemapRouteTest" classname="Tests.Feature.Playground.Site.Blade.Http.Controllers.Laravel.PublicSitemapRouteTest" assertions="1" time="0.148997"/>
        <testcase name="test_as_admin_and_succeed" file="/app/vendor/gammamatrix/playground-site-blade/tests/Feature/Http/Controllers/Laravel/PublicSitemapRouteTest.php" line="102" class="Tests\Feature\Playground\Site\Blade\Http\Controllers\Laravel\PublicSitemapRouteTest" classname="Tests.Feature.Playground.Site.Blade.Http.Controllers.Laravel.PublicSitemapRouteTest" assertions="1" time="0.156113"/>
        <testcase name="test_as_user_and_succeed_with_package_sitemaps" file="/app/vendor/gammamatrix/playground-site-blade/tests/Feature/Http/Controllers/Laravel/PublicSitemapRouteTest.php" line="115" class="Tests\Feature\Playground\Site\Blade\Http\Controllers\Laravel\PublicSitemapRouteTest" classname="Tests.Feature.Playground.Site.Blade.Http.Controllers.Laravel.PublicSitemapRouteTest" assertions="1" time="0.156023"/>
      </testsuite>
      <testsuite name="Tests\Feature\Playground\Site\Blade\Http\Controllers\Laravel\ThemeRouteTest" file="/app/vendor/gammamatrix/playground-site-blade/tests/Feature/Http/Controllers/Laravel/ThemeRouteTest.php" tests="4" assertions="7" errors="0" failures="0" skipped="0" time="0.606197">
        <testcase name="test_as_guest_and_succeed" file="/app/vendor/gammamatrix/playground-site-blade/tests/Feature/Http/Controllers/Laravel/ThemeRouteTest.php" line="23" class="Tests\Feature\Playground\Site\Blade\Http\Controllers\Laravel\ThemeRouteTest" classname="Tests.Feature.Playground.Site.Blade.Http.Controllers.Laravel.ThemeRouteTest" assertions="2" time="0.145322"/>
        <testcase name="test_as_guest_with_preview_and_succeed" file="/app/vendor/gammamatrix/playground-site-blade/tests/Feature/Http/Controllers/Laravel/ThemeRouteTest.php" line="29" class="Tests\Feature\Playground\Site\Blade\Http\Controllers\Laravel\ThemeRouteTest" classname="Tests.Feature.Playground.Site.Blade.Http.Controllers.Laravel.ThemeRouteTest" assertions="1" time="0.157623"/>
        <testcase name="test_as_user_and_succeed" file="/app/vendor/gammamatrix/playground-site-blade/tests/Feature/Http/Controllers/Laravel/ThemeRouteTest.php" line="35" class="Tests\Feature\Playground\Site\Blade\Http\Controllers\Laravel\ThemeRouteTest" classname="Tests.Feature.Playground.Site.Blade.Http.Controllers.Laravel.ThemeRouteTest" assertions="2" time="0.153620"/>
        <testcase name="test_as_admin_and_succeed_with_theme_and_redirect" file="/app/vendor/gammamatrix/playground-site-blade/tests/Feature/Http/Controllers/Laravel/ThemeRouteTest.php" line="47" class="Tests\Feature\Playground\Site\Blade\Http\Controllers\Laravel\ThemeRouteTest" classname="Tests.Feature.Playground.Site.Blade.Http.Controllers.Laravel.ThemeRouteTest" assertions="2" time="0.149632"/>
      </testsuite>
      <testsuite name="Tests\Feature\Playground\Site\Blade\Http\Controllers\Laravel\UserDashboardRouteTest" file="/app/vendor/gammamatrix/playground-site-blade/tests/Feature/Http/Controllers/Laravel/UserDashboardRouteTest.php" tests="8" assertions="16" errors="0" failures="0" skipped="0" time="1.183772">
        <testcase name="test_as_guest_and_fail_when_disabled_for_guest_and_no_redirect_with_auth_middleware" file="/app/vendor/gammamatrix/playground-site-blade/tests/Feature/Http/Controllers/Laravel/UserDashboardRouteTest.php" line="22" class="Tests\Feature\Playground\Site\Blade\Http\Controllers\Laravel\UserDashboardRouteTest" classname="Tests.Feature.Playground.Site.Blade.Http.Controllers.Laravel.UserDashboardRouteTest" assertions="3" time="0.144481"/>
        <testcase name="test_as_guest_and_redirect" file="/app/vendor/gammamatrix/playground-site-blade/tests/Feature/Http/Controllers/Laravel/UserDashboardRouteTest.php" line="35" class="Tests\Feature\Playground\Site\Blade\Http\Controllers\Laravel\UserDashboardRouteTest" classname="Tests.Feature.Playground.Site.Blade.Http.Controllers.Laravel.UserDashboardRouteTest" assertions="3" time="0.142458"/>
        <testcase name="test_as_guest_and_redirect_when_disabled_for_guest" file="/app/vendor/gammamatrix/playground-site-blade/tests/Feature/Http/Controllers/Laravel/UserDashboardRouteTest.php" line="43" class="Tests\Feature\Playground\Site\Blade\Http\Controllers\Laravel\UserDashboardRouteTest" classname="Tests.Feature.Playground.Site.Blade.Http.Controllers.Laravel.UserDashboardRouteTest" assertions="3" time="0.142823"/>
        <testcase name="test_as_guest_and_fail" file="/app/vendor/gammamatrix/playground-site-blade/tests/Feature/Http/Controllers/Laravel/UserDashboardRouteTest.php" line="55" class="Tests\Feature\Playground\Site\Blade\Http\Controllers\Laravel\UserDashboardRouteTest" classname="Tests.Feature.Playground.Site.Blade.Http.Controllers.Laravel.UserDashboardRouteTest" assertions="2" time="0.147783"/>
        <testcase name="test_as_user_and_succeed" file="/app/vendor/gammamatrix/playground-site-blade/tests/Feature/Http/Controllers/Laravel/UserDashboardRouteTest.php" line="68" class="Tests\Feature\Playground\Site\Blade\Http\Controllers\Laravel\UserDashboardRouteTest" classname="Tests.Feature.Playground.Site.Blade.Http.Controllers.Laravel.UserDashboardRouteTest" assertions="1" time="0.158179"/>
        <testcase name="test_as_user_and_fail_when_disabled_for_all" file="/app/vendor/gammamatrix/playground-site-blade/tests/Feature/Http/Controllers/Laravel/UserDashboardRouteTest.php" line="82" class="Tests\Feature\Playground\Site\Blade\Http\Controllers\Laravel\UserDashboardRouteTest" classname="Tests.Feature.Playground.Site.Blade.Http.Controllers.Laravel.UserDashboardRouteTest" assertions="2" time="0.146472"/>
        <testcase name="test_as_user_and_fail_when_disabled_for_all_and_no_redirect" file="/app/vendor/gammamatrix/playground-site-blade/tests/Feature/Http/Controllers/Laravel/UserDashboardRouteTest.php" line="95" class="Tests\Feature\Playground\Site\Blade\Http\Controllers\Laravel\UserDashboardRouteTest" classname="Tests.Feature.Playground.Site.Blade.Http.Controllers.Laravel.UserDashboardRouteTest" assertions="1" time="0.153707"/>
        <testcase name="test_json_as_admin_and_succeed" file="/app/vendor/gammamatrix/playground-site-blade/tests/Feature/Http/Controllers/Laravel/UserDashboardRouteTest.php" line="108" class="Tests\Feature\Playground\Site\Blade\Http\Controllers\Laravel\UserDashboardRouteTest" classname="Tests.Feature.Playground.Site.Blade.Http.Controllers.Laravel.UserDashboardRouteTest" assertions="1" time="0.147870"/>
      </testsuite>
      <testsuite name="Tests\Feature\Playground\Site\Blade\Http\Controllers\Laravel\UserHomeRouteTest" file="/app/vendor/gammamatrix/playground-site-blade/tests/Feature/Http/Controllers/Laravel/UserHomeRouteTest.php" tests="4" assertions="7" errors="0" failures="0" skipped="0" time="0.628404">
        <testcase name="test_route_home_as_guest_and_fail" file="/app/vendor/gammamatrix/playground-site-blade/tests/Feature/Http/Controllers/Laravel/UserHomeRouteTest.php" line="22" class="Tests\Feature\Playground\Site\Blade\Http\Controllers\Laravel\UserHomeRouteTest" classname="Tests.Feature.Playground.Site.Blade.Http.Controllers.Laravel.UserHomeRouteTest" assertions="3" time="0.143433"/>
        <testcase name="test_route_json_home_as_guest_and_fail" file="/app/vendor/gammamatrix/playground-site-blade/tests/Feature/Http/Controllers/Laravel/UserHomeRouteTest.php" line="30" class="Tests\Feature\Playground\Site\Blade\Http\Controllers\Laravel\UserHomeRouteTest" classname="Tests.Feature.Playground.Site.Blade.Http.Controllers.Laravel.UserHomeRouteTest" assertions="2" time="0.143405"/>
        <testcase name="test_route_home_as_user_admin_and_succeed" file="/app/vendor/gammamatrix/playground-site-blade/tests/Feature/Http/Controllers/Laravel/UserHomeRouteTest.php" line="40" class="Tests\Feature\Playground\Site\Blade\Http\Controllers\Laravel\UserHomeRouteTest" classname="Tests.Feature.Playground.Site.Blade.Http.Controllers.Laravel.UserHomeRouteTest" assertions="1" time="0.176670"/>
        <testcase name="test_route_json_home_as_admin_and_succeed" file="/app/vendor/gammamatrix/playground-site-blade/tests/Feature/Http/Controllers/Laravel/UserHomeRouteTest.php" line="50" class="Tests\Feature\Playground\Site\Blade\Http\Controllers\Laravel\UserHomeRouteTest" classname="Tests.Feature.Playground.Site.Blade.Http.Controllers.Laravel.UserHomeRouteTest" assertions="1" time="0.164896"/>
      </testsuite>
      <testsuite name="Tests\Feature\Playground\Site\Blade\Http\Controllers\Laravel\UserSitemapRouteTest" file="/app/vendor/gammamatrix/playground-site-blade/tests/Feature/Http/Controllers/Laravel/UserSitemapRouteTest.php" tests="9" assertions="12" errors="0" failures="0" skipped="0" time="1.366068">
        <testcase name="test_route_sitemap_as_guest_and_fail_when_disabled_for_guest_and_no_redirect" file="/app/vendor/gammamatrix/playground-site-blade/tests/Feature/Http/Controllers/Laravel/UserSitemapRouteTest.php" line="34" class="Tests\Feature\Playground\Site\Blade\Http\Controllers\Laravel\UserSitemapRouteTest" classname="Tests.Feature.Playground.Site.Blade.Http.Controllers.Laravel.UserSitemapRouteTest" assertions="1" time="0.143129"/>
        <testcase name="test_route_sitemap_as_guest_and_redirect_when_disabled_for_all" file="/app/vendor/gammamatrix/playground-site-blade/tests/Feature/Http/Controllers/Laravel/UserSitemapRouteTest.php" line="44" class="Tests\Feature\Playground\Site\Blade\Http\Controllers\Laravel\UserSitemapRouteTest" classname="Tests.Feature.Playground.Site.Blade.Http.Controllers.Laravel.UserSitemapRouteTest" assertions="2" time="0.143332"/>
        <testcase name="test_route_sitemap_as_guest_and_redirect_when_disabled_for_guest" file="/app/vendor/gammamatrix/playground-site-blade/tests/Feature/Http/Controllers/Laravel/UserSitemapRouteTest.php" line="53" class="Tests\Feature\Playground\Site\Blade\Http\Controllers\Laravel\UserSitemapRouteTest" classname="Tests.Feature.Playground.Site.Blade.Http.Controllers.Laravel.UserSitemapRouteTest" assertions="2" time="0.149403"/>
        <testcase name="test_route_json_sitemap_as_guest_and_fail" file="/app/vendor/gammamatrix/playground-site-blade/tests/Feature/Http/Controllers/Laravel/UserSitemapRouteTest.php" line="63" class="Tests\Feature\Playground\Site\Blade\Http\Controllers\Laravel\UserSitemapRouteTest" classname="Tests.Feature.Playground.Site.Blade.Http.Controllers.Laravel.UserSitemapRouteTest" assertions="1" time="0.154197"/>
        <testcase name="test_route_sitemap_as_user_and_succeed" file="/app/vendor/gammamatrix/playground-site-blade/tests/Feature/Http/Controllers/Laravel/UserSitemapRouteTest.php" line="73" class="Tests\Feature\Playground\Site\Blade\Http\Controllers\Laravel\UserSitemapRouteTest" classname="Tests.Feature.Playground.Site.Blade.Http.Controllers.Laravel.UserSitemapRouteTest" assertions="1" time="0.162381"/>
        <testcase name="test_route_sitemap_as_support_and_fail_when_disabled_for_all" file="/app/vendor/gammamatrix/playground-site-blade/tests/Feature/Http/Controllers/Laravel/UserSitemapRouteTest.php" line="87" class="Tests\Feature\Playground\Site\Blade\Http\Controllers\Laravel\UserSitemapRouteTest" classname="Tests.Feature.Playground.Site.Blade.Http.Controllers.Laravel.UserSitemapRouteTest" assertions="2" time="0.147877"/>
        <testcase name="test_route_sitemap_as_user_and_fail_when_disabled_for_all_and_no_redirect" file="/app/vendor/gammamatrix/playground-site-blade/tests/Feature/Http/Controllers/Laravel/UserSitemapRouteTest.php" line="100" class="Tests\Feature\Playground\Site\Blade\Http\Controllers\Laravel\UserSitemapRouteTest" classname="Tests.Feature.Playground.Site.Blade.Http.Controllers.Laravel.UserSitemapRouteTest" assertions="1" time="0.151867"/>
        <testcase name="test_route_json_sitemap_as_admin_and_succeed" file="/app/vendor/gammamatrix/playground-site-blade/tests/Feature/Http/Controllers/Laravel/UserSitemapRouteTest.php" line="113" class="Tests\Feature\Playground\Site\Blade\Http\Controllers\Laravel\UserSitemapRouteTest" classname="Tests.Feature.Playground.Site.Blade.Http.Controllers.Laravel.UserSitemapRouteTest" assertions="1" time="0.156712"/>
        <testcase name="test_route_sitemap_as_user_and_succeed_with_package_sitemaps" file="/app/vendor/gammamatrix/playground-site-blade/tests/Feature/Http/Controllers/Laravel/UserSitemapRouteTest.php" line="128" class="Tests\Feature\Playground\Site\Blade\Http\Controllers\Laravel\UserSitemapRouteTest" classname="Tests.Feature.Playground.Site.Blade.Http.Controllers.Laravel.UserSitemapRouteTest" assertions="1" time="0.157168"/>
      </testsuite>
      <testsuite name="Tests\Feature\Playground\Site\Blade\Http\Controllers\Laravel\WelcomeRouteTest" file="/app/vendor/gammamatrix/playground-site-blade/tests/Feature/Http/Controllers/Laravel/WelcomeRouteTest.php" tests="4" assertions="4" errors="0" failures="0" skipped="0" time="0.608075">
        <testcase name="test_as_guest_and_succeed" file="/app/vendor/gammamatrix/playground-site-blade/tests/Feature/Http/Controllers/Laravel/WelcomeRouteTest.php" line="22" class="Tests\Feature\Playground\Site\Blade\Http\Controllers\Laravel\WelcomeRouteTest" classname="Tests.Feature.Playground.Site.Blade.Http.Controllers.Laravel.WelcomeRouteTest" assertions="1" time="0.160063"/>
        <testcase name="test_json_as_guest_and_succeed" file="/app/vendor/gammamatrix/playground-site-blade/tests/Feature/Http/Controllers/Laravel/WelcomeRouteTest.php" line="28" class="Tests\Feature\Playground\Site\Blade\Http\Controllers\Laravel\WelcomeRouteTest" classname="Tests.Feature.Playground.Site.Blade.Http.Controllers.Laravel.WelcomeRouteTest" assertions="1" time="0.147769"/>
        <testcase name="test_as_user_and_succeed" file="/app/vendor/gammamatrix/playground-site-blade/tests/Feature/Http/Controllers/Laravel/WelcomeRouteTest.php" line="34" class="Tests\Feature\Playground\Site\Blade\Http\Controllers\Laravel\WelcomeRouteTest" classname="Tests.Feature.Playground.Site.Blade.Http.Controllers.Laravel.WelcomeRouteTest" assertions="1" time="0.152077"/>
        <testcase name="test_json_as_manager_admin_and_succeed" file="/app/vendor/gammamatrix/playground-site-blade/tests/Feature/Http/Controllers/Laravel/WelcomeRouteTest.php" line="44" class="Tests\Feature\Playground\Site\Blade\Http\Controllers\Laravel\WelcomeRouteTest" classname="Tests.Feature.Playground.Site.Blade.Http.Controllers.Laravel.WelcomeRouteTest" assertions="1" time="0.148165"/>
      </testsuite>
      <testsuite name="Tests\Feature\Playground\Site\Blade\Http\Controllers\Playground\AboutRouteTest" file="/app/vendor/gammamatrix/playground-site-blade/tests/Feature/Http/Controllers/Playground/AboutRouteTest.php" tests="10" assertions="16" errors="0" failures="0" skipped="0" time="1.650949">
        <testcase name="test_as_guest_and_succeed" file="/app/vendor/gammamatrix/playground-site-blade/tests/Feature/Http/Controllers/Playground/AboutRouteTest.php" line="23" class="Tests\Feature\Playground\Site\Blade\Http\Controllers\Playground\AboutRouteTest" classname="Tests.Feature.Playground.Site.Blade.Http.Controllers.Playground.AboutRouteTest" assertions="1" time="0.161717"/>
        <testcase name="test_json_as_guest_and_succeed" file="/app/vendor/gammamatrix/playground-site-blade/tests/Feature/Http/Controllers/Playground/AboutRouteTest.php" line="29" class="Tests\Feature\Playground\Site\Blade\Http\Controllers\Playground\AboutRouteTest" classname="Tests.Feature.Playground.Site.Blade.Http.Controllers.Playground.AboutRouteTest" assertions="1" time="0.151395"/>
        <testcase name="test_as_user_and_succeed" file="/app/vendor/gammamatrix/playground-site-blade/tests/Feature/Http/Controllers/Playground/AboutRouteTest.php" line="35" class="Tests\Feature\Playground\Site\Blade\Http\Controllers\Playground\AboutRouteTest" classname="Tests.Feature.Playground.Site.Blade.Http.Controllers.Playground.AboutRouteTest" assertions="1" time="0.171032"/>
        <testcase name="test_json_as_user_and_succeed" file="/app/vendor/gammamatrix/playground-site-blade/tests/Feature/Http/Controllers/Playground/AboutRouteTest.php" line="45" class="Tests\Feature\Playground\Site\Blade\Http\Controllers\Playground\AboutRouteTest" classname="Tests.Feature.Playground.Site.Blade.Http.Controllers.Playground.AboutRouteTest" assertions="1" time="0.162233"/>
        <testcase name="test_as_client_and_succeed" file="/app/vendor/gammamatrix/playground-site-blade/tests/Feature/Http/Controllers/Playground/AboutRouteTest.php" line="55" class="Tests\Feature\Playground\Site\Blade\Http\Controllers\Playground\AboutRouteTest" classname="Tests.Feature.Playground.Site.Blade.Http.Controllers.Playground.AboutRouteTest" assertions="2" time="0.176788"/>
        <testcase name="test_json_as_client_and_succeed" file="/app/vendor/gammamatrix/playground-site-blade/tests/Feature/Http/Controllers/Playground/AboutRouteTest.php" line="66" class="Tests\Feature\Playground\Site\Blade\Http\Controllers\Playground\AboutRouteTest" classname="Tests.Feature.Playground.Site.Blade.Http.Controllers.Playground.AboutRouteTest" assertions="2" time="0.164746"/>
        <testcase name="test_as_manager_and_succeed" file="/app/vendor/gammamatrix/playground-site-blade/tests/Feature/Http/Controllers/Playground/AboutRouteTest.php" line="77" class="Tests\Feature\Playground\Site\Blade\Http\Controllers\Playground\AboutRouteTest" classname="Tests.Feature.Playground.Site.Blade.Http.Controllers.Playground.AboutRouteTest" assertions="2" time="0.171198"/>
        <testcase name="test_json_as_manager_and_succeed" file="/app/vendor/gammamatrix/playground-site-blade/tests/Feature/Http/Controllers/Playground/AboutRouteTest.php" line="88" class="Tests\Feature\Playground\Site\Blade\Http\Controllers\Playground\AboutRouteTest" classname="Tests.Feature.Playground.Site.Blade.Http.Controllers.Playground.AboutRouteTest" assertions="2" time="0.159233"/>
        <testcase name="test_as_admin_and_succeed" file="/app/vendor/gammamatrix/playground-site-blade/tests/Feature/Http/Controllers/Playground/AboutRouteTest.php" line="99" class="Tests\Feature\Playground\Site\Blade\Http\Controllers\Playground\AboutRouteTest" classname="Tests.Feature.Playground.Site.Blade.Http.Controllers.Playground.AboutRouteTest" assertions="2" time="0.172176"/>
        <testcase name="test_json_as_admin_and_succeed" file="/app/vendor/gammamatrix/playground-site-blade/tests/Feature/Http/Controllers/Playground/AboutRouteTest.php" line="110" class="Tests\Feature\Playground\Site\Blade\Http\Controllers\Playground\AboutRouteTest" classname="Tests.Feature.Playground.Site.Blade.Http.Controllers.Playground.AboutRouteTest" assertions="2" time="0.160431"/>
      </testsuite>
      <testsuite name="Tests\Feature\Playground\Site\Blade\Http\Controllers\Playground\BootstrapRouteTest" file="/app/vendor/gammamatrix/playground-site-blade/tests/Feature/Http/Controllers/Playground/BootstrapRouteTest.php" tests="4" assertions="4" errors="0" failures="0" skipped="0" time="0.681161">
        <testcase name="test_as_guest_and_succeed" file="/app/vendor/gammamatrix/playground-site-blade/tests/Feature/Http/Controllers/Playground/BootstrapRouteTest.php" line="23" class="Tests\Feature\Playground\Site\Blade\Http\Controllers\Playground\BootstrapRouteTest" classname="Tests.Feature.Playground.Site.Blade.Http.Controllers.Playground.BootstrapRouteTest" assertions="1" time="0.170590"/>
        <testcase name="test_json_as_guest_and_succeed" file="/app/vendor/gammamatrix/playground-site-blade/tests/Feature/Http/Controllers/Playground/BootstrapRouteTest.php" line="29" class="Tests\Feature\Playground\Site\Blade\Http\Controllers\Playground\BootstrapRouteTest" classname="Tests.Feature.Playground.Site.Blade.Http.Controllers.Playground.BootstrapRouteTest" assertions="1" time="0.162925"/>
        <testcase name="test_as_wheel_and_succeed" file="/app/vendor/gammamatrix/playground-site-blade/tests/Feature/Http/Controllers/Playground/BootstrapRouteTest.php" line="35" class="Tests\Feature\Playground\Site\Blade\Http\Controllers\Playground\BootstrapRouteTest" classname="Tests.Feature.Playground.Site.Blade.Http.Controllers.Playground.BootstrapRouteTest" assertions="1" time="0.171151"/>
        <testcase name="test_json_as_wheel_and_succeed" file="/app/vendor/gammamatrix/playground-site-blade/tests/Feature/Http/Controllers/Playground/BootstrapRouteTest.php" line="45" class="Tests\Feature\Playground\Site\Blade\Http\Controllers\Playground\BootstrapRouteTest" classname="Tests.Feature.Playground.Site.Blade.Http.Controllers.Playground.BootstrapRouteTest" assertions="1" time="0.176496"/>
      </testsuite>
      <testsuite name="Tests\Feature\Playground\Site\Blade\Http\Controllers\Playground\PublicDashboardRouteTest" file="/app/vendor/gammamatrix/playground-site-blade/tests/Feature/Http/Controllers/Playground/PublicDashboardRouteTest.php" tests="4" assertions="6" errors="0" failures="0" skipped="0" time="0.624361">
        <testcase name="test_as_guest_and_fail_when_disabled_for_guest_and_no_redirect" file="/app/vendor/gammamatrix/playground-site-blade/tests/Feature/Http/Controllers/Playground/PublicDashboardRouteTest.php" line="34" class="Tests\Feature\Playground\Site\Blade\Http\Controllers\Playground\PublicDashboardRouteTest" classname="Tests.Feature.Playground.Site.Blade.Http.Controllers.Playground.PublicDashboardRouteTest" assertions="1" time="0.154768"/>
        <testcase name="test_as_guest_and_redirect_when_disabled_for_all" file="/app/vendor/gammamatrix/playground-site-blade/tests/Feature/Http/Controllers/Playground/PublicDashboardRouteTest.php" line="47" class="Tests\Feature\Playground\Site\Blade\Http\Controllers\Playground\PublicDashboardRouteTest" classname="Tests.Feature.Playground.Site.Blade.Http.Controllers.Playground.PublicDashboardRouteTest" assertions="2" time="0.154755"/>
        <testcase name="test_as_guest_and_redirect_when_disabled_for_guest" file="/app/vendor/gammamatrix/playground-site-blade/tests/Feature/Http/Controllers/Playground/PublicDashboardRouteTest.php" line="56" class="Tests\Feature\Playground\Site\Blade\Http\Controllers\Playground\PublicDashboardRouteTest" classname="Tests.Feature.Playground.Site.Blade.Http.Controllers.Playground.PublicDashboardRouteTest" assertions="2" time="0.162146"/>
        <testcase name="test_as_guest_and_succeed" file="/app/vendor/gammamatrix/playground-site-blade/tests/Feature/Http/Controllers/Playground/PublicDashboardRouteTest.php" line="66" class="Tests\Feature\Playground\Site\Blade\Http\Controllers\Playground\PublicDashboardRouteTest" classname="Tests.Feature.Playground.Site.Blade.Http.Controllers.Playground.PublicDashboardRouteTest" assertions="1" time="0.152692"/>
      </testsuite>
      <testsuite name="Tests\Feature\Playground\Site\Blade\Http\Controllers\Playground\PublicHomeRouteTest" file="/app/vendor/gammamatrix/playground-site-blade/tests/Feature/Http/Controllers/Playground/PublicHomeRouteTest.php" tests="4" assertions="4" errors="0" failures="0" skipped="0" time="0.647573">
        <testcase name="test_as_guest_and_succeed" file="/app/vendor/gammamatrix/playground-site-blade/tests/Feature/Http/Controllers/Playground/PublicHomeRouteTest.php" line="34" class="Tests\Feature\Playground\Site\Blade\Http\Controllers\Playground\PublicHomeRouteTest" classname="Tests.Feature.Playground.Site.Blade.Http.Controllers.Playground.PublicHomeRouteTest" assertions="1" time="0.160528"/>
        <testcase name="test_json_as_guest_and_succeed" file="/app/vendor/gammamatrix/playground-site-blade/tests/Feature/Http/Controllers/Playground/PublicHomeRouteTest.php" line="40" class="Tests\Feature\Playground\Site\Blade\Http\Controllers\Playground\PublicHomeRouteTest" classname="Tests.Feature.Playground.Site.Blade.Http.Controllers.Playground.PublicHomeRouteTest" assertions="1" time="0.150942"/>
        <testcase name="test_as_admin_and_succeed" file="/app/vendor/gammamatrix/playground-site-blade/tests/Feature/Http/Controllers/Playground/PublicHomeRouteTest.php" line="46" class="Tests\Feature\Playground\Site\Blade\Http\Controllers\Playground\PublicHomeRouteTest" classname="Tests.Feature.Playground.Site.Blade.Http.Controllers.Playground.PublicHomeRouteTest" assertions="1" time="0.170477"/>
        <testcase name="test_json_as_admin_and_succeed" file="/app/vendor/gammamatrix/playground-site-blade/tests/Feature/Http/Controllers/Playground/PublicHomeRouteTest.php" line="56" class="Tests\Feature\Playground\Site\Blade\Http\Controllers\Playground\PublicHomeRouteTest" classname="Tests.Feature.Playground.Site.Blade.Http.Controllers.Playground.PublicHomeRouteTest" assertions="1" time="0.165626"/>
      </testsuite>
      <testsuite name="Tests\Feature\Playground\Site\Blade\Http\Controllers\Playground\PublicSitemapRouteTest" file="/app/vendor/gammamatrix/playground-site-blade/tests/Feature/Http/Controllers/Playground/PublicSitemapRouteTest.php" tests="9" assertions="12" errors="0" failures="0" skipped="0" time="1.481353">
        <testcase name="test_as_guest_and_fail_when_disabled_for_guest_and_no_redirect" file="/app/vendor/gammamatrix/playground-site-blade/tests/Feature/Http/Controllers/Playground/PublicSitemapRouteTest.php" line="23" class="Tests\Feature\Playground\Site\Blade\Http\Controllers\Playground\PublicSitemapRouteTest" classname="Tests.Feature.Playground.Site.Blade.Http.Controllers.Playground.PublicSitemapRouteTest" assertions="1" time="0.164020"/>
        <testcase name="test_as_guest_and_redirect_when_disabled_for_all" file="/app/vendor/gammamatrix/playground-site-blade/tests/Feature/Http/Controllers/Playground/PublicSitemapRouteTest.php" line="33" class="Tests\Feature\Playground\Site\Blade\Http\Controllers\Playground\PublicSitemapRouteTest" classname="Tests.Feature.Playground.Site.Blade.Http.Controllers.Playground.PublicSitemapRouteTest" assertions="2" time="0.153091"/>
        <testcase name="test_as_guest_and_redirect_when_disabled_for_guest" file="/app/vendor/gammamatrix/playground-site-blade/tests/Feature/Http/Controllers/Playground/PublicSitemapRouteTest.php" line="42" class="Tests\Feature\Playground\Site\Blade\Http\Controllers\Playground\PublicSitemapRouteTest" classname="Tests.Feature.Playground.Site.Blade.Http.Controllers.Playground.PublicSitemapRouteTest" assertions="2" time="0.152950"/>
        <testcase name="test_as_guest_and_succeed" file="/app/vendor/gammamatrix/playground-site-blade/tests/Feature/Http/Controllers/Playground/PublicSitemapRouteTest.php" line="52" class="Tests\Feature\Playground\Site\Blade\Http\Controllers\Playground\PublicSitemapRouteTest" classname="Tests.Feature.Playground.Site.Blade.Http.Controllers.Playground.PublicSitemapRouteTest" assertions="1" time="0.161194"/>
        <testcase name="test_as_user_and_succeed" file="/app/vendor/gammamatrix/playground-site-blade/tests/Feature/Http/Controllers/Playground/PublicSitemapRouteTest.php" line="62" class="Tests\Feature\Playground\Site\Blade\Http\Controllers\Playground\PublicSitemapRouteTest" classname="Tests.Feature.Playground.Site.Blade.Http.Controllers.Playground.PublicSitemapRouteTest" assertions="1" time="0.171236"/>
        <testcase name="test_as_support_and_fail_when_disabled_for_all" file="/app/vendor/gammamatrix/playground-site-blade/tests/Feature/Http/Controllers/Playground/PublicSitemapRouteTest.php" line="76" class="Tests\Feature\Playground\Site\Blade\Http\Controllers\Playground\PublicSitemapRouteTest" classname="Tests.Feature.Playground.Site.Blade.Http.Controllers.Playground.PublicSitemapRouteTest" assertions="2" time="0.162884"/>
        <testcase name="test_as_user_and_fail_when_disabled_for_all_and_no_redirect" file="/app/vendor/gammamatrix/playground-site-blade/tests/Feature/Http/Controllers/Playground/PublicSitemapRouteTest.php" line="89" class="Tests\Feature\Playground\Site\Blade\Http\Controllers\Playground\PublicSitemapRouteTest" classname="Tests.Feature.Playground.Site.Blade.Http.Controllers.Playground.PublicSitemapRouteTest" assertions="1" time="0.165797"/>
        <testcase name="test_as_admin_and_succeed" file="/app/vendor/gammamatrix/playground-site-blade/tests/Feature/Http/Controllers/Playground/PublicSitemapRouteTest.php" line="102" class="Tests\Feature\Playground\Site\Blade\Http\Controllers\Playground\PublicSitemapRouteTest" classname="Tests.Feature.Playground.Site.Blade.Http.Controllers.Playground.PublicSitemapRouteTest" assertions="1" time="0.176815"/>
        <testcase name="test_as_user_and_succeed_with_package_sitemaps" file="/app/vendor/gammamatrix/playground-site-blade/tests/Feature/Http/Controllers/Playground/PublicSitemapRouteTest.php" line="115" class="Tests\Feature\Playground\Site\Blade\Http\Controllers\Playground\PublicSitemapRouteTest" classname="Tests.Feature.Playground.Site.Blade.Http.Controllers.Playground.PublicSitemapRouteTest" assertions="1" time="0.173365"/>
      </testsuite>
      <testsuite name="Tests\Feature\Playground\Site\Blade\Http\Controllers\Playground\ThemeRouteTest" file="/app/vendor/gammamatrix/playground-site-blade/tests/Feature/Http/Controllers/Playground/ThemeRouteTest.php" tests="4" assertions="7" errors="0" failures="0" skipped="0" time="0.653583">
        <testcase name="test_as_guest_and_succeed" file="/app/vendor/gammamatrix/playground-site-blade/tests/Feature/Http/Controllers/Playground/ThemeRouteTest.php" line="23" class="Tests\Feature\Playground\Site\Blade\Http\Controllers\Playground\ThemeRouteTest" classname="Tests.Feature.Playground.Site.Blade.Http.Controllers.Playground.ThemeRouteTest" assertions="2" time="0.155589"/>
        <testcase name="test_as_guest_with_preview_and_succeed" file="/app/vendor/gammamatrix/playground-site-blade/tests/Feature/Http/Controllers/Playground/ThemeRouteTest.php" line="29" class="Tests\Feature\Playground\Site\Blade\Http\Controllers\Playground\ThemeRouteTest" classname="Tests.Feature.Playground.Site.Blade.Http.Controllers.Playground.ThemeRouteTest" assertions="1" time="0.163424"/>
        <testcase name="test_as_user_and_succeed" file="/app/vendor/gammamatrix/playground-site-blade/tests/Feature/Http/Controllers/Playground/ThemeRouteTest.php" line="35" class="Tests\Feature\Playground\Site\Blade\Http\Controllers\Playground\ThemeRouteTest" classname="Tests.Feature.Playground.Site.Blade.Http.Controllers.Playground.ThemeRouteTest" assertions="2" time="0.162307"/>
        <testcase name="test_as_admin_and_succeed_with_theme_and_redirect" file="/app/vendor/gammamatrix/playground-site-blade/tests/Feature/Http/Controllers/Playground/ThemeRouteTest.php" line="47" class="Tests\Feature\Playground\Site\Blade\Http\Controllers\Playground\ThemeRouteTest" classname="Tests.Feature.Playground.Site.Blade.Http.Controllers.Playground.ThemeRouteTest" assertions="2" time="0.172263"/>
      </testsuite>
      <testsuite name="Tests\Feature\Playground\Site\Blade\Http\Controllers\Playground\UserDashboardRouteTest" file="/app/vendor/gammamatrix/playground-site-blade/tests/Feature/Http/Controllers/Playground/UserDashboardRouteTest.php" tests="8" assertions="16" errors="0" failures="0" skipped="0" time="1.281472">
        <testcase name="test_as_guest_and_fail_when_disabled_for_guest_and_no_redirect_with_auth_middleware" file="/app/vendor/gammamatrix/playground-site-blade/tests/Feature/Http/Controllers/Playground/UserDashboardRouteTest.php" line="22" class="Tests\Feature\Playground\Site\Blade\Http\Controllers\Playground\UserDashboardRouteTest" classname="Tests.Feature.Playground.Site.Blade.Http.Controllers.Playground.UserDashboardRouteTest" assertions="3" time="0.152764"/>
        <testcase name="test_as_guest_and_redirect" file="/app/vendor/gammamatrix/playground-site-blade/tests/Feature/Http/Controllers/Playground/UserDashboardRouteTest.php" line="35" class="Tests\Feature\Playground\Site\Blade\Http\Controllers\Playground\UserDashboardRouteTest" classname="Tests.Feature.Playground.Site.Blade.Http.Controllers.Playground.UserDashboardRouteTest" assertions="3" time="0.151686"/>
        <testcase name="test_as_guest_and_redirect_when_disabled_for_guest" file="/app/vendor/gammamatrix/playground-site-blade/tests/Feature/Http/Controllers/Playground/UserDashboardRouteTest.php" line="43" class="Tests\Feature\Playground\Site\Blade\Http\Controllers\Playground\UserDashboardRouteTest" classname="Tests.Feature.Playground.Site.Blade.Http.Controllers.Playground.UserDashboardRouteTest" assertions="3" time="0.156920"/>
        <testcase name="test_as_guest_and_fail" file="/app/vendor/gammamatrix/playground-site-blade/tests/Feature/Http/Controllers/Playground/UserDashboardRouteTest.php" line="55" class="Tests\Feature\Playground\Site\Blade\Http\Controllers\Playground\UserDashboardRouteTest" classname="Tests.Feature.Playground.Site.Blade.Http.Controllers.Playground.UserDashboardRouteTest" assertions="2" time="0.155369"/>
        <testcase name="test_as_user_and_succeed" file="/app/vendor/gammamatrix/playground-site-blade/tests/Feature/Http/Controllers/Playground/UserDashboardRouteTest.php" line="68" class="Tests\Feature\Playground\Site\Blade\Http\Controllers\Playground\UserDashboardRouteTest" classname="Tests.Feature.Playground.Site.Blade.Http.Controllers.Playground.UserDashboardRouteTest" assertions="1" time="0.171082"/>
        <testcase name="test_as_user_and_fail_when_disabled_for_all" file="/app/vendor/gammamatrix/playground-site-blade/tests/Feature/Http/Controllers/Playground/UserDashboardRouteTest.php" line="82" class="Tests\Feature\Playground\Site\Blade\Http\Controllers\Playground\UserDashboardRouteTest" classname="Tests.Feature.Playground.Site.Blade.Http.Controllers.Playground.UserDashboardRouteTest" assertions="2" time="0.161616"/>
        <testcase name="test_as_user_and_fail_when_disabled_for_all_and_no_redirect" file="/app/vendor/gammamatrix/playground-site-blade/tests/Feature/Http/Controllers/Playground/UserDashboardRouteTest.php" line="95" class="Tests\Feature\Playground\Site\Blade\Http\Controllers\Playground\UserDashboardRouteTest" classname="Tests.Feature.Playground.Site.Blade.Http.Controllers.Playground.UserDashboardRouteTest" assertions="1" time="0.169996"/>
        <testcase name="test_json_as_admin_and_succeed" file="/app/vendor/gammamatrix/playground-site-blade/tests/Feature/Http/Controllers/Playground/UserDashboardRouteTest.php" line="108" class="Tests\Feature\Playground\Site\Blade\Http\Controllers\Playground\UserDashboardRouteTest" classname="Tests.Feature.Playground.Site.Blade.Http.Controllers.Playground.UserDashboardRouteTest" assertions="1" time="0.162039"/>
      </testsuite>
      <testsuite name="Tests\Feature\Playground\Site\Blade\Http\Controllers\Playground\UserHomeRouteTest" file="/app/vendor/gammamatrix/playground-site-blade/tests/Feature/Http/Controllers/Playground/UserHomeRouteTest.php" tests="4" assertions="7" errors="0" failures="0" skipped="0" time="0.638558">
        <testcase name="test_route_home_as_guest_and_fail" file="/app/vendor/gammamatrix/playground-site-blade/tests/Feature/Http/Controllers/Playground/UserHomeRouteTest.php" line="22" class="Tests\Feature\Playground\Site\Blade\Http\Controllers\Playground\UserHomeRouteTest" classname="Tests.Feature.Playground.Site.Blade.Http.Controllers.Playground.UserHomeRouteTest" assertions="3" time="0.150673"/>
        <testcase name="test_route_json_home_as_guest_and_fail" file="/app/vendor/gammamatrix/playground-site-blade/tests/Feature/Http/Controllers/Playground/UserHomeRouteTest.php" line="30" class="Tests\Feature\Playground\Site\Blade\Http\Controllers\Playground\UserHomeRouteTest" classname="Tests.Feature.Playground.Site.Blade.Http.Controllers.Playground.UserHomeRouteTest" assertions="2" time="0.152163"/>
        <testcase name="test_route_home_as_user_admin_and_succeed" file="/app/vendor/gammamatrix/playground-site-blade/tests/Feature/Http/Controllers/Playground/UserHomeRouteTest.php" line="40" class="Tests\Feature\Playground\Site\Blade\Http\Controllers\Playground\UserHomeRouteTest" classname="Tests.Feature.Playground.Site.Blade.Http.Controllers.Playground.UserHomeRouteTest" assertions="1" time="0.170937"/>
        <testcase name="test_route_json_home_as_admin_and_succeed" file="/app/vendor/gammamatrix/playground-site-blade/tests/Feature/Http/Controllers/Playground/UserHomeRouteTest.php" line="50" class="Tests\Feature\Playground\Site\Blade\Http\Controllers\Playground\UserHomeRouteTest" classname="Tests.Feature.Playground.Site.Blade.Http.Controllers.Playground.UserHomeRouteTest" assertions="1" time="0.164785"/>
      </testsuite>
      <testsuite name="Tests\Feature\Playground\Site\Blade\Http\Controllers\Playground\UserSitemapRouteTest" file="/app/vendor/gammamatrix/playground-site-blade/tests/Feature/Http/Controllers/Playground/UserSitemapRouteTest.php" tests="9" assertions="12" errors="0" failures="0" skipped="0" time="1.473266">
        <testcase name="test_route_sitemap_as_guest_and_fail_when_disabled_for_guest_and_no_redirect" file="/app/vendor/gammamatrix/playground-site-blade/tests/Feature/Http/Controllers/Playground/UserSitemapRouteTest.php" line="34" class="Tests\Feature\Playground\Site\Blade\Http\Controllers\Playground\UserSitemapRouteTest" classname="Tests.Feature.Playground.Site.Blade.Http.Controllers.Playground.UserSitemapRouteTest" assertions="1" time="0.157162"/>
        <testcase name="test_route_sitemap_as_guest_and_redirect_when_disabled_for_all" file="/app/vendor/gammamatrix/playground-site-blade/tests/Feature/Http/Controllers/Playground/UserSitemapRouteTest.php" line="44" class="Tests\Feature\Playground\Site\Blade\Http\Controllers\Playground\UserSitemapRouteTest" classname="Tests.Feature.Playground.Site.Blade.Http.Controllers.Playground.UserSitemapRouteTest" assertions="2" time="0.151060"/>
        <testcase name="test_route_sitemap_as_guest_and_redirect_when_disabled_for_guest" file="/app/vendor/gammamatrix/playground-site-blade/tests/Feature/Http/Controllers/Playground/UserSitemapRouteTest.php" line="53" class="Tests\Feature\Playground\Site\Blade\Http\Controllers\Playground\UserSitemapRouteTest" classname="Tests.Feature.Playground.Site.Blade.Http.Controllers.Playground.UserSitemapRouteTest" assertions="2" time="0.152939"/>
        <testcase name="test_route_json_sitemap_as_guest_and_fail" file="/app/vendor/gammamatrix/playground-site-blade/tests/Feature/Http/Controllers/Playground/UserSitemapRouteTest.php" line="63" class="Tests\Feature\Playground\Site\Blade\Http\Controllers\Playground\UserSitemapRouteTest" classname="Tests.Feature.Playground.Site.Blade.Http.Controllers.Playground.UserSitemapRouteTest" assertions="1" time="0.161919"/>
        <testcase name="test_route_sitemap_as_user_and_succeed" file="/app/vendor/gammamatrix/playground-site-blade/tests/Feature/Http/Controllers/Playground/UserSitemapRouteTest.php" line="73" class="Tests\Feature\Playground\Site\Blade\Http\Controllers\Playground\UserSitemapRouteTest" classname="Tests.Feature.Playground.Site.Blade.Http.Controllers.Playground.UserSitemapRouteTest" assertions="1" time="0.171337"/>
        <testcase name="test_route_sitemap_as_support_and_fail_when_disabled_for_all" file="/app/vendor/gammamatrix/playground-site-blade/tests/Feature/Http/Controllers/Playground/UserSitemapRouteTest.php" line="87" class="Tests\Feature\Playground\Site\Blade\Http\Controllers\Playground\UserSitemapRouteTest" classname="Tests.Feature.Playground.Site.Blade.Http.Controllers.Playground.UserSitemapRouteTest" assertions="2" time="0.160760"/>
        <testcase name="test_route_sitemap_as_user_and_fail_when_disabled_for_all_and_no_redirect" file="/app/vendor/gammamatrix/playground-site-blade/tests/Feature/Http/Controllers/Playground/UserSitemapRouteTest.php" line="100" class="Tests\Feature\Playground\Site\Blade\Http\Controllers\Playground\UserSitemapRouteTest" classname="Tests.Feature.Playground.Site.Blade.Http.Controllers.Playground.UserSitemapRouteTest" assertions="1" time="0.171886"/>
        <testcase name="test_route_json_sitemap_as_admin_and_succeed" file="/app/vendor/gammamatrix/playground-site-blade/tests/Feature/Http/Controllers/Playground/UserSitemapRouteTest.php" line="113" class="Tests\Feature\Playground\Site\Blade\Http\Controllers\Playground\UserSitemapRouteTest" classname="Tests.Feature.Playground.Site.Blade.Http.Controllers.Playground.UserSitemapRouteTest" assertions="1" time="0.175901"/>
        <testcase name="test_route_sitemap_as_user_and_succeed_with_package_sitemaps" file="/app/vendor/gammamatrix/playground-site-blade/tests/Feature/Http/Controllers/Playground/UserSitemapRouteTest.php" line="128" class="Tests\Feature\Playground\Site\Blade\Http\Controllers\Playground\UserSitemapRouteTest" classname="Tests.Feature.Playground.Site.Blade.Http.Controllers.Playground.UserSitemapRouteTest" assertions="1" time="0.170301"/>
      </testsuite>
      <testsuite name="Tests\Feature\Playground\Site\Blade\Http\Controllers\Playground\WelcomeRouteTest" file="/app/vendor/gammamatrix/playground-site-blade/tests/Feature/Http/Controllers/Playground/WelcomeRouteTest.php" tests="4" assertions="4" errors="0" failures="0" skipped="0" time="0.647032">
        <testcase name="test_as_guest_and_succeed" file="/app/vendor/gammamatrix/playground-site-blade/tests/Feature/Http/Controllers/Playground/WelcomeRouteTest.php" line="22" class="Tests\Feature\Playground\Site\Blade\Http\Controllers\Playground\WelcomeRouteTest" classname="Tests.Feature.Playground.Site.Blade.Http.Controllers.Playground.WelcomeRouteTest" assertions="1" time="0.164497"/>
        <testcase name="test_json_as_guest_and_succeed" file="/app/vendor/gammamatrix/playground-site-blade/tests/Feature/Http/Controllers/Playground/WelcomeRouteTest.php" line="28" class="Tests\Feature\Playground\Site\Blade\Http\Controllers\Playground\WelcomeRouteTest" classname="Tests.Feature.Playground.Site.Blade.Http.Controllers.Playground.WelcomeRouteTest" assertions="1" time="0.151406"/>
        <testcase name="test_as_user_and_succeed" file="/app/vendor/gammamatrix/playground-site-blade/tests/Feature/Http/Controllers/Playground/WelcomeRouteTest.php" line="34" class="Tests\Feature\Playground\Site\Blade\Http\Controllers\Playground\WelcomeRouteTest" classname="Tests.Feature.Playground.Site.Blade.Http.Controllers.Playground.WelcomeRouteTest" assertions="1" time="0.160503"/>
        <testcase name="test_json_as_manager_admin_and_succeed" file="/app/vendor/gammamatrix/playground-site-blade/tests/Feature/Http/Controllers/Playground/WelcomeRouteTest.php" line="44" class="Tests\Feature\Playground\Site\Blade\Http\Controllers\Playground\WelcomeRouteTest" classname="Tests.Feature.Playground.Site.Blade.Http.Controllers.Playground.WelcomeRouteTest" assertions="1" time="0.170626"/>
      </testsuite>
      <testsuite name="Tests\Feature\Playground\Test\Console\Commands\About\CommandTest" file="/app/vendor/gammamatrix/playground-test/tests/Feature/Console/Commands/About/CommandTest.php" tests="1" assertions="2" errors="0" failures="0" skipped="0" time="0.094079">
        <testcase name="test_command_about_displays_package_information_and_succeed_with_code_0" file="/app/vendor/gammamatrix/playground-test/tests/Feature/Console/Commands/About/CommandTest.php" line="19" class="Tests\Feature\Playground\Test\Console\Commands\About\CommandTest" classname="Tests.Feature.Playground.Test.Console.Commands.About.CommandTest" assertions="2" time="0.094079"/>
      </testsuite>
    </testsuite>
  </testsuite>
</testsuites>
